This file contains any messages produced by compilers while
running configure, to aid debugging if configure makes a mistake.

It was created by libmatchbox configure 1.9, which was
generated by GNU Autoconf 2.61.  Invocation command line was

  $ ./configure --enable-maintainer-mode --prefix /opt/hildon --libdir ${exec_prefix}/lib --disable-static --disable-gtk-doc

## --------- ##
## Platform. ##
## --------- ##

hostname = bruce-desktop
uname -m = i686
uname -r = 2.6.24-23-generic
uname -s = Linux
uname -v = #1 SMP Thu Nov 27 18:44:42 UTC 2008

/usr/bin/uname -p = unknown
/bin/uname -X     = unknown

/bin/arch              = unknown
/usr/bin/arch -k       = unknown
/usr/convex/getsysinfo = unknown
/usr/bin/hostinfo      = unknown
/bin/machine           = unknown
/usr/bin/oslevel       = unknown
/bin/universe          = unknown

PATH: /opt/hildon/bin
PATH: /usr/local/sbin
PATH: /usr/local/bin
PATH: /usr/sbin
PATH: /usr/bin
PATH: /sbin
PATH: /bin
PATH: /usr/games


## ----------- ##
## Core tests. ##
## ----------- ##

configure:2053: checking for a BSD-compatible install
configure:2109: result: /home/bruce/bin/install-check
configure:2120: checking whether build environment is sane
configure:2163: result: yes
configure:2228: checking for gawk
configure:2258: result: no
configure:2228: checking for mawk
configure:2244: found /usr/bin/mawk
configure:2255: result: mawk
configure:2266: checking whether make sets $(MAKE)
configure:2287: result: yes
configure:2529: checking for gcc
configure:2545: found /usr/bin/gcc
configure:2556: result: gcc
configure:2794: checking for C compiler version
configure:2801: gcc --version >&5
gcc (GCC) 4.2.4 (Ubuntu 4.2.4-1ubuntu3)
Copyright (C) 2007 Free Software Foundation, Inc.
This is free software; see the source for copying conditions.  There is NO
warranty; not even for MERCHANTABILITY or FITNESS FOR A PARTICULAR PURPOSE.

configure:2804: $? = 0
configure:2811: gcc -v >&5
Using built-in specs.
Target: i486-linux-gnu
Configured with: ../src/configure -v --enable-languages=c,c++,fortran,objc,obj-c++,treelang --prefix=/usr --enable-shared --with-system-zlib --libexecdir=/usr/lib --without-included-gettext --enable-threads=posix --enable-nls --with-gxx-include-dir=/usr/include/c++/4.2 --program-suffix=-4.2 --enable-clocale=gnu --enable-libstdcxx-debug --enable-objc-gc --enable-mpfr --enable-targets=all --enable-checking=release --build=i486-linux-gnu --host=i486-linux-gnu --target=i486-linux-gnu
Thread model: posix
gcc version 4.2.4 (Ubuntu 4.2.4-1ubuntu3)
configure:2814: $? = 0
configure:2821: gcc -V >&5
gcc: '-V' option must have argument
configure:2824: $? = 1
configure:2847: checking for C compiler default output file name
configure:2874: gcc   -L/opt/hildon/lib  conftest.c  >&5
configure:2877: $? = 0
configure:2915: result: a.out
configure:2932: checking whether the C compiler works
configure:2942: ./a.out
configure:2945: $? = 0
configure:2962: result: yes
configure:2969: checking whether we are cross compiling
configure:2971: result: no
configure:2974: checking for suffix of executables
configure:2981: gcc -o conftest   -L/opt/hildon/lib  conftest.c  >&5
configure:2984: $? = 0
configure:3008: result: 
configure:3014: checking for suffix of object files
configure:3040: gcc -c   conftest.c >&5
configure:3043: $? = 0
configure:3066: result: o
configure:3070: checking whether we are using the GNU C compiler
configure:3099: gcc -c   conftest.c >&5
configure:3105: $? = 0
configure:3122: result: yes
configure:3127: checking whether gcc accepts -g
configure:3157: gcc -c -g  conftest.c >&5
configure:3163: $? = 0
configure:3262: result: yes
configure:3279: checking for gcc option to accept ISO C89
configure:3353: gcc  -c -g -O2  conftest.c >&5
configure:3359: $? = 0
configure:3382: result: none needed
configure:3411: checking for style of include used by make
configure:3439: result: GNU
configure:3467: checking dependency style of gcc
configure:3557: result: gcc3
configure:3652: checking build system type
configure:3670: result: i686-pc-linux-gnu
configure:3692: checking host system type
configure:3707: result: i686-pc-linux-gnu
configure:3729: checking for a sed that does not truncate output
configure:3785: result: /bin/sed
configure:3788: checking for grep that handles long lines and -e
configure:3862: result: /bin/grep
configure:3867: checking for egrep
configure:3945: result: /bin/grep -E
configure:3961: checking for ld used by gcc
configure:4028: result: /usr/bin/ld
configure:4037: checking if the linker (/usr/bin/ld) is GNU ld
configure:4052: result: yes
configure:4057: checking for /usr/bin/ld option to reload object files
configure:4064: result: -r
configure:4082: checking for BSD-compatible nm
configure:4131: result: /usr/bin/nm -B
configure:4135: checking whether ln -s works
configure:4139: result: yes
configure:4146: checking how to recognize dependent libraries
configure:4332: result: pass_all
configure:4577: checking how to run the C preprocessor
configure:4617: gcc -E  conftest.c
configure:4623: $? = 0
configure:4654: gcc -E  conftest.c
conftest.c:11:28: error: ac_nonexistent.h: No such file or directory
configure:4660: $? = 1
configure: failed program was:
| /* confdefs.h.  */
| #define PACKAGE_NAME "libmatchbox"
| #define PACKAGE_TARNAME "libmatchbox"
| #define PACKAGE_VERSION "1.9"
| #define PACKAGE_STRING "libmatchbox 1.9"
| #define PACKAGE_BUGREPORT "mallum@handhelds.org"
| #define PACKAGE "libmatchbox"
| #define VERSION "1.9"
| #define _GNU_SOURCE 1
| /* end confdefs.h.  */
| #include <ac_nonexistent.h>
configure:4693: result: gcc -E
configure:4722: gcc -E  conftest.c
configure:4728: $? = 0
configure:4759: gcc -E  conftest.c
conftest.c:11:28: error: ac_nonexistent.h: No such file or directory
configure:4765: $? = 1
configure: failed program was:
| /* confdefs.h.  */
| #define PACKAGE_NAME "libmatchbox"
| #define PACKAGE_TARNAME "libmatchbox"
| #define PACKAGE_VERSION "1.9"
| #define PACKAGE_STRING "libmatchbox 1.9"
| #define PACKAGE_BUGREPORT "mallum@handhelds.org"
| #define PACKAGE "libmatchbox"
| #define VERSION "1.9"
| #define _GNU_SOURCE 1
| /* end confdefs.h.  */
| #include <ac_nonexistent.h>
configure:4803: checking for ANSI C header files
configure:4833: gcc -c -g -O2  conftest.c >&5
configure:4839: $? = 0
configure:4938: gcc -o conftest -g -O2  -L/opt/hildon/lib  conftest.c  >&5
configure:4941: $? = 0
configure:4947: ./conftest
configure:4950: $? = 0
configure:4967: result: yes
configure:4991: checking for sys/types.h
configure:5012: gcc -c -g -O2  conftest.c >&5
configure:5018: $? = 0
configure:5034: result: yes
configure:4991: checking for sys/stat.h
configure:5012: gcc -c -g -O2  conftest.c >&5
configure:5018: $? = 0
configure:5034: result: yes
configure:4991: checking for stdlib.h
configure:5012: gcc -c -g -O2  conftest.c >&5
configure:5018: $? = 0
configure:5034: result: yes
configure:4991: checking for string.h
configure:5012: gcc -c -g -O2  conftest.c >&5
configure:5018: $? = 0
configure:5034: result: yes
configure:4991: checking for memory.h
configure:5012: gcc -c -g -O2  conftest.c >&5
configure:5018: $? = 0
configure:5034: result: yes
configure:4991: checking for strings.h
configure:5012: gcc -c -g -O2  conftest.c >&5
configure:5018: $? = 0
configure:5034: result: yes
configure:4991: checking for inttypes.h
configure:5012: gcc -c -g -O2  conftest.c >&5
configure:5018: $? = 0
configure:5034: result: yes
configure:4991: checking for stdint.h
configure:5012: gcc -c -g -O2  conftest.c >&5
configure:5018: $? = 0
configure:5034: result: yes
configure:4991: checking for unistd.h
configure:5012: gcc -c -g -O2  conftest.c >&5
configure:5018: $? = 0
configure:5034: result: yes
configure:5061: checking dlfcn.h usability
configure:5078: gcc -c -g -O2  conftest.c >&5
configure:5084: $? = 0
configure:5098: result: yes
configure:5102: checking dlfcn.h presence
configure:5117: gcc -E  conftest.c
configure:5123: $? = 0
configure:5137: result: yes
configure:5170: checking for dlfcn.h
configure:5178: result: yes
configure:5249: checking for g++
configure:5265: found /usr/bin/g++
configure:5276: result: g++
configure:5307: checking for C++ compiler version
configure:5314: g++ --version >&5
g++ (GCC) 4.2.4 (Ubuntu 4.2.4-1ubuntu3)
Copyright (C) 2007 Free Software Foundation, Inc.
This is free software; see the source for copying conditions.  There is NO
warranty; not even for MERCHANTABILITY or FITNESS FOR A PARTICULAR PURPOSE.

configure:5317: $? = 0
configure:5324: g++ -v >&5
Using built-in specs.
Target: i486-linux-gnu
Configured with: ../src/configure -v --enable-languages=c,c++,fortran,objc,obj-c++,treelang --prefix=/usr --enable-shared --with-system-zlib --libexecdir=/usr/lib --without-included-gettext --enable-threads=posix --enable-nls --with-gxx-include-dir=/usr/include/c++/4.2 --program-suffix=-4.2 --enable-clocale=gnu --enable-libstdcxx-debug --enable-objc-gc --enable-mpfr --enable-targets=all --enable-checking=release --build=i486-linux-gnu --host=i486-linux-gnu --target=i486-linux-gnu
Thread model: posix
gcc version 4.2.4 (Ubuntu 4.2.4-1ubuntu3)
configure:5327: $? = 0
configure:5334: g++ -V >&5
g++: '-V' option must have argument
configure:5337: $? = 1
configure:5340: checking whether we are using the GNU C++ compiler
configure:5369: g++ -c   conftest.cpp >&5
configure:5375: $? = 0
configure:5392: result: yes
configure:5397: checking whether g++ accepts -g
configure:5427: g++ -c -g  conftest.cpp >&5
configure:5433: $? = 0
configure:5532: result: yes
configure:5557: checking dependency style of g++
configure:5647: result: gcc3
configure:5674: checking how to run the C++ preprocessor
configure:5710: g++ -E  conftest.cpp
configure:5716: $? = 0
configure:5747: g++ -E  conftest.cpp
conftest.cpp:22:28: error: ac_nonexistent.h: No such file or directory
configure:5753: $? = 1
configure: failed program was:
| /* confdefs.h.  */
| #define PACKAGE_NAME "libmatchbox"
| #define PACKAGE_TARNAME "libmatchbox"
| #define PACKAGE_VERSION "1.9"
| #define PACKAGE_STRING "libmatchbox 1.9"
| #define PACKAGE_BUGREPORT "mallum@handhelds.org"
| #define PACKAGE "libmatchbox"
| #define VERSION "1.9"
| #define _GNU_SOURCE 1
| #define STDC_HEADERS 1
| #define HAVE_SYS_TYPES_H 1
| #define HAVE_SYS_STAT_H 1
| #define HAVE_STDLIB_H 1
| #define HAVE_STRING_H 1
| #define HAVE_MEMORY_H 1
| #define HAVE_STRINGS_H 1
| #define HAVE_INTTYPES_H 1
| #define HAVE_STDINT_H 1
| #define HAVE_UNISTD_H 1
| #define HAVE_DLFCN_H 1
| /* end confdefs.h.  */
| #include <ac_nonexistent.h>
configure:5786: result: g++ -E
configure:5815: g++ -E  conftest.cpp
configure:5821: $? = 0
configure:5852: g++ -E  conftest.cpp
conftest.cpp:22:28: error: ac_nonexistent.h: No such file or directory
configure:5858: $? = 1
configure: failed program was:
| /* confdefs.h.  */
| #define PACKAGE_NAME "libmatchbox"
| #define PACKAGE_TARNAME "libmatchbox"
| #define PACKAGE_VERSION "1.9"
| #define PACKAGE_STRING "libmatchbox 1.9"
| #define PACKAGE_BUGREPORT "mallum@handhelds.org"
| #define PACKAGE "libmatchbox"
| #define VERSION "1.9"
| #define _GNU_SOURCE 1
| #define STDC_HEADERS 1
| #define HAVE_SYS_TYPES_H 1
| #define HAVE_SYS_STAT_H 1
| #define HAVE_STDLIB_H 1
| #define HAVE_STRING_H 1
| #define HAVE_MEMORY_H 1
| #define HAVE_STRINGS_H 1
| #define HAVE_INTTYPES_H 1
| #define HAVE_STDINT_H 1
| #define HAVE_UNISTD_H 1
| #define HAVE_DLFCN_H 1
| /* end confdefs.h.  */
| #include <ac_nonexistent.h>
configure:5951: checking for g77
configure:5981: result: no
configure:5951: checking for xlf
configure:5981: result: no
configure:5951: checking for f77
configure:5981: result: no
configure:5951: checking for frt
configure:5981: result: no
configure:5951: checking for pgf77
configure:5981: result: no
configure:5951: checking for cf77
configure:5981: result: no
configure:5951: checking for fort77
configure:5981: result: no
configure:5951: checking for fl32
configure:5981: result: no
configure:5951: checking for af77
configure:5981: result: no
configure:5951: checking for xlf90
configure:5981: result: no
configure:5951: checking for f90
configure:5981: result: no
configure:5951: checking for pgf90
configure:5981: result: no
configure:5951: checking for pghpf
configure:5981: result: no
configure:5951: checking for epcf90
configure:5981: result: no
configure:5951: checking for gfortran
configure:5981: result: no
configure:5951: checking for g95
configure:5981: result: no
configure:5951: checking for xlf95
configure:5981: result: no
configure:5951: checking for f95
configure:5981: result: no
configure:5951: checking for fort
configure:5981: result: no
configure:5951: checking for ifort
configure:5981: result: no
configure:5951: checking for ifc
configure:5981: result: no
configure:5951: checking for efc
configure:5981: result: no
configure:5951: checking for pgf95
configure:5981: result: no
configure:5951: checking for lf95
configure:5981: result: no
configure:5951: checking for ftn
configure:5981: result: no
configure:6008: checking for Fortran 77 compiler version
configure:6015:  --version >&5
./configure: line 6016: --version: command not found
configure:6018: $? = 127
configure:6025:  -v >&5
./configure: line 6026: -v: command not found
configure:6028: $? = 127
configure:6035:  -V >&5
./configure: line 6036: -V: command not found
configure:6038: $? = 127
configure:6046: checking whether we are using the GNU Fortran 77 compiler
configure:6065:  -c  conftest.F >&5
./configure: line 6066: -c: command not found
configure:6071: $? = 127
configure: failed program was:
|       program main
| #ifndef __GNUC__
|        choke me
| #endif
| 
|       end
configure:6088: result: no
configure:6094: checking whether  accepts -g
configure:6111:  -c -g conftest.f >&5
./configure: line 6112: -c: command not found
configure:6117: $? = 127
configure: failed program was:
|       program main
| 
|       end
configure:6133: result: no
configure:6162: checking the maximum length of command line arguments
configure:6274: result: 98304
configure:6286: checking command to parse /usr/bin/nm -B output from gcc object
configure:6391: gcc -c -g -O2  conftest.c >&5
configure:6394: $? = 0
configure:6398: /usr/bin/nm -B conftest.o \| sed -n -e 's/^.*[ 	]\([ABCDGIRSTW][ABCDGIRSTW]*\)[ 	][ 	]*\([_A-Za-z][_A-Za-z0-9]*\)$/\1 \2 \2/p' \> conftest.nm
configure:6401: $? = 0
configure:6453: gcc -o conftest -g -O2  -L/opt/hildon/lib  conftest.c conftstm.o >&5
configure:6456: $? = 0
configure:6494: result: ok
configure:6498: checking for objdir
configure:6513: result: .libs
configure:6605: checking for ar
configure:6621: found /usr/bin/ar
configure:6632: result: ar
configure:6701: checking for ranlib
configure:6717: found /usr/bin/ranlib
configure:6728: result: ranlib
configure:6797: checking for strip
configure:6813: found /usr/bin/strip
configure:6824: result: strip
configure:7422: checking if gcc supports -fno-rtti -fno-exceptions
configure:7440: gcc -c -g -O2  -fno-rtti -fno-exceptions conftest.c >&5
cc1: warning: command line option "-fno-rtti" is valid for C++/ObjC++ but not for C
configure:7444: $? = 0
configure:7457: result: no
configure:7472: checking for gcc option to produce PIC
configure:7704: result: -fPIC
configure:7712: checking if gcc PIC flag -fPIC works
configure:7730: gcc -c -g -O2  -fPIC -DPIC conftest.c >&5
configure:7734: $? = 0
configure:7747: result: yes
configure:7775: checking if gcc static flag -static works
configure:7803: result: yes
configure:7813: checking if gcc supports -c -o file.o
configure:7834: gcc -c -g -O2  -o out/conftest2.o conftest.c >&5
configure:7838: $? = 0
configure:7860: result: yes
configure:7886: checking whether the gcc linker (/usr/bin/ld) supports shared libraries
configure:8867: result: yes
configure:8888: checking whether -lc should be explicitly linked in
configure:8893: gcc -c -g -O2  conftest.c >&5
configure:8896: $? = 0
configure:8911: gcc -shared conftest.o  -v -Wl,-soname -Wl,conftest -o conftest 2\>\&1 \| grep  -lc  \>/dev/null 2\>\&1
configure:8914: $? = 0
configure:8926: result: no
configure:8934: checking dynamic linker characteristics
configure:9548: result: GNU/Linux ld.so
configure:9572: checking how to hardcode library paths into programs
configure:9597: result: immediate
configure:9611: checking whether stripping libraries is possible
configure:9616: result: yes
configure:10418: checking if libtool supports shared libraries
configure:10420: result: yes
configure:10423: checking whether to build shared libraries
configure:10444: result: yes
configure:10447: checking whether to build static libraries
configure:10451: result: no
configure:10545: creating libtool
configure:11138: checking for ld used by g++
configure:11205: result: /usr/bin/ld
configure:11214: checking if the linker (/usr/bin/ld) is GNU ld
configure:11229: result: yes
configure:11280: checking whether the g++ linker (/usr/bin/ld) supports shared libraries
configure:12226: result: yes
configure:12243: g++ -c -g -O2  conftest.cpp >&5
configure:12246: $? = 0
configure:12402: checking for g++ option to produce PIC
configure:12686: result: -fPIC
configure:12694: checking if g++ PIC flag -fPIC works
configure:12712: g++ -c -g -O2  -fPIC -DPIC conftest.cpp >&5
configure:12716: $? = 0
configure:12729: result: yes
configure:12757: checking if g++ static flag -static works
configure:12785: result: yes
configure:12795: checking if g++ supports -c -o file.o
configure:12816: g++ -c -g -O2  -o out/conftest2.o conftest.cpp >&5
configure:12820: $? = 0
configure:12842: result: yes
configure:12868: checking whether the g++ linker (/usr/bin/ld) supports shared libraries
configure:12897: result: yes
configure:12964: checking dynamic linker characteristics
configure:13526: result: GNU/Linux ld.so
configure:13550: checking how to hardcode library paths into programs
configure:13575: result: immediate
configure:19984: checking for pkg-config
configure:20002: found /usr/bin/pkg-config
configure:20014: result: /usr/bin/pkg-config
configure:20043: checking pkg-config is at least version 0.9.0
configure:20046: result: yes
configure:20057: checking for X11
configure:20065: $PKG_CONFIG --exists --print-errors "x11"
configure:20068: $? = 0
configure:20083: $PKG_CONFIG --exists --print-errors "x11"
configure:20086: $? = 0
configure:20122: result: yes
configure:20141: checking for XLIBS
configure:20149: $PKG_CONFIG --exists --print-errors "x11 xext  $xft_pkg"
configure:20152: $? = 0
configure:20167: $PKG_CONFIG --exists --print-errors "x11 xext  $xft_pkg"
configure:20170: $? = 0
configure:20246: result: yes
configure:21759: checking for libpng12
configure:21762: result: yes
configure:22590: checking for dirent.h that defines DIR
configure:22619: gcc -c -g -O2  conftest.c >&5
configure:22625: $? = 0
configure:22641: result: yes
configure:22654: checking for library containing opendir
configure:22695: gcc -o conftest -g -O2  -L/opt/hildon/lib  conftest.c  >&5
configure:22701: $? = 0
configure:22729: result: none required
configure:22823: checking for ANSI C header files
configure:22987: result: yes
configure:22997: checking for sys/wait.h that is POSIX.1 compatible
configure:23033: gcc -c -g -O2  conftest.c >&5
configure:23039: $? = 0
configure:23054: result: yes
configure:23084: checking langinfo.h usability
configure:23101: gcc -c -g -O2  conftest.c >&5
configure:23107: $? = 0
configure:23121: result: yes
configure:23125: checking langinfo.h presence
configure:23140: gcc -E  conftest.c
configure:23146: $? = 0
configure:23160: result: yes
configure:23193: checking for langinfo.h
configure:23201: result: yes
configure:23084: checking locale.h usability
configure:23101: gcc -c -g -O2  conftest.c >&5
configure:23107: $? = 0
configure:23121: result: yes
configure:23125: checking locale.h presence
configure:23140: gcc -E  conftest.c
configure:23146: $? = 0
configure:23160: result: yes
configure:23193: checking for locale.h
configure:23201: result: yes
configure:23074: checking for stdlib.h
configure:23080: result: yes
configure:23074: checking for string.h
configure:23080: result: yes
configure:23084: checking sys/time.h usability
configure:23101: gcc -c -g -O2  conftest.c >&5
configure:23107: $? = 0
configure:23121: result: yes
configure:23125: checking sys/time.h presence
configure:23140: gcc -E  conftest.c
configure:23146: $? = 0
configure:23160: result: yes
configure:23193: checking for sys/time.h
configure:23201: result: yes
configure:23074: checking for unistd.h
configure:23080: result: yes
configure:23216: checking for an ANSI C-conforming const
configure:23291: gcc -c -g -O2  conftest.c >&5
configure:23297: $? = 0
configure:23312: result: yes
configure:23322: checking for pid_t
configure:23352: gcc -c -g -O2  conftest.c >&5
configure:23358: $? = 0
configure:23373: result: yes
configure:23385: checking for size_t
configure:23415: gcc -c -g -O2  conftest.c >&5
configure:23421: $? = 0
configure:23436: result: yes
configure:23448: checking whether time.h and sys/time.h may both be included
configure:23478: gcc -c -g -O2  conftest.c >&5
configure:23484: $? = 0
configure:23499: result: yes
configure:23513: checking for working alloca.h
configure:23540: gcc -o conftest -g -O2  -L/opt/hildon/lib  conftest.c  >&5
configure:23546: $? = 0
configure:23563: result: yes
configure:23573: checking for alloca
configure:23620: gcc -o conftest -g -O2  -L/opt/hildon/lib  conftest.c  >&5
configure:23626: $? = 0
configure:23643: result: yes
configure:23870: checking whether closedir returns void
configure:23904: gcc -o conftest -g -O2  -L/opt/hildon/lib  conftest.c  >&5
configure:23907: $? = 0
configure:23913: ./conftest
configure:23916: $? = 0
configure:23932: result: no
configure:23942: checking whether lstat dereferences a symlink specified with a trailing slash
configure:23978: gcc -o conftest -g -O2  -L/opt/hildon/lib  conftest.c  >&5
configure:23981: $? = 0
configure:23987: ./conftest
configure:23990: $? = 0
configure:24013: result: yes
configure:24032: checking whether lstat accepts an empty string
configure:24062: gcc -o conftest -g -O2  -L/opt/hildon/lib  conftest.c  >&5
configure:24065: $? = 0
configure:24071: ./conftest
configure:24074: $? = 0
configure:24090: result: no
configure:24106: checking whether lstat dereferences a symlink specified with a trailing slash
configure:24177: result: yes
configure:24212: checking sys/select.h usability
configure:24229: gcc -c -g -O2  conftest.c >&5
configure:24235: $? = 0
configure:24249: result: yes
configure:24253: checking sys/select.h presence
configure:24268: gcc -E  conftest.c
configure:24274: $? = 0
configure:24288: result: yes
configure:24321: checking for sys/select.h
configure:24329: result: yes
configure:24212: checking sys/socket.h usability
configure:24229: gcc -c -g -O2  conftest.c >&5
configure:24235: $? = 0
configure:24249: result: yes
configure:24253: checking sys/socket.h presence
configure:24268: gcc -E  conftest.c
configure:24274: $? = 0
configure:24288: result: yes
configure:24321: checking for sys/socket.h
configure:24329: result: yes
configure:24342: checking types of arguments for select
configure:24380: gcc -c -g -O2  conftest.c >&5
configure:24386: $? = 0
configure:24407: result: int,fd_set *,struct timeval *
configure:24430: checking whether stat accepts an empty string
configure:24460: gcc -o conftest -g -O2  -L/opt/hildon/lib  conftest.c  >&5
configure:24463: $? = 0
configure:24469: ./conftest
configure:24472: $? = 0
configure:24488: result: no
configure:24504: checking for working strcoll
configure:24535: gcc -o conftest -g -O2  -L/opt/hildon/lib  conftest.c  >&5
configure:24538: $? = 0
configure:24544: ./conftest
configure:24547: $? = 0
configure:24563: result: yes
configure:24584: checking for memset
configure:24640: gcc -o conftest -g -O2  -L/opt/hildon/lib  conftest.c  >&5
conftest.c:67: warning: conflicting types for built-in function 'memset'
configure:24646: $? = 0
configure:24664: result: yes
configure:24584: checking for select
configure:24640: gcc -o conftest -g -O2  -L/opt/hildon/lib  conftest.c  >&5
configure:24646: $? = 0
configure:24664: result: yes
configure:24584: checking for setlocale
configure:24640: gcc -o conftest -g -O2  -L/opt/hildon/lib  conftest.c  >&5
configure:24646: $? = 0
configure:24664: result: yes
configure:24584: checking for strcasecmp
configure:24640: gcc -o conftest -g -O2  -L/opt/hildon/lib  conftest.c  >&5
conftest.c:70: warning: conflicting types for built-in function 'strcasecmp'
configure:24646: $? = 0
configure:24664: result: yes
configure:24584: checking for strchr
configure:24640: gcc -o conftest -g -O2  -L/opt/hildon/lib  conftest.c  >&5
conftest.c:71: warning: conflicting types for built-in function 'strchr'
configure:24646: $? = 0
configure:24664: result: yes
configure:24584: checking for strdup
configure:24640: gcc -o conftest -g -O2  -L/opt/hildon/lib  conftest.c  >&5
conftest.c:72: warning: conflicting types for built-in function 'strdup'
configure:24646: $? = 0
configure:24664: result: yes
configure:24584: checking for strncasecmp
configure:24640: gcc -o conftest -g -O2  -L/opt/hildon/lib  conftest.c  >&5
conftest.c:73: warning: conflicting types for built-in function 'strncasecmp'
configure:24646: $? = 0
configure:24664: result: yes
configure:24584: checking for strstr
configure:24640: gcc -o conftest -g -O2  -L/opt/hildon/lib  conftest.c  >&5
conftest.c:74: warning: conflicting types for built-in function 'strstr'
configure:24646: $? = 0
configure:24664: result: yes
configure:24675: checking whether byte ordering is bigendian
configure:24708: gcc -c -g -O2  conftest.c >&5
configure:24714: $? = 0
configure:24746: gcc -c -g -O2  conftest.c >&5
conftest.c: In function 'main':
conftest.c:59: error: 'not' undeclared (first use in this function)
conftest.c:59: error: (Each undeclared identifier is reported only once
conftest.c:59: error: for each function it appears in.)
conftest.c:59: error: expected ';' before 'big'
configure:24752: $? = 1
configure: failed program was:
| /* confdefs.h.  */
| #define PACKAGE_NAME "libmatchbox"
| #define PACKAGE_TARNAME "libmatchbox"
| #define PACKAGE_VERSION "1.9"
| #define PACKAGE_STRING "libmatchbox 1.9"
| #define PACKAGE_BUGREPORT "mallum@handhelds.org"
| #define PACKAGE "libmatchbox"
| #define VERSION "1.9"
| #define _GNU_SOURCE 1
| #define STDC_HEADERS 1
| #define HAVE_SYS_TYPES_H 1
| #define HAVE_SYS_STAT_H 1
| #define HAVE_STDLIB_H 1
| #define HAVE_STRING_H 1
| #define HAVE_MEMORY_H 1
| #define HAVE_STRINGS_H 1
| #define HAVE_INTTYPES_H 1
| #define HAVE_STDINT_H 1
| #define HAVE_UNISTD_H 1
| #define HAVE_DLFCN_H 1
| #define USE_XFT 1
| #define USE_PNG 1
| #define HAVE_DIRENT_H 1
| #define STDC_HEADERS 1
| #define HAVE_SYS_WAIT_H 1
| #define HAVE_LANGINFO_H 1
| #define HAVE_LOCALE_H 1
| #define HAVE_STDLIB_H 1
| #define HAVE_STRING_H 1
| #define HAVE_SYS_TIME_H 1
| #define HAVE_UNISTD_H 1
| #define TIME_WITH_SYS_TIME 1
| #define HAVE_ALLOCA_H 1
| #define HAVE_ALLOCA 1
| #define LSTAT_FOLLOWS_SLASHED_SYMLINK 1
| #define LSTAT_FOLLOWS_SLASHED_SYMLINK 1
| #define HAVE_SYS_SELECT_H 1
| #define HAVE_SYS_SOCKET_H 1
| #define SELECT_TYPE_ARG1 int
| #define SELECT_TYPE_ARG234 (fd_set *)
| #define SELECT_TYPE_ARG5 (struct timeval *)
| #define HAVE_STRCOLL 1
| #define HAVE_MEMSET 1
| #define HAVE_SELECT 1
| #define HAVE_SETLOCALE 1
| #define HAVE_STRCASECMP 1
| #define HAVE_STRCHR 1
| #define HAVE_STRDUP 1
| #define HAVE_STRNCASECMP 1
| #define HAVE_STRSTR 1
| /* end confdefs.h.  */
| #include <sys/types.h>
| #include <sys/param.h>
| 
| int
| main ()
| {
| #if BYTE_ORDER != BIG_ENDIAN
|  not big endian
| #endif
| 
|   ;
|   return 0;
| }
configure:24892: result: no
configure:25049: creating ./config.status

## ---------------------- ##
## Running config.status. ##
## ---------------------- ##

This file was extended by libmatchbox config.status 1.9, which was
generated by GNU Autoconf 2.61.  Invocation command line was

  CONFIG_FILES    = 
  CONFIG_HEADERS  = 
  CONFIG_LINKS    = 
  CONFIG_COMMANDS = 
  $ ./config.status 

on bruce-desktop

config.status:705: creating Makefile
config.status:705: creating libmb.pc
config.status:705: creating libmb/Makefile
config.status:705: creating libmb/mbconfig.h
config.status:705: creating doc/Doxyfile
config.status:705: creating doc/Makefile
config.status:705: creating tests/Makefile
config.status:705: creating tests/menu/Makefile
config.status:705: creating config.h
config.status:1010: executing depfiles commands

## ---------------- ##
## Cache variables. ##
## ---------------- ##

ac_cv_build=i686-pc-linux-gnu
ac_cv_c_bigendian=no
ac_cv_c_compiler_gnu=yes
ac_cv_c_const=yes
ac_cv_cxx_compiler_gnu=yes
ac_cv_env_CCC_set=
ac_cv_env_CCC_value=
ac_cv_env_CC_set=
ac_cv_env_CC_value=
ac_cv_env_CFLAGS_set=
ac_cv_env_CFLAGS_value=
ac_cv_env_CPPFLAGS_set=
ac_cv_env_CPPFLAGS_value=
ac_cv_env_CPP_set=
ac_cv_env_CPP_value=
ac_cv_env_CXXCPP_set=
ac_cv_env_CXXCPP_value=
ac_cv_env_CXXFLAGS_set=
ac_cv_env_CXXFLAGS_value=
ac_cv_env_CXX_set=
ac_cv_env_CXX_value=
ac_cv_env_F77_set=
ac_cv_env_F77_value=
ac_cv_env_FFLAGS_set=
ac_cv_env_FFLAGS_value=
ac_cv_env_LDFLAGS_set=set
ac_cv_env_LDFLAGS_value='-L/opt/hildon/lib '
ac_cv_env_LIBS_set=
ac_cv_env_LIBS_value=
ac_cv_env_PANGO_CFLAGS_set=
ac_cv_env_PANGO_CFLAGS_value=
ac_cv_env_PANGO_LIBS_set=
ac_cv_env_PANGO_LIBS_value=
ac_cv_env_PKG_CONFIG_set=
ac_cv_env_PKG_CONFIG_value=
ac_cv_env_X11_CFLAGS_set=
ac_cv_env_X11_CFLAGS_value=
ac_cv_env_X11_LIBS_set=
ac_cv_env_X11_LIBS_value=
ac_cv_env_XLIBS_CFLAGS_set=
ac_cv_env_XLIBS_CFLAGS_value=
ac_cv_env_XLIBS_LIBS_set=
ac_cv_env_XLIBS_LIBS_value=
ac_cv_env_XMKMF_set=
ac_cv_env_XMKMF_value=
ac_cv_env_build_alias_set=
ac_cv_env_build_alias_value=
ac_cv_env_host_alias_set=
ac_cv_env_host_alias_value=
ac_cv_env_target_alias_set=
ac_cv_env_target_alias_value=
ac_cv_f77_compiler_gnu=no
ac_cv_func_alloca_works=yes
ac_cv_func_closedir_void=no
ac_cv_func_lstat_dereferences_slashed_symlink=yes
ac_cv_func_lstat_empty_string_bug=no
ac_cv_func_memset=yes
ac_cv_func_select=yes
ac_cv_func_select_args='int,fd_set *,struct timeval *'
ac_cv_func_setlocale=yes
ac_cv_func_stat_empty_string_bug=no
ac_cv_func_strcasecmp=yes
ac_cv_func_strchr=yes
ac_cv_func_strcoll_works=yes
ac_cv_func_strdup=yes
ac_cv_func_strncasecmp=yes
ac_cv_func_strstr=yes
ac_cv_header_dirent_dirent_h=yes
ac_cv_header_dlfcn_h=yes
ac_cv_header_inttypes_h=yes
ac_cv_header_langinfo_h=yes
ac_cv_header_locale_h=yes
ac_cv_header_memory_h=yes
ac_cv_header_stdc=yes
ac_cv_header_stdint_h=yes
ac_cv_header_stdlib_h=yes
ac_cv_header_string_h=yes
ac_cv_header_strings_h=yes
ac_cv_header_sys_select_h=yes
ac_cv_header_sys_socket_h=yes
ac_cv_header_sys_stat_h=yes
ac_cv_header_sys_time_h=yes
ac_cv_header_sys_types_h=yes
ac_cv_header_sys_wait_h=yes
ac_cv_header_time=yes
ac_cv_header_unistd_h=yes
ac_cv_host=i686-pc-linux-gnu
ac_cv_objext=o
ac_cv_path_EGREP='/bin/grep -E'
ac_cv_path_GREP=/bin/grep
ac_cv_path_ac_pt_PKG_CONFIG=/usr/bin/pkg-config
ac_cv_prog_AWK=mawk
ac_cv_prog_CPP='gcc -E'
ac_cv_prog_CXXCPP='g++ -E'
ac_cv_prog_ac_ct_AR=ar
ac_cv_prog_ac_ct_CC=gcc
ac_cv_prog_ac_ct_CXX=g++
ac_cv_prog_ac_ct_RANLIB=ranlib
ac_cv_prog_ac_ct_STRIP=strip
ac_cv_prog_cc_c89=
ac_cv_prog_cc_g=yes
ac_cv_prog_cxx_g=yes
ac_cv_prog_f77_g=no
ac_cv_prog_make_make_set=yes
ac_cv_search_opendir='none required'
ac_cv_type_pid_t=yes
ac_cv_type_size_t=yes
ac_cv_working_alloca_h=yes
am_cv_CC_dependencies_compiler_type=gcc3
am_cv_CXX_dependencies_compiler_type=gcc3
lt_cv_deplibs_check_method=pass_all
lt_cv_file_magic_cmd='$MAGIC_CMD'
lt_cv_file_magic_test_file=
lt_cv_ld_reload_flag=-r
lt_cv_objdir=.libs
lt_cv_path_LD=/usr/bin/ld
lt_cv_path_LDCXX=/usr/bin/ld
lt_cv_path_NM='/usr/bin/nm -B'
lt_cv_path_SED=/bin/sed
lt_cv_prog_compiler_c_o=yes
lt_cv_prog_compiler_c_o_CXX=yes
lt_cv_prog_compiler_pic_works=yes
lt_cv_prog_compiler_pic_works_CXX=yes
lt_cv_prog_compiler_rtti_exceptions=no
lt_cv_prog_compiler_static_works=yes
lt_cv_prog_compiler_static_works_CXX=yes
lt_cv_prog_gnu_ld=yes
lt_cv_prog_gnu_ldcxx=yes
lt_cv_sys_global_symbol_pipe='sed -n -e '\''s/^.*[ 	]\([ABCDGIRSTW][ABCDGIRSTW]*\)[ 	][ 	]*\([_A-Za-z][_A-Za-z0-9]*\)$/\1 \2 \2/p'\'''
lt_cv_sys_global_symbol_to_c_name_address='sed -n -e '\''s/^: \([^ ]*\) $/  {\"\1\", (lt_ptr) 0},/p'\'' -e '\''s/^[BCDEGRST] \([^ ]*\) \([^ ]*\)$/  {"\2", (lt_ptr) \&\2},/p'\'''
lt_cv_sys_global_symbol_to_cdecl='sed -n -e '\''s/^. .* \(.*\)$/extern int \1;/p'\'''
lt_cv_sys_lib_dlsearch_path_spec='/lib /usr/lib /lib/i486-linux-gnu /usr/lib/i486-linux-gnu /usr/local/lib '
lt_cv_sys_lib_search_path_spec='/usr/lib/gcc/i486-linux-gnu/4.2.4 /usr/lib /lib'
lt_cv_sys_max_cmd_len=98304
lt_lt_cv_prog_compiler_c_o='"yes"'
lt_lt_cv_prog_compiler_c_o_CXX='"yes"'
lt_lt_cv_sys_global_symbol_pipe='"sed -n -e '\''s/^.*[ 	]\\([ABCDGIRSTW][ABCDGIRSTW]*\\)[ 	][ 	]*\\([_A-Za-z][_A-Za-z0-9]*\\)\$/\\1 \\2 \\2/p'\''"'
lt_lt_cv_sys_global_symbol_to_c_name_address='"sed -n -e '\''s/^: \\([^ ]*\\) \$/  {\\\"\\1\\\", (lt_ptr) 0},/p'\'' -e '\''s/^[BCDEGRST] \\([^ ]*\\) \\([^ ]*\\)\$/  {\"\\2\", (lt_ptr) \\&\\2},/p'\''"'
lt_lt_cv_sys_global_symbol_to_cdecl='"sed -n -e '\''s/^. .* \\(.*\\)\$/extern int \\1;/p'\''"'
pkg_cv_X11_CFLAGS=' '
pkg_cv_X11_LIBS='-lX11  '
pkg_cv_XLIBS_CFLAGS='-I/usr/include/freetype2  '
pkg_cv_XLIBS_LIBS='-lX11 -lXext -lXft -lfontconfig  '

## ----------------- ##
## Output variables. ##
## ----------------- ##

ACLOCAL='${SHELL} /home/bruce/code/hildon/libmatchbox/missing --run aclocal-1.9'
ALLOCA=''
AMDEPBACKSLASH='\'
AMDEP_FALSE='#'
AMDEP_TRUE=''
AMTAR='${SHELL} /home/bruce/code/hildon/libmatchbox/missing --run tar'
AR='ar'
AUTOCONF='${SHELL} /home/bruce/code/hildon/libmatchbox/missing --run autoconf'
AUTOHEADER='${SHELL} /home/bruce/code/hildon/libmatchbox/missing --run autoheader'
AUTOMAKE='${SHELL} /home/bruce/code/hildon/libmatchbox/missing --run automake-1.9'
AWK='mawk'
CC='gcc'
CCDEPMODE='depmode=gcc3'
CFLAGS='-g -O2'
CHECK_CFLAGS=''
CHECK_LIBS=''
CPP='gcc -E'
CPPFLAGS=''
CXX='g++'
CXXCPP='g++ -E'
CXXDEPMODE='depmode=gcc3'
CXXFLAGS='-g -O2'
CYGPATH_W='echo'
DEFS='-DHAVE_CONFIG_H'
DEPDIR='.deps'
DOXYGEN=''
DSYMUTIL=''
ECHO='echo'
ECHO_C=''
ECHO_N='-n'
ECHO_T=''
EGREP='/bin/grep -E'
EXEEXT=''
F77=''
FFLAGS=''
GCC_WARNINGS='-g -Wall -fno-strict-aliasing '
GREP='/bin/grep'
HAVE_CHECK_FALSE=''
HAVE_CHECK_TRUE='#'
HAVE_DOXYGEN_FALSE=''
HAVE_DOXYGEN_TRUE='#'
INSTALL_DATA='${INSTALL} -m 644'
INSTALL_PROGRAM='${INSTALL}'
INSTALL_SCRIPT='${INSTALL}'
INSTALL_STRIP_PROGRAM='${SHELL} $(install_sh) -c -s'
JPEG_LIBS=''
LDFLAGS='-L/opt/hildon/lib '
LIBOBJS=''
LIBS=''
LIBTOOL='$(SHELL) $(top_builddir)/libtool'
LN_S='ln -s'
LTLIBOBJS=''
MAKEINFO='${SHELL} /home/bruce/code/hildon/libmatchbox/missing --run makeinfo'
MB_EXTRA_CFLAGS=' -I/usr/include/freetype2  '
MB_EXTRA_LIBS=''
NMEDIT=''
OBJEXT='o'
PACKAGE='libmatchbox'
PACKAGE_BUGREPORT='mallum@handhelds.org'
PACKAGE_NAME='libmatchbox'
PACKAGE_STRING='libmatchbox 1.9'
PACKAGE_TARNAME='libmatchbox'
PACKAGE_VERSION='1.9'
PANGO_CFLAGS=''
PANGO_LIBS=''
PANGO_REQUIRED=''
PATH_SEPARATOR=':'
PKG_CONFIG='/usr/bin/pkg-config'
PNG_CFLAGS='-I/usr/include/libpng12  '
PNG_LIBS='-lpng12  '
PNG_REQUIRED='libpng12'
RANLIB='ranlib'
SED='/bin/sed'
SET_MAKE=''
SHELL='/bin/bash'
STRIP='strip'
SUPPORTS_JPEG='0'
SUPPORTS_PANGO='0'
SUPPORTS_PNG='1'
SUPPORTS_XFT='1'
VERSION='1.9'
X11_CFLAGS=' '
X11_LIBS='-lX11  '
XFT_CONFIG=''
XLIBS_CFLAGS='-I/usr/include/freetype2  '
XLIBS_LIBS='-lX11 -lXext -lXft -lfontconfig  '
XLIBS_REQUIRED='x11 xext'
XMKMF=''
XSET_CFLAGS=''
XSET_LIBS=''
X_CFLAGS=''
X_EXTRA_LIBS=''
X_LIBS=''
X_PRE_LIBS=''
ac_ct_CC='gcc'
ac_ct_CXX='g++'
ac_ct_F77=''
am__fastdepCC_FALSE='#'
am__fastdepCC_TRUE=''
am__fastdepCXX_FALSE='#'
am__fastdepCXX_TRUE=''
am__include='include'
am__leading_dot='.'
am__quote=''
am__tar='${AMTAR} chof - "$$tardir"'
am__untar='${AMTAR} xf -'
bindir='${exec_prefix}/bin'
build='i686-pc-linux-gnu'
build_alias=''
build_cpu='i686'
build_os='linux-gnu'
build_vendor='pc'
datadir='${datarootdir}'
datarootdir='${prefix}/share'
docdir='${datarootdir}/doc/${PACKAGE_TARNAME}'
dvidir='${docdir}'
exec_prefix='${prefix}'
host='i686-pc-linux-gnu'
host_alias=''
host_cpu='i686'
host_os='linux-gnu'
host_vendor='pc'
htmldir='${docdir}'
includedir='${prefix}/include'
infodir='${datarootdir}/info'
install_sh='/home/bruce/code/hildon/libmatchbox/install-sh'
libdir='${exec_prefix}/lib'
libexecdir='${exec_prefix}/libexec'
localedir='${datarootdir}/locale'
localstatedir='${prefix}/var'
mandir='${datarootdir}/man'
mkdir_p='mkdir -p --'
oldincludedir='/usr/include'
pdfdir='${docdir}'
prefix='/opt/hildon'
program_transform_name='s,x,x,'
psdir='${docdir}'
sbindir='${exec_prefix}/sbin'
sharedstatedir='${prefix}/com'
sysconfdir='${prefix}/etc'
target_alias=''

## ----------- ##
## confdefs.h. ##
## ----------- ##

#define PACKAGE_NAME "libmatchbox"
#define PACKAGE_TARNAME "libmatchbox"
#define PACKAGE_VERSION "1.9"
#define PACKAGE_STRING "libmatchbox 1.9"
#define PACKAGE_BUGREPORT "mallum@handhelds.org"
#define PACKAGE "libmatchbox"
#define VERSION "1.9"
#define _GNU_SOURCE 1
#define STDC_HEADERS 1
#define HAVE_SYS_TYPES_H 1
#define HAVE_SYS_STAT_H 1
#define HAVE_STDLIB_H 1
#define HAVE_STRING_H 1
#define HAVE_MEMORY_H 1
#define HAVE_STRINGS_H 1
#define HAVE_INTTYPES_H 1
#define HAVE_STDINT_H 1
#define HAVE_UNISTD_H 1
#define HAVE_DLFCN_H 1
#define USE_XFT 1
#define USE_PNG 1
#define HAVE_DIRENT_H 1
#define STDC_HEADERS 1
#define HAVE_SYS_WAIT_H 1
#define HAVE_LANGINFO_H 1
#define HAVE_LOCALE_H 1
#define HAVE_STDLIB_H 1
#define HAVE_STRING_H 1
#define HAVE_SYS_TIME_H 1
#define HAVE_UNISTD_H 1
#define TIME_WITH_SYS_TIME 1
#define HAVE_ALLOCA_H 1
#define HAVE_ALLOCA 1
#define LSTAT_FOLLOWS_SLASHED_SYMLINK 1
#define LSTAT_FOLLOWS_SLASHED_SYMLINK 1
#define HAVE_SYS_SELECT_H 1
#define HAVE_SYS_SOCKET_H 1
#define SELECT_TYPE_ARG1 int
#define SELECT_TYPE_ARG234 (fd_set *)
#define SELECT_TYPE_ARG5 (struct timeval *)
#define HAVE_STRCOLL 1
#define HAVE_MEMSET 1
#define HAVE_SELECT 1
#define HAVE_SETLOCALE 1
#define HAVE_STRCASECMP 1
#define HAVE_STRCHR 1
#define HAVE_STRDUP 1
#define HAVE_STRNCASECMP 1
#define HAVE_STRSTR 1

configure: exit 0
