This file contains any messages produced by compilers while
running configure, to aid debugging if configure makes a mistake.

It was created by configure, which was
generated by GNU Autoconf 2.61.  Invocation command line was

  $ ./configure --enable-maintainer-mode --prefix /opt/hildon --libdir ${exec_prefix}/lib --disable-static --disable-gtk-doc

## --------- ##
## Platform. ##
## --------- ##

hostname = bruce-desktop
uname -m = i686
uname -r = 2.6.24-23-generic
uname -s = Linux
uname -v = #1 SMP Thu Nov 27 18:44:42 UTC 2008

/usr/bin/uname -p = unknown
/bin/uname -X     = unknown

/bin/arch              = unknown
/usr/bin/arch -k       = unknown
/usr/convex/getsysinfo = unknown
/usr/bin/hostinfo      = unknown
/bin/machine           = unknown
/usr/bin/oslevel       = unknown
/bin/universe          = unknown

PATH: /opt/hildon/bin
PATH: /usr/local/sbin
PATH: /usr/local/bin
PATH: /usr/sbin
PATH: /usr/bin
PATH: /sbin
PATH: /bin
PATH: /usr/games


## ----------- ##
## Core tests. ##
## ----------- ##

configure:1744: checking for a BSD-compatible install
configure:1800: result: /home/bruce/bin/install-check
configure:1811: checking whether build environment is sane
configure:1854: result: yes
configure:1919: checking for gawk
configure:1949: result: no
configure:1919: checking for mawk
configure:1935: found /usr/bin/mawk
configure:1946: result: mawk
configure:1957: checking whether make sets $(MAKE)
configure:1978: result: yes
configure:2171: checking build system type
configure:2189: result: i686-pc-linux-gnu
configure:2211: checking host system type
configure:2226: result: i686-pc-linux-gnu
configure:2297: checking for gcc
configure:2313: found /usr/bin/gcc
configure:2324: result: gcc
configure:2562: checking for C compiler version
configure:2569: gcc --version >&5
gcc (GCC) 4.2.4 (Ubuntu 4.2.4-1ubuntu3)
Copyright (C) 2007 Free Software Foundation, Inc.
This is free software; see the source for copying conditions.  There is NO
warranty; not even for MERCHANTABILITY or FITNESS FOR A PARTICULAR PURPOSE.

configure:2572: $? = 0
configure:2579: gcc -v >&5
Using built-in specs.
Target: i486-linux-gnu
Configured with: ../src/configure -v --enable-languages=c,c++,fortran,objc,obj-c++,treelang --prefix=/usr --enable-shared --with-system-zlib --libexecdir=/usr/lib --without-included-gettext --enable-threads=posix --enable-nls --with-gxx-include-dir=/usr/include/c++/4.2 --program-suffix=-4.2 --enable-clocale=gnu --enable-libstdcxx-debug --enable-objc-gc --enable-mpfr --enable-targets=all --enable-checking=release --build=i486-linux-gnu --host=i486-linux-gnu --target=i486-linux-gnu
Thread model: posix
gcc version 4.2.4 (Ubuntu 4.2.4-1ubuntu3)
configure:2582: $? = 0
configure:2589: gcc -V >&5
gcc: '-V' option must have argument
configure:2592: $? = 1
configure:2615: checking for C compiler default output file name
configure:2642: gcc   -L/opt/hildon/lib  conftest.c  >&5
configure:2645: $? = 0
configure:2683: result: a.out
configure:2700: checking whether the C compiler works
configure:2710: ./a.out
configure:2713: $? = 0
configure:2730: result: yes
configure:2737: checking whether we are cross compiling
configure:2739: result: no
configure:2742: checking for suffix of executables
configure:2749: gcc -o conftest   -L/opt/hildon/lib  conftest.c  >&5
configure:2752: $? = 0
configure:2776: result: 
configure:2782: checking for suffix of object files
configure:2808: gcc -c   conftest.c >&5
configure:2811: $? = 0
configure:2834: result: o
configure:2838: checking whether we are using the GNU C compiler
configure:2867: gcc -c   conftest.c >&5
configure:2873: $? = 0
configure:2890: result: yes
configure:2895: checking whether gcc accepts -g
configure:2925: gcc -c -g  conftest.c >&5
configure:2931: $? = 0
configure:3030: result: yes
configure:3047: checking for gcc option to accept ISO C89
configure:3121: gcc  -c -g -O2  conftest.c >&5
configure:3127: $? = 0
configure:3150: result: none needed
configure:3179: checking for style of include used by make
configure:3207: result: GNU
configure:3235: checking dependency style of gcc
configure:3325: result: gcc3
configure:3355: checking for a BSD-compatible install
configure:3411: result: /home/bruce/bin/install-check
configure:3428: checking how to run the C preprocessor
configure:3468: gcc -E  conftest.c
configure:3474: $? = 0
configure:3505: gcc -E  conftest.c
conftest.c:10:28: error: ac_nonexistent.h: No such file or directory
configure:3511: $? = 1
configure: failed program was:
| /* confdefs.h.  */
| #define PACKAGE_NAME ""
| #define PACKAGE_TARNAME ""
| #define PACKAGE_VERSION ""
| #define PACKAGE_STRING ""
| #define PACKAGE_BUGREPORT ""
| #define PACKAGE "hildon-theme-cacher"
| #define VERSION "0.4.3"
| /* end confdefs.h.  */
| #include <ac_nonexistent.h>
configure:3544: result: gcc -E
configure:3573: gcc -E  conftest.c
configure:3579: $? = 0
configure:3610: gcc -E  conftest.c
conftest.c:10:28: error: ac_nonexistent.h: No such file or directory
configure:3616: $? = 1
configure: failed program was:
| /* confdefs.h.  */
| #define PACKAGE_NAME ""
| #define PACKAGE_TARNAME ""
| #define PACKAGE_VERSION ""
| #define PACKAGE_STRING ""
| #define PACKAGE_BUGREPORT ""
| #define PACKAGE "hildon-theme-cacher"
| #define VERSION "0.4.3"
| /* end confdefs.h.  */
| #include <ac_nonexistent.h>
configure:3654: checking for grep that handles long lines and -e
configure:3728: result: /bin/grep
configure:3733: checking for egrep
configure:3811: result: /bin/grep -E
configure:3816: checking for ANSI C header files
configure:3846: gcc -c -g -O2  conftest.c >&5
configure:3852: $? = 0
configure:3951: gcc -o conftest -g -O2  -L/opt/hildon/lib  conftest.c  >&5
configure:3954: $? = 0
configure:3960: ./conftest
configure:3963: $? = 0
configure:3980: result: yes
configure:4044: checking for pkg-config
configure:4062: found /usr/bin/pkg-config
configure:4074: result: /usr/bin/pkg-config
configure:4103: checking pkg-config is at least version 0.9.0
configure:4106: result: yes
configure:4117: checking for GTK
configure:4125: $PKG_CONFIG --exists --print-errors "gtk+-2.0 >= $GTK_VERSION"
configure:4128: $? = 0
configure:4143: $PKG_CONFIG --exists --print-errors "gtk+-2.0 >= $GTK_VERSION"
configure:4146: $? = 0
configure:4222: result: yes
configure:4346: creating ./config.status

## ---------------------- ##
## Running config.status. ##
## ---------------------- ##

This file was extended by config.status, which was
generated by GNU Autoconf 2.61.  Invocation command line was

  CONFIG_FILES    = 
  CONFIG_HEADERS  = 
  CONFIG_LINKS    = 
  CONFIG_COMMANDS = 
  $ ./config.status 

on bruce-desktop

config.status:648: creating Makefile
config.status:648: creating scripts/Makefile
config.status:648: creating src/Makefile
config.status:648: creating scripts/hildon-theme-recache-all
config.status:648: creating config.h
config.status:905: executing depfiles commands

## ---------------- ##
## Cache variables. ##
## ---------------- ##

ac_cv_build=i686-pc-linux-gnu
ac_cv_c_compiler_gnu=yes
ac_cv_env_CC_set=
ac_cv_env_CC_value=
ac_cv_env_CFLAGS_set=
ac_cv_env_CFLAGS_value=
ac_cv_env_CPPFLAGS_set=
ac_cv_env_CPPFLAGS_value=
ac_cv_env_CPP_set=
ac_cv_env_CPP_value=
ac_cv_env_GTK_CFLAGS_set=
ac_cv_env_GTK_CFLAGS_value=
ac_cv_env_GTK_LIBS_set=
ac_cv_env_GTK_LIBS_value=
ac_cv_env_LDFLAGS_set=set
ac_cv_env_LDFLAGS_value='-L/opt/hildon/lib '
ac_cv_env_LIBS_set=
ac_cv_env_LIBS_value=
ac_cv_env_PKG_CONFIG_set=
ac_cv_env_PKG_CONFIG_value=
ac_cv_env_build_alias_set=
ac_cv_env_build_alias_value=
ac_cv_env_host_alias_set=
ac_cv_env_host_alias_value=
ac_cv_env_target_alias_set=
ac_cv_env_target_alias_value=
ac_cv_header_stdc=yes
ac_cv_host=i686-pc-linux-gnu
ac_cv_objext=o
ac_cv_path_EGREP='/bin/grep -E'
ac_cv_path_GREP=/bin/grep
ac_cv_path_ac_pt_PKG_CONFIG=/usr/bin/pkg-config
ac_cv_prog_AWK=mawk
ac_cv_prog_CPP='gcc -E'
ac_cv_prog_ac_ct_CC=gcc
ac_cv_prog_cc_c89=
ac_cv_prog_cc_g=yes
ac_cv_prog_make_make_set=yes
am_cv_CC_dependencies_compiler_type=gcc3
pkg_cv_GTK_CFLAGS='-I/usr/include/gtk-2.0 -I/usr/lib/gtk-2.0/include -I/usr/include/atk-1.0 -I/usr/include/cairo -I/usr/include/pango-1.0 -I/usr/include/glib-2.0 -I/usr/lib/glib-2.0/include -I/usr/include/freetype2 -I/usr/include/libpng12 -I/usr/include/pixman-1  '
pkg_cv_GTK_LIBS='-lgtk-x11-2.0 -lgdk-x11-2.0 -latk-1.0 -lgdk_pixbuf-2.0 -lm -lpangocairo-1.0 -lpango-1.0 -lcairo -lgobject-2.0 -lgmodule-2.0 -ldl -lglib-2.0  '

## ----------------- ##
## Output variables. ##
## ----------------- ##

ACLOCAL='${SHELL} /home/bruce/code/hildon/hildon-theme-cacher/missing --run aclocal-1.9'
AMDEPBACKSLASH='\'
AMDEP_FALSE='#'
AMDEP_TRUE=''
AMTAR='${SHELL} /home/bruce/code/hildon/hildon-theme-cacher/missing --run tar'
AUTOCONF='${SHELL} /home/bruce/code/hildon/hildon-theme-cacher/missing --run autoconf'
AUTOHEADER='${SHELL} /home/bruce/code/hildon/hildon-theme-cacher/missing --run autoheader'
AUTOMAKE='${SHELL} /home/bruce/code/hildon/hildon-theme-cacher/missing --run automake-1.9'
AWK='mawk'
CC='gcc'
CCDEPMODE='depmode=gcc3'
CFLAGS='-g -O2 -Wall -pedantic -Wmissing-prototypes -Wmissing-declarations'
CPP='gcc -E'
CPPFLAGS=''
CYGPATH_W='echo'
DEFS='-DHAVE_CONFIG_H'
DEPDIR='.deps'
ECHO_C=''
ECHO_N='-n'
ECHO_T=''
EGREP='/bin/grep -E'
EXEEXT=''
GREP='/bin/grep'
GTK_CFLAGS='-I/usr/include/gtk-2.0 -I/usr/lib/gtk-2.0/include -I/usr/include/atk-1.0 -I/usr/include/cairo -I/usr/include/pango-1.0 -I/usr/include/glib-2.0 -I/usr/lib/glib-2.0/include -I/usr/include/freetype2 -I/usr/include/libpng12 -I/usr/include/pixman-1  '
GTK_LIBS='-lgtk-x11-2.0 -lgdk-x11-2.0 -latk-1.0 -lgdk_pixbuf-2.0 -lm -lpangocairo-1.0 -lpango-1.0 -lcairo -lgobject-2.0 -lgmodule-2.0 -ldl -lglib-2.0  '
GTK_VERSION='2.6.4'
INSTALL_DATA='${INSTALL} -m 644'
INSTALL_PROGRAM='${INSTALL}'
INSTALL_SCRIPT='${INSTALL}'
INSTALL_STRIP_PROGRAM='${SHELL} $(install_sh) -c -s'
LDFLAGS='-L/opt/hildon/lib '
LIBOBJS=''
LIBS=''
LTLIBOBJS=''
MAKEINFO='${SHELL} /home/bruce/code/hildon/hildon-theme-cacher/missing --run makeinfo'
OBJEXT='o'
PACKAGE='hildon-theme-cacher'
PACKAGE_BUGREPORT=''
PACKAGE_NAME=''
PACKAGE_STRING=''
PACKAGE_TARNAME=''
PACKAGE_VERSION=''
PATH_SEPARATOR=':'
PKG_CONFIG='/usr/bin/pkg-config'
SET_MAKE=''
SHELL='/bin/bash'
STRIP=''
VERSION='0.4.3'
ac_ct_CC='gcc'
am__fastdepCC_FALSE='#'
am__fastdepCC_TRUE=''
am__include='include'
am__leading_dot='.'
am__quote=''
am__tar='${AMTAR} chof - "$$tardir"'
am__untar='${AMTAR} xf -'
bindir='${exec_prefix}/bin'
build='i686-pc-linux-gnu'
build_alias=''
build_cpu='i686'
build_os='linux-gnu'
build_vendor='pc'
datadir='${datarootdir}'
datarootdir='${prefix}/share'
docdir='${datarootdir}/doc/${PACKAGE}'
dvidir='${docdir}'
exec_prefix='${prefix}'
host='i686-pc-linux-gnu'
host_alias=''
host_cpu='i686'
host_os='linux-gnu'
host_vendor='pc'
htmldir='${docdir}'
includedir='${prefix}/include'
infodir='${datarootdir}/info'
install_sh='/home/bruce/code/hildon/hildon-theme-cacher/install-sh'
libdir='${exec_prefix}/lib'
libexecdir='${exec_prefix}/libexec'
localedir='${datarootdir}/locale'
localstatedir='${prefix}/var'
mandir='${datarootdir}/man'
mkdir_p='mkdir -p --'
oldincludedir='/usr/include'
pdfdir='${docdir}'
prefix='/opt/hildon'
program_transform_name='s,x,x,'
psdir='${docdir}'
sbindir='${exec_prefix}/sbin'
sharedstatedir='${prefix}/com'
sysconfdir='${prefix}/etc'
target_alias=''

## ----------- ##
## confdefs.h. ##
## ----------- ##

#define PACKAGE_NAME ""
#define PACKAGE_TARNAME ""
#define PACKAGE_VERSION ""
#define PACKAGE_STRING ""
#define PACKAGE_BUGREPORT ""
#define PACKAGE "hildon-theme-cacher"
#define VERSION "0.4.3"
#define STDC_HEADERS 1

configure: exit 0
