This file contains any messages produced by compilers while
running configure, to aid debugging if configure makes a mistake.

It was created by Hildon gtk widgets configure 2.0.7, which was
generated by GNU Autoconf 2.61.  Invocation command line was

  $ ./configure --enable-maintainer-mode --prefix /opt/hildon --libdir ${exec_prefix}/lib --with-maemo-gtk=no --disable-static --disable-gtk-doc

## --------- ##
## Platform. ##
## --------- ##

hostname = bruce-desktop
uname -m = i686
uname -r = 2.6.24-23-generic
uname -s = Linux
uname -v = #1 SMP Thu Nov 27 18:44:42 UTC 2008

/usr/bin/uname -p = unknown
/bin/uname -X     = unknown

/bin/arch              = unknown
/usr/bin/arch -k       = unknown
/usr/convex/getsysinfo = unknown
/usr/bin/hostinfo      = unknown
/bin/machine           = unknown
/usr/bin/oslevel       = unknown
/bin/universe          = unknown

PATH: /opt/hildon/bin
PATH: /usr/local/sbin
PATH: /usr/local/bin
PATH: /usr/sbin
PATH: /usr/bin
PATH: /sbin
PATH: /bin
PATH: /usr/games


## ----------- ##
## Core tests. ##
## ----------- ##

configure:2060: checking build system type
configure:2078: result: i686-pc-linux-gnu
configure:2100: checking host system type
configure:2115: result: i686-pc-linux-gnu
configure:2137: checking target system type
configure:2152: result: i686-pc-linux-gnu
configure:2185: checking whether to enable maintainer-specific portions of Makefiles
configure:2194: result: yes
configure:2271: checking for a BSD-compatible install
configure:2327: result: /home/bruce/bin/install-check
configure:2338: checking whether build environment is sane
configure:2381: result: yes
configure:2446: checking for gawk
configure:2476: result: no
configure:2446: checking for mawk
configure:2462: found /usr/bin/mawk
configure:2473: result: mawk
configure:2484: checking whether make sets $(MAKE)
configure:2505: result: yes
configure:2738: checking for gcc
configure:2754: found /usr/bin/gcc
configure:2765: result: gcc
configure:3003: checking for C compiler version
configure:3010: gcc --version >&5
gcc (GCC) 4.2.4 (Ubuntu 4.2.4-1ubuntu3)
Copyright (C) 2007 Free Software Foundation, Inc.
This is free software; see the source for copying conditions.  There is NO
warranty; not even for MERCHANTABILITY or FITNESS FOR A PARTICULAR PURPOSE.

configure:3013: $? = 0
configure:3020: gcc -v >&5
Using built-in specs.
Target: i486-linux-gnu
Configured with: ../src/configure -v --enable-languages=c,c++,fortran,objc,obj-c++,treelang --prefix=/usr --enable-shared --with-system-zlib --libexecdir=/usr/lib --without-included-gettext --enable-threads=posix --enable-nls --with-gxx-include-dir=/usr/include/c++/4.2 --program-suffix=-4.2 --enable-clocale=gnu --enable-libstdcxx-debug --enable-objc-gc --enable-mpfr --enable-targets=all --enable-checking=release --build=i486-linux-gnu --host=i486-linux-gnu --target=i486-linux-gnu
Thread model: posix
gcc version 4.2.4 (Ubuntu 4.2.4-1ubuntu3)
configure:3023: $? = 0
configure:3030: gcc -V >&5
gcc: '-V' option must have argument
configure:3033: $? = 1
configure:3056: checking for C compiler default output file name
configure:3083: gcc   -L/opt/hildon/lib  conftest.c  >&5
configure:3086: $? = 0
configure:3124: result: a.out
configure:3141: checking whether the C compiler works
configure:3151: ./a.out
configure:3154: $? = 0
configure:3171: result: yes
configure:3178: checking whether we are cross compiling
configure:3180: result: no
configure:3183: checking for suffix of executables
configure:3190: gcc -o conftest   -L/opt/hildon/lib  conftest.c  >&5
configure:3193: $? = 0
configure:3217: result: 
configure:3223: checking for suffix of object files
configure:3249: gcc -c   conftest.c >&5
configure:3252: $? = 0
configure:3275: result: o
configure:3279: checking whether we are using the GNU C compiler
configure:3308: gcc -c   conftest.c >&5
configure:3314: $? = 0
configure:3331: result: yes
configure:3336: checking whether gcc accepts -g
configure:3366: gcc -c -g  conftest.c >&5
configure:3372: $? = 0
configure:3471: result: yes
configure:3488: checking for gcc option to accept ISO C89
configure:3562: gcc  -c -g -O2  conftest.c >&5
configure:3568: $? = 0
configure:3591: result: none needed
configure:3620: checking for style of include used by make
configure:3648: result: GNU
configure:3676: checking dependency style of gcc
configure:3766: result: gcc3
configure:3855: checking for a sed that does not truncate output
configure:3911: result: /bin/sed
configure:3914: checking for grep that handles long lines and -e
configure:3988: result: /bin/grep
configure:3993: checking for egrep
configure:4071: result: /bin/grep -E
configure:4087: checking for ld used by gcc
configure:4154: result: /usr/bin/ld
configure:4163: checking if the linker (/usr/bin/ld) is GNU ld
configure:4178: result: yes
configure:4183: checking for /usr/bin/ld option to reload object files
configure:4190: result: -r
configure:4208: checking for BSD-compatible nm
configure:4257: result: /usr/bin/nm -B
configure:4261: checking whether ln -s works
configure:4265: result: yes
configure:4272: checking how to recognize dependent libraries
configure:4458: result: pass_all
configure:4703: checking how to run the C preprocessor
configure:4743: gcc -E  conftest.c
configure:4749: $? = 0
configure:4780: gcc -E  conftest.c
conftest.c:10:28: error: ac_nonexistent.h: No such file or directory
configure:4786: $? = 1
configure: failed program was:
| /* confdefs.h.  */
| #define PACKAGE_NAME "Hildon gtk widgets"
| #define PACKAGE_TARNAME "hildon"
| #define PACKAGE_VERSION "2.0.7"
| #define PACKAGE_STRING "Hildon gtk widgets 2.0.7"
| #define PACKAGE_BUGREPORT "kimmo.hamalainen@nokia.com"
| #define PACKAGE "hildon"
| #define VERSION "2.0.7"
| /* end confdefs.h.  */
| #include <ac_nonexistent.h>
configure:4819: result: gcc -E
configure:4848: gcc -E  conftest.c
configure:4854: $? = 0
configure:4885: gcc -E  conftest.c
conftest.c:10:28: error: ac_nonexistent.h: No such file or directory
configure:4891: $? = 1
configure: failed program was:
| /* confdefs.h.  */
| #define PACKAGE_NAME "Hildon gtk widgets"
| #define PACKAGE_TARNAME "hildon"
| #define PACKAGE_VERSION "2.0.7"
| #define PACKAGE_STRING "Hildon gtk widgets 2.0.7"
| #define PACKAGE_BUGREPORT "kimmo.hamalainen@nokia.com"
| #define PACKAGE "hildon"
| #define VERSION "2.0.7"
| /* end confdefs.h.  */
| #include <ac_nonexistent.h>
configure:4929: checking for ANSI C header files
configure:4959: gcc -c -g -O2  conftest.c >&5
configure:4965: $? = 0
configure:5064: gcc -o conftest -g -O2  -L/opt/hildon/lib  conftest.c  >&5
configure:5067: $? = 0
configure:5073: ./conftest
configure:5076: $? = 0
configure:5093: result: yes
configure:5117: checking for sys/types.h
configure:5138: gcc -c -g -O2  conftest.c >&5
configure:5144: $? = 0
configure:5160: result: yes
configure:5117: checking for sys/stat.h
configure:5138: gcc -c -g -O2  conftest.c >&5
configure:5144: $? = 0
configure:5160: result: yes
configure:5117: checking for stdlib.h
configure:5138: gcc -c -g -O2  conftest.c >&5
configure:5144: $? = 0
configure:5160: result: yes
configure:5117: checking for string.h
configure:5138: gcc -c -g -O2  conftest.c >&5
configure:5144: $? = 0
configure:5160: result: yes
configure:5117: checking for memory.h
configure:5138: gcc -c -g -O2  conftest.c >&5
configure:5144: $? = 0
configure:5160: result: yes
configure:5117: checking for strings.h
configure:5138: gcc -c -g -O2  conftest.c >&5
configure:5144: $? = 0
configure:5160: result: yes
configure:5117: checking for inttypes.h
configure:5138: gcc -c -g -O2  conftest.c >&5
configure:5144: $? = 0
configure:5160: result: yes
configure:5117: checking for stdint.h
configure:5138: gcc -c -g -O2  conftest.c >&5
configure:5144: $? = 0
configure:5160: result: yes
configure:5117: checking for unistd.h
configure:5138: gcc -c -g -O2  conftest.c >&5
configure:5144: $? = 0
configure:5160: result: yes
configure:5187: checking dlfcn.h usability
configure:5204: gcc -c -g -O2  conftest.c >&5
configure:5210: $? = 0
configure:5224: result: yes
configure:5228: checking dlfcn.h presence
configure:5243: gcc -E  conftest.c
configure:5249: $? = 0
configure:5263: result: yes
configure:5296: checking for dlfcn.h
configure:5304: result: yes
configure:5375: checking for g++
configure:5391: found /usr/bin/g++
configure:5402: result: g++
configure:5433: checking for C++ compiler version
configure:5440: g++ --version >&5
g++ (GCC) 4.2.4 (Ubuntu 4.2.4-1ubuntu3)
Copyright (C) 2007 Free Software Foundation, Inc.
This is free software; see the source for copying conditions.  There is NO
warranty; not even for MERCHANTABILITY or FITNESS FOR A PARTICULAR PURPOSE.

configure:5443: $? = 0
configure:5450: g++ -v >&5
Using built-in specs.
Target: i486-linux-gnu
Configured with: ../src/configure -v --enable-languages=c,c++,fortran,objc,obj-c++,treelang --prefix=/usr --enable-shared --with-system-zlib --libexecdir=/usr/lib --without-included-gettext --enable-threads=posix --enable-nls --with-gxx-include-dir=/usr/include/c++/4.2 --program-suffix=-4.2 --enable-clocale=gnu --enable-libstdcxx-debug --enable-objc-gc --enable-mpfr --enable-targets=all --enable-checking=release --build=i486-linux-gnu --host=i486-linux-gnu --target=i486-linux-gnu
Thread model: posix
gcc version 4.2.4 (Ubuntu 4.2.4-1ubuntu3)
configure:5453: $? = 0
configure:5460: g++ -V >&5
g++: '-V' option must have argument
configure:5463: $? = 1
configure:5466: checking whether we are using the GNU C++ compiler
configure:5495: g++ -c   conftest.cpp >&5
configure:5501: $? = 0
configure:5518: result: yes
configure:5523: checking whether g++ accepts -g
configure:5553: g++ -c -g  conftest.cpp >&5
configure:5559: $? = 0
configure:5658: result: yes
configure:5683: checking dependency style of g++
configure:5773: result: gcc3
configure:5800: checking how to run the C++ preprocessor
configure:5836: g++ -E  conftest.cpp
configure:5842: $? = 0
configure:5873: g++ -E  conftest.cpp
conftest.cpp:21:28: error: ac_nonexistent.h: No such file or directory
configure:5879: $? = 1
configure: failed program was:
| /* confdefs.h.  */
| #define PACKAGE_NAME "Hildon gtk widgets"
| #define PACKAGE_TARNAME "hildon"
| #define PACKAGE_VERSION "2.0.7"
| #define PACKAGE_STRING "Hildon gtk widgets 2.0.7"
| #define PACKAGE_BUGREPORT "kimmo.hamalainen@nokia.com"
| #define PACKAGE "hildon"
| #define VERSION "2.0.7"
| #define STDC_HEADERS 1
| #define HAVE_SYS_TYPES_H 1
| #define HAVE_SYS_STAT_H 1
| #define HAVE_STDLIB_H 1
| #define HAVE_STRING_H 1
| #define HAVE_MEMORY_H 1
| #define HAVE_STRINGS_H 1
| #define HAVE_INTTYPES_H 1
| #define HAVE_STDINT_H 1
| #define HAVE_UNISTD_H 1
| #define HAVE_DLFCN_H 1
| /* end confdefs.h.  */
| #include <ac_nonexistent.h>
configure:5912: result: g++ -E
configure:5941: g++ -E  conftest.cpp
configure:5947: $? = 0
configure:5978: g++ -E  conftest.cpp
conftest.cpp:21:28: error: ac_nonexistent.h: No such file or directory
configure:5984: $? = 1
configure: failed program was:
| /* confdefs.h.  */
| #define PACKAGE_NAME "Hildon gtk widgets"
| #define PACKAGE_TARNAME "hildon"
| #define PACKAGE_VERSION "2.0.7"
| #define PACKAGE_STRING "Hildon gtk widgets 2.0.7"
| #define PACKAGE_BUGREPORT "kimmo.hamalainen@nokia.com"
| #define PACKAGE "hildon"
| #define VERSION "2.0.7"
| #define STDC_HEADERS 1
| #define HAVE_SYS_TYPES_H 1
| #define HAVE_SYS_STAT_H 1
| #define HAVE_STDLIB_H 1
| #define HAVE_STRING_H 1
| #define HAVE_MEMORY_H 1
| #define HAVE_STRINGS_H 1
| #define HAVE_INTTYPES_H 1
| #define HAVE_STDINT_H 1
| #define HAVE_UNISTD_H 1
| #define HAVE_DLFCN_H 1
| /* end confdefs.h.  */
| #include <ac_nonexistent.h>
configure:6077: checking for g77
configure:6107: result: no
configure:6077: checking for xlf
configure:6107: result: no
configure:6077: checking for f77
configure:6107: result: no
configure:6077: checking for frt
configure:6107: result: no
configure:6077: checking for pgf77
configure:6107: result: no
configure:6077: checking for cf77
configure:6107: result: no
configure:6077: checking for fort77
configure:6107: result: no
configure:6077: checking for fl32
configure:6107: result: no
configure:6077: checking for af77
configure:6107: result: no
configure:6077: checking for xlf90
configure:6107: result: no
configure:6077: checking for f90
configure:6107: result: no
configure:6077: checking for pgf90
configure:6107: result: no
configure:6077: checking for pghpf
configure:6107: result: no
configure:6077: checking for epcf90
configure:6107: result: no
configure:6077: checking for gfortran
configure:6107: result: no
configure:6077: checking for g95
configure:6107: result: no
configure:6077: checking for xlf95
configure:6107: result: no
configure:6077: checking for f95
configure:6107: result: no
configure:6077: checking for fort
configure:6107: result: no
configure:6077: checking for ifort
configure:6107: result: no
configure:6077: checking for ifc
configure:6107: result: no
configure:6077: checking for efc
configure:6107: result: no
configure:6077: checking for pgf95
configure:6107: result: no
configure:6077: checking for lf95
configure:6107: result: no
configure:6077: checking for ftn
configure:6107: result: no
configure:6134: checking for Fortran 77 compiler version
configure:6141:  --version >&5
./configure: line 6142: --version: command not found
configure:6144: $? = 127
configure:6151:  -v >&5
./configure: line 6152: -v: command not found
configure:6154: $? = 127
configure:6161:  -V >&5
./configure: line 6162: -V: command not found
configure:6164: $? = 127
configure:6172: checking whether we are using the GNU Fortran 77 compiler
configure:6191:  -c  conftest.F >&5
./configure: line 6192: -c: command not found
configure:6197: $? = 127
configure: failed program was:
|       program main
| #ifndef __GNUC__
|        choke me
| #endif
| 
|       end
configure:6214: result: no
configure:6220: checking whether  accepts -g
configure:6237:  -c -g conftest.f >&5
./configure: line 6238: -c: command not found
configure:6243: $? = 127
configure: failed program was:
|       program main
| 
|       end
configure:6259: result: no
configure:6288: checking the maximum length of command line arguments
configure:6400: result: 98304
configure:6412: checking command to parse /usr/bin/nm -B output from gcc object
configure:6517: gcc -c -g -O2  conftest.c >&5
configure:6520: $? = 0
configure:6524: /usr/bin/nm -B conftest.o \| sed -n -e 's/^.*[ 	]\([ABCDGIRSTW][ABCDGIRSTW]*\)[ 	][ 	]*\([_A-Za-z][_A-Za-z0-9]*\)$/\1 \2 \2/p' \> conftest.nm
configure:6527: $? = 0
configure:6579: gcc -o conftest -g -O2  -L/opt/hildon/lib  conftest.c conftstm.o >&5
configure:6582: $? = 0
configure:6620: result: ok
configure:6624: checking for objdir
configure:6639: result: .libs
configure:6731: checking for ar
configure:6747: found /usr/bin/ar
configure:6758: result: ar
configure:6827: checking for ranlib
configure:6843: found /usr/bin/ranlib
configure:6854: result: ranlib
configure:6923: checking for strip
configure:6939: found /usr/bin/strip
configure:6950: result: strip
configure:7548: checking if gcc supports -fno-rtti -fno-exceptions
configure:7566: gcc -c -g -O2  -fno-rtti -fno-exceptions conftest.c >&5
cc1: warning: command line option "-fno-rtti" is valid for C++/ObjC++ but not for C
configure:7570: $? = 0
configure:7583: result: no
configure:7598: checking for gcc option to produce PIC
configure:7830: result: -fPIC
configure:7838: checking if gcc PIC flag -fPIC works
configure:7856: gcc -c -g -O2  -fPIC -DPIC conftest.c >&5
configure:7860: $? = 0
configure:7873: result: yes
configure:7901: checking if gcc static flag -static works
configure:7929: result: yes
configure:7939: checking if gcc supports -c -o file.o
configure:7960: gcc -c -g -O2  -o out/conftest2.o conftest.c >&5
configure:7964: $? = 0
configure:7986: result: yes
configure:8012: checking whether the gcc linker (/usr/bin/ld) supports shared libraries
configure:8993: result: yes
configure:9014: checking whether -lc should be explicitly linked in
configure:9019: gcc -c -g -O2  conftest.c >&5
configure:9022: $? = 0
configure:9037: gcc -shared conftest.o  -v -Wl,-soname -Wl,conftest -o conftest 2\>\&1 \| grep  -lc  \>/dev/null 2\>\&1
configure:9040: $? = 0
configure:9052: result: no
configure:9060: checking dynamic linker characteristics
configure:9674: result: GNU/Linux ld.so
configure:9698: checking how to hardcode library paths into programs
configure:9723: result: immediate
configure:9737: checking whether stripping libraries is possible
configure:9742: result: yes
configure:9866: checking for shl_load
configure:9922: gcc -o conftest -g -O2  -L/opt/hildon/lib  conftest.c  >&5
/tmp/cci9auAv.o: In function `main':
/home/bruce/code/hildon/libhildon1/conftest.c:55: undefined reference to `shl_load'
collect2: ld returned 1 exit status
configure:9928: $? = 1
configure: failed program was:
| /* confdefs.h.  */
| #define PACKAGE_NAME "Hildon gtk widgets"
| #define PACKAGE_TARNAME "hildon"
| #define PACKAGE_VERSION "2.0.7"
| #define PACKAGE_STRING "Hildon gtk widgets 2.0.7"
| #define PACKAGE_BUGREPORT "kimmo.hamalainen@nokia.com"
| #define PACKAGE "hildon"
| #define VERSION "2.0.7"
| #define STDC_HEADERS 1
| #define HAVE_SYS_TYPES_H 1
| #define HAVE_SYS_STAT_H 1
| #define HAVE_STDLIB_H 1
| #define HAVE_STRING_H 1
| #define HAVE_MEMORY_H 1
| #define HAVE_STRINGS_H 1
| #define HAVE_INTTYPES_H 1
| #define HAVE_STDINT_H 1
| #define HAVE_UNISTD_H 1
| #define HAVE_DLFCN_H 1
| /* end confdefs.h.  */
| /* Define shl_load to an innocuous variant, in case <limits.h> declares shl_load.
|    For example, HP-UX 11i <limits.h> declares gettimeofday.  */
| #define shl_load innocuous_shl_load
| 
| /* System header to define __stub macros and hopefully few prototypes,
|     which can conflict with char shl_load (); below.
|     Prefer <limits.h> to <assert.h> if __STDC__ is defined, since
|     <limits.h> exists even on freestanding compilers.  */
| 
| #ifdef __STDC__
| # include <limits.h>
| #else
| # include <assert.h>
| #endif
| 
| #undef shl_load
| 
| /* Override any GCC internal prototype to avoid an error.
|    Use char because int might match the return type of a GCC
|    builtin and then its argument prototype would still apply.  */
| #ifdef __cplusplus
| extern "C"
| #endif
| char shl_load ();
| /* The GNU C library defines this for functions which it implements
|     to always fail with ENOSYS.  Some functions are actually named
|     something starting with __ and the normal name is an alias.  */
| #if defined __stub_shl_load || defined __stub___shl_load
| choke me
| #endif
| 
| int
| main ()
| {
| return shl_load ();
|   ;
|   return 0;
| }
configure:9945: result: no
configure:9950: checking for shl_load in -ldld
configure:9985: gcc -o conftest -g -O2  -L/opt/hildon/lib  conftest.c -ldld   >&5
/usr/bin/ld: cannot find -ldld
collect2: ld returned 1 exit status
configure:9991: $? = 1
configure: failed program was:
| /* confdefs.h.  */
| #define PACKAGE_NAME "Hildon gtk widgets"
| #define PACKAGE_TARNAME "hildon"
| #define PACKAGE_VERSION "2.0.7"
| #define PACKAGE_STRING "Hildon gtk widgets 2.0.7"
| #define PACKAGE_BUGREPORT "kimmo.hamalainen@nokia.com"
| #define PACKAGE "hildon"
| #define VERSION "2.0.7"
| #define STDC_HEADERS 1
| #define HAVE_SYS_TYPES_H 1
| #define HAVE_SYS_STAT_H 1
| #define HAVE_STDLIB_H 1
| #define HAVE_STRING_H 1
| #define HAVE_MEMORY_H 1
| #define HAVE_STRINGS_H 1
| #define HAVE_INTTYPES_H 1
| #define HAVE_STDINT_H 1
| #define HAVE_UNISTD_H 1
| #define HAVE_DLFCN_H 1
| /* end confdefs.h.  */
| 
| /* Override any GCC internal prototype to avoid an error.
|    Use char because int might match the return type of a GCC
|    builtin and then its argument prototype would still apply.  */
| #ifdef __cplusplus
| extern "C"
| #endif
| char shl_load ();
| int
| main ()
| {
| return shl_load ();
|   ;
|   return 0;
| }
configure:10009: result: no
configure:10014: checking for dlopen
configure:10070: gcc -o conftest -g -O2  -L/opt/hildon/lib  conftest.c  >&5
/tmp/cc2oIulJ.o: In function `main':
/home/bruce/code/hildon/libhildon1/conftest.c:55: undefined reference to `dlopen'
collect2: ld returned 1 exit status
configure:10076: $? = 1
configure: failed program was:
| /* confdefs.h.  */
| #define PACKAGE_NAME "Hildon gtk widgets"
| #define PACKAGE_TARNAME "hildon"
| #define PACKAGE_VERSION "2.0.7"
| #define PACKAGE_STRING "Hildon gtk widgets 2.0.7"
| #define PACKAGE_BUGREPORT "kimmo.hamalainen@nokia.com"
| #define PACKAGE "hildon"
| #define VERSION "2.0.7"
| #define STDC_HEADERS 1
| #define HAVE_SYS_TYPES_H 1
| #define HAVE_SYS_STAT_H 1
| #define HAVE_STDLIB_H 1
| #define HAVE_STRING_H 1
| #define HAVE_MEMORY_H 1
| #define HAVE_STRINGS_H 1
| #define HAVE_INTTYPES_H 1
| #define HAVE_STDINT_H 1
| #define HAVE_UNISTD_H 1
| #define HAVE_DLFCN_H 1
| /* end confdefs.h.  */
| /* Define dlopen to an innocuous variant, in case <limits.h> declares dlopen.
|    For example, HP-UX 11i <limits.h> declares gettimeofday.  */
| #define dlopen innocuous_dlopen
| 
| /* System header to define __stub macros and hopefully few prototypes,
|     which can conflict with char dlopen (); below.
|     Prefer <limits.h> to <assert.h> if __STDC__ is defined, since
|     <limits.h> exists even on freestanding compilers.  */
| 
| #ifdef __STDC__
| # include <limits.h>
| #else
| # include <assert.h>
| #endif
| 
| #undef dlopen
| 
| /* Override any GCC internal prototype to avoid an error.
|    Use char because int might match the return type of a GCC
|    builtin and then its argument prototype would still apply.  */
| #ifdef __cplusplus
| extern "C"
| #endif
| char dlopen ();
| /* The GNU C library defines this for functions which it implements
|     to always fail with ENOSYS.  Some functions are actually named
|     something starting with __ and the normal name is an alias.  */
| #if defined __stub_dlopen || defined __stub___dlopen
| choke me
| #endif
| 
| int
| main ()
| {
| return dlopen ();
|   ;
|   return 0;
| }
configure:10093: result: no
configure:10098: checking for dlopen in -ldl
configure:10133: gcc -o conftest -g -O2  -L/opt/hildon/lib  conftest.c -ldl   >&5
configure:10139: $? = 0
configure:10157: result: yes
configure:10326: checking whether a program can dlopen itself
configure:10400: gcc -o conftest -g -O2  -DHAVE_DLFCN_H -L/opt/hildon/lib  -Wl,--export-dynamic conftest.c -ldl  >&5
configure: In function 'main':
configure:10396: warning: incompatible implicit declaration of built-in function 'exit'
configure:10403: $? = 0
configure:10421: result: yes
configure:10426: checking whether a statically linked program can dlopen itself
configure:10500: gcc -o conftest -g -O2  -DHAVE_DLFCN_H -L/opt/hildon/lib  -Wl,--export-dynamic -static conftest.c -ldl  >&5
configure: In function 'main':
configure:10496: warning: incompatible implicit declaration of built-in function 'exit'
/tmp/cco2js9c.o: In function `main':
/home/bruce/code/hildon/libhildon1/configure:10484: warning: Using 'dlopen' in statically linked applications requires at runtime the shared libraries from the glibc version used for linking
configure:10503: $? = 0
/opt/hildon/lib/: cannot read file data: Is a directory
configure:10521: result: no
configure:10544: checking if libtool supports shared libraries
configure:10546: result: yes
configure:10549: checking whether to build shared libraries
configure:10570: result: yes
configure:10573: checking whether to build static libraries
configure:10577: result: no
configure:10671: creating libtool
configure:11264: checking for ld used by g++
configure:11331: result: /usr/bin/ld
configure:11340: checking if the linker (/usr/bin/ld) is GNU ld
configure:11355: result: yes
configure:11406: checking whether the g++ linker (/usr/bin/ld) supports shared libraries
configure:12352: result: yes
configure:12369: g++ -c -g -O2  conftest.cpp >&5
configure:12372: $? = 0
configure:12528: checking for g++ option to produce PIC
configure:12812: result: -fPIC
configure:12820: checking if g++ PIC flag -fPIC works
configure:12838: g++ -c -g -O2  -fPIC -DPIC conftest.cpp >&5
configure:12842: $? = 0
configure:12855: result: yes
configure:12883: checking if g++ static flag -static works
configure:12911: result: yes
configure:12921: checking if g++ supports -c -o file.o
configure:12942: g++ -c -g -O2  -o out/conftest2.o conftest.cpp >&5
configure:12946: $? = 0
configure:12968: result: yes
configure:12994: checking whether the g++ linker (/usr/bin/ld) supports shared libraries
configure:13023: result: yes
configure:13090: checking dynamic linker characteristics
configure:13652: result: GNU/Linux ld.so
configure:13676: checking how to hardcode library paths into programs
configure:13701: result: immediate
configure:19961: checking for a BSD-compatible install
configure:20017: result: /home/bruce/bin/install-check
configure:20032: checking for gawk
configure:20059: result: mawk
configure:20071: checking for ANSI C header files
configure:20235: result: yes
configure:20297: checking for pkg-config
configure:20315: found /usr/bin/pkg-config
configure:20327: result: /usr/bin/pkg-config
configure:20356: checking pkg-config is at least version 0.9.0
configure:20359: result: yes
configure:20370: checking for GTK
configure:20378: $PKG_CONFIG --exists --print-errors "gtk+-2.0 >= 2.10"
configure:20381: $? = 0
configure:20396: $PKG_CONFIG --exists --print-errors "gtk+-2.0 >= 2.10"
configure:20399: $? = 0
configure:20475: result: yes
configure:20487: checking for ESD
configure:20495: $PKG_CONFIG --exists --print-errors "esound"
configure:20498: $? = 0
configure:20513: $PKG_CONFIG --exists --print-errors "esound"
configure:20516: $? = 0
configure:20592: result: yes
configure:20601: checking for GCONF
configure:20609: $PKG_CONFIG --exists --print-errors "gconf-2.0 >= 2.6"
configure:20612: $? = 0
configure:20627: $PKG_CONFIG --exists --print-errors "gconf-2.0 >= 2.6"
configure:20630: $? = 0
configure:20706: result: yes
configure:20731: checking locale.h usability
configure:20748: gcc -c -g -O2  conftest.c >&5
configure:20754: $? = 0
configure:20768: result: yes
configure:20772: checking locale.h presence
configure:20787: gcc -E  conftest.c
configure:20793: $? = 0
configure:20807: result: yes
configure:20840: checking for locale.h
configure:20848: result: yes
configure:20862: checking for LC_MESSAGES
configure:20888: gcc -o conftest -g -O2  -L/opt/hildon/lib  conftest.c  >&5
configure:20894: $? = 0
configure:20911: result: yes
configure:20940: checking libintl.h usability
configure:20957: gcc -c -g -O2  conftest.c >&5
configure:20963: $? = 0
configure:20977: result: yes
configure:20981: checking libintl.h presence
configure:20996: gcc -E  conftest.c
configure:21002: $? = 0
configure:21016: result: yes
configure:21049: checking for libintl.h
configure:21056: result: yes
configure:21067: checking for ngettext in libc
configure:21095: gcc -o conftest -g -O2  -L/opt/hildon/lib  conftest.c  >&5
configure:21101: $? = 0
configure:21119: result: yes
configure:21123: checking for dgettext in libc
configure:21151: gcc -o conftest -g -O2  -L/opt/hildon/lib  conftest.c  >&5
configure:21157: $? = 0
configure:21175: result: yes
configure:21184: checking for bind_textdomain_codeset
configure:21240: gcc -o conftest -g -O2  -L/opt/hildon/lib  conftest.c  >&5
configure:21246: $? = 0
configure:21264: result: yes
configure:21751: checking for msgfmt
configure:21778: result: /usr/bin/msgfmt
configure:21791: checking for dcgettext
configure:21847: gcc -o conftest -g -O2  -L/opt/hildon/lib  conftest.c   >&5
conftest.c:49: warning: conflicting types for built-in function 'dcgettext'
configure:21853: $? = 0
configure:21871: result: yes
configure:21882: checking if msgfmt accepts -c
configure:21897: $MSGFMT -c -o /dev/null conftest.foo
configure:21900: $? = 0
configure:21902: result: yes
configure:21912: checking for gmsgfmt
configure:21943: result: /usr/bin/msgfmt
configure:21953: checking for xgettext
configure:21980: result: /usr/bin/xgettext
configure:22009: gcc -o conftest -g -O2  -L/opt/hildon/lib  conftest.c   >&5
configure:22015: $? = 0
configure:22184: checking for catalogs to be installed
configure:22209: result:  en_GB
configure:22371: checking for perl5
configure:22401: result: no
configure:22371: checking for perl
configure:22387: found /usr/bin/perl
configure:22398: result: perl
configure:22451: Will not build examples 
configure:22495: Will not use Maemo GTK+ specific API
configure:22522: Will not build with assertion checks
configure:22549: Will build with non-fatal warnings
configure:22557: checking for CHECK
configure:22565: $PKG_CONFIG --exists --print-errors "check "
configure:22568: $? = 0
configure:22583: $PKG_CONFIG --exists --print-errors "check "
configure:22586: $? = 0
configure:22622: result: yes
configure:22818: creating ./config.status

## ---------------------- ##
## Running config.status. ##
## ---------------------- ##

This file was extended by Hildon gtk widgets config.status 2.0.7, which was
generated by GNU Autoconf 2.61.  Invocation command line was

  CONFIG_FILES    = 
  CONFIG_HEADERS  = 
  CONFIG_LINKS    = 
  CONFIG_COMMANDS = 
  $ ./config.status 

on bruce-desktop

config.status:733: creating Makefile
config.status:733: creating src/Makefile
config.status:733: creating src/hildon-version.h
config.status:733: creating pkgconfig/Makefile
config.status:733: creating examples/Makefile
config.status:733: creating pkgconfig/hildon.pc
config.status:733: creating tests/Makefile
config.status:733: creating doc/Makefile
config.status:733: creating po/POTFILES
config.status:733: creating po/porules.mk
config.status:733: creating po/Makefile
config.status:733: creating config.h
config.status:1007: executing depfiles commands
config.status:1007: executing default-1 commands

## ---------------- ##
## Cache variables. ##
## ---------------- ##

ac_cv_build=i686-pc-linux-gnu
ac_cv_c_compiler_gnu=yes
ac_cv_cxx_compiler_gnu=yes
ac_cv_env_CCC_set=
ac_cv_env_CCC_value=
ac_cv_env_CC_set=
ac_cv_env_CC_value=
ac_cv_env_CFLAGS_set=
ac_cv_env_CFLAGS_value=
ac_cv_env_CHECK_CFLAGS_set=
ac_cv_env_CHECK_CFLAGS_value=
ac_cv_env_CHECK_LIBS_set=
ac_cv_env_CHECK_LIBS_value=
ac_cv_env_CPPFLAGS_set=
ac_cv_env_CPPFLAGS_value=
ac_cv_env_CPP_set=
ac_cv_env_CPP_value=
ac_cv_env_CXXCPP_set=
ac_cv_env_CXXCPP_value=
ac_cv_env_CXXFLAGS_set=
ac_cv_env_CXXFLAGS_value=
ac_cv_env_CXX_set=
ac_cv_env_CXX_value=
ac_cv_env_ESD_CFLAGS_set=
ac_cv_env_ESD_CFLAGS_value=
ac_cv_env_ESD_LIBS_set=
ac_cv_env_ESD_LIBS_value=
ac_cv_env_F77_set=
ac_cv_env_F77_value=
ac_cv_env_FFLAGS_set=
ac_cv_env_FFLAGS_value=
ac_cv_env_GCONF_CFLAGS_set=
ac_cv_env_GCONF_CFLAGS_value=
ac_cv_env_GCONF_LIBS_set=
ac_cv_env_GCONF_LIBS_value=
ac_cv_env_GTK_CFLAGS_set=
ac_cv_env_GTK_CFLAGS_value=
ac_cv_env_GTK_LIBS_set=
ac_cv_env_GTK_LIBS_value=
ac_cv_env_LDFLAGS_set=set
ac_cv_env_LDFLAGS_value='-L/opt/hildon/lib '
ac_cv_env_LIBS_set=
ac_cv_env_LIBS_value=
ac_cv_env_PKG_CONFIG_set=
ac_cv_env_PKG_CONFIG_value=
ac_cv_env_build_alias_set=
ac_cv_env_build_alias_value=
ac_cv_env_host_alias_set=
ac_cv_env_host_alias_value=
ac_cv_env_target_alias_set=
ac_cv_env_target_alias_value=
ac_cv_f77_compiler_gnu=no
ac_cv_func_bind_textdomain_codeset=yes
ac_cv_func_dcgettext=yes
ac_cv_func_dlopen=no
ac_cv_func_shl_load=no
ac_cv_header_dlfcn_h=yes
ac_cv_header_inttypes_h=yes
ac_cv_header_libintl_h=yes
ac_cv_header_locale_h=yes
ac_cv_header_memory_h=yes
ac_cv_header_stdc=yes
ac_cv_header_stdint_h=yes
ac_cv_header_stdlib_h=yes
ac_cv_header_string_h=yes
ac_cv_header_strings_h=yes
ac_cv_header_sys_stat_h=yes
ac_cv_header_sys_types_h=yes
ac_cv_header_unistd_h=yes
ac_cv_host=i686-pc-linux-gnu
ac_cv_lib_dl_dlopen=yes
ac_cv_lib_dld_shl_load=no
ac_cv_objext=o
ac_cv_path_EGREP='/bin/grep -E'
ac_cv_path_GMSGFMT=/usr/bin/msgfmt
ac_cv_path_GREP=/bin/grep
ac_cv_path_MSGFMT=/usr/bin/msgfmt
ac_cv_path_XGETTEXT=/usr/bin/xgettext
ac_cv_path_ac_pt_PKG_CONFIG=/usr/bin/pkg-config
ac_cv_prog_AWK=mawk
ac_cv_prog_CPP='gcc -E'
ac_cv_prog_CXXCPP='g++ -E'
ac_cv_prog_PERL=perl
ac_cv_prog_ac_ct_AR=ar
ac_cv_prog_ac_ct_CC=gcc
ac_cv_prog_ac_ct_CXX=g++
ac_cv_prog_ac_ct_RANLIB=ranlib
ac_cv_prog_ac_ct_STRIP=strip
ac_cv_prog_cc_c89=
ac_cv_prog_cc_g=yes
ac_cv_prog_cxx_g=yes
ac_cv_prog_f77_g=no
ac_cv_prog_make_make_set=yes
ac_cv_target=i686-pc-linux-gnu
am_cv_CC_dependencies_compiler_type=gcc3
am_cv_CXX_dependencies_compiler_type=gcc3
am_cv_val_LC_MESSAGES=yes
gt_cv_func_dgettext_libc=yes
gt_cv_func_dgettext_libintl=no
gt_cv_func_ngettext_libc=yes
gt_cv_have_gettext=yes
lt_cv_deplibs_check_method=pass_all
lt_cv_dlopen=dlopen
lt_cv_dlopen_libs=-ldl
lt_cv_dlopen_self=yes
lt_cv_dlopen_self_static=no
lt_cv_file_magic_cmd='$MAGIC_CMD'
lt_cv_file_magic_test_file=
lt_cv_ld_reload_flag=-r
lt_cv_objdir=.libs
lt_cv_path_LD=/usr/bin/ld
lt_cv_path_LDCXX=/usr/bin/ld
lt_cv_path_NM='/usr/bin/nm -B'
lt_cv_path_SED=/bin/sed
lt_cv_prog_compiler_c_o=yes
lt_cv_prog_compiler_c_o_CXX=yes
lt_cv_prog_compiler_pic_works=yes
lt_cv_prog_compiler_pic_works_CXX=yes
lt_cv_prog_compiler_rtti_exceptions=no
lt_cv_prog_compiler_static_works=yes
lt_cv_prog_compiler_static_works_CXX=yes
lt_cv_prog_gnu_ld=yes
lt_cv_prog_gnu_ldcxx=yes
lt_cv_sys_global_symbol_pipe='sed -n -e '\''s/^.*[ 	]\([ABCDGIRSTW][ABCDGIRSTW]*\)[ 	][ 	]*\([_A-Za-z][_A-Za-z0-9]*\)$/\1 \2 \2/p'\'''
lt_cv_sys_global_symbol_to_c_name_address='sed -n -e '\''s/^: \([^ ]*\) $/  {\"\1\", (lt_ptr) 0},/p'\'' -e '\''s/^[BCDEGRST] \([^ ]*\) \([^ ]*\)$/  {"\2", (lt_ptr) \&\2},/p'\'''
lt_cv_sys_global_symbol_to_cdecl='sed -n -e '\''s/^. .* \(.*\)$/extern int \1;/p'\'''
lt_cv_sys_lib_dlsearch_path_spec='/lib /usr/lib /lib/i486-linux-gnu /usr/lib/i486-linux-gnu /usr/local/lib '
lt_cv_sys_lib_search_path_spec='/usr/lib/gcc/i486-linux-gnu/4.2.4 /usr/lib /lib'
lt_cv_sys_max_cmd_len=98304
lt_lt_cv_prog_compiler_c_o='"yes"'
lt_lt_cv_prog_compiler_c_o_CXX='"yes"'
lt_lt_cv_sys_global_symbol_pipe='"sed -n -e '\''s/^.*[ 	]\\([ABCDGIRSTW][ABCDGIRSTW]*\\)[ 	][ 	]*\\([_A-Za-z][_A-Za-z0-9]*\\)\$/\\1 \\2 \\2/p'\''"'
lt_lt_cv_sys_global_symbol_to_c_name_address='"sed -n -e '\''s/^: \\([^ ]*\\) \$/  {\\\"\\1\\\", (lt_ptr) 0},/p'\'' -e '\''s/^[BCDEGRST] \\([^ ]*\\) \\([^ ]*\\)\$/  {\"\\2\", (lt_ptr) \\&\\2},/p'\''"'
lt_lt_cv_sys_global_symbol_to_cdecl='"sed -n -e '\''s/^. .* \\(.*\\)\$/extern int \\1;/p'\''"'
pkg_cv_CHECK_CFLAGS=' '
pkg_cv_CHECK_LIBS='-lcheck  '
pkg_cv_ESD_CFLAGS=' '
pkg_cv_ESD_LIBS='-lesd -laudiofile  '
pkg_cv_GCONF_CFLAGS='-DORBIT2=1 -pthread -I/usr/include/gconf/2 -I/usr/include/orbit-2.0 -I/usr/include/glib-2.0 -I/usr/lib/glib-2.0/include  '
pkg_cv_GCONF_LIBS='-lgconf-2 -lglib-2.0  '
pkg_cv_GTK_CFLAGS='-I/usr/include/gtk-2.0 -I/usr/lib/gtk-2.0/include -I/usr/include/atk-1.0 -I/usr/include/cairo -I/usr/include/pango-1.0 -I/usr/include/glib-2.0 -I/usr/lib/glib-2.0/include -I/usr/include/freetype2 -I/usr/include/libpng12 -I/usr/include/pixman-1  '
pkg_cv_GTK_LIBS='-lgtk-x11-2.0 -lgdk-x11-2.0 -latk-1.0 -lgdk_pixbuf-2.0 -lm -lpangocairo-1.0 -lpango-1.0 -lcairo -lgobject-2.0 -lgmodule-2.0 -ldl -lglib-2.0  '

## ----------------- ##
## Output variables. ##
## ----------------- ##

ACLOCAL='${SHELL} /home/bruce/code/hildon/libhildon1/missing --run aclocal-1.9'
ALL_LINGUAS='en_GB'
AMDEPBACKSLASH='\'
AMDEP_FALSE='#'
AMDEP_TRUE=''
AMTAR='${SHELL} /home/bruce/code/hildon/libhildon1/missing --run tar'
API_VERSION_MAJOR='1'
AR='ar'
AUTOCONF='${SHELL} /home/bruce/code/hildon/libhildon1/missing --run autoconf'
AUTOHEADER='${SHELL} /home/bruce/code/hildon/libhildon1/missing --run autoheader'
AUTOMAKE='${SHELL} /home/bruce/code/hildon/libhildon1/missing --run automake-1.9'
AWK='mawk'
BUILD_EXAMPLES_FALSE=''
BUILD_EXAMPLES_TRUE='#'
BUILD_TESTS_FALSE='#'
BUILD_TESTS_TRUE=''
CATALOGS=' en_GB.gmo'
CATOBJEXT='.gmo'
CC='gcc'
CCDEPMODE='depmode=gcc3'
CFLAGS='-g -O2 -DG_DISABLE_ASSERT -Wall -Wmissing-prototypes -Wmissing-declarations -Wno-format  '
CHECK_CFLAGS=' '
CHECK_LIBS='-lcheck  '
CPP='gcc -E'
CPPFLAGS=''
CXX='g++'
CXXCPP='g++ -E'
CXXDEPMODE='depmode=gcc3'
CXXFLAGS='-g -O2'
CYGPATH_W='echo'
DATADIRNAME='share'
DEFS='-DHAVE_CONFIG_H'
DEPDIR='.deps'
DSYMUTIL=''
ECHO='echo'
ECHO_C=''
ECHO_N='-n'
ECHO_T=''
EGREP='/bin/grep -E'
ENABLE_GTK_DOC_FALSE=''
ENABLE_GTK_DOC_TRUE='#'
ESD_CFLAGS=' '
ESD_LIBS='-lesd -laudiofile  '
EXEEXT=''
F77=''
FFLAGS=''
GCONF_CFLAGS='-DORBIT2=1 -pthread -I/usr/include/gconf/2 -I/usr/include/orbit-2.0 -I/usr/include/glib-2.0 -I/usr/lib/glib-2.0/include  '
GCONF_LIBS='-lgconf-2 -lglib-2.0  '
GMOFILES=' en_GB.gmo'
GMSGFMT='/usr/bin/msgfmt'
GREP='/bin/grep'
GTK_CFLAGS='-I/usr/include/gtk-2.0 -I/usr/lib/gtk-2.0/include -I/usr/include/atk-1.0 -I/usr/include/cairo -I/usr/include/pango-1.0 -I/usr/include/glib-2.0 -I/usr/lib/glib-2.0/include -I/usr/include/freetype2 -I/usr/include/libpng12 -I/usr/include/pixman-1  '
GTK_DOC_USE_LIBTOOL_FALSE='#'
GTK_DOC_USE_LIBTOOL_TRUE=''
GTK_LIBS='-lgtk-x11-2.0 -lgdk-x11-2.0 -latk-1.0 -lgdk_pixbuf-2.0 -lm -lpangocairo-1.0 -lpango-1.0 -lcairo -lgobject-2.0 -lgmodule-2.0 -ldl -lglib-2.0  '
GTK_VERSION='2.10'
HILDON_AGE='18'
HILDON_CURRENT='18'
HILDON_LIBVERSION='18:1:18'
HILDON_LT_LDFLAGS=' -version-info 18:1:18'
HILDON_OBJ_CFLAGS='$(CFLAGS) $(GTK_CFLAGS) $(CHECK_CFLAGS) $(GCONF_CFLAGS) -I$(top_builddir)/src/'
HILDON_OBJ_LIBS='$(top_builddir)/src/libhildon-$(API_VERSION_MAJOR).la $(GTK_LIBS) $(GCONF_LIBS) $(CHECK_LIBS) -pthread -lgthread-2.0 -lrt -lglib-2.0  '
HILDON_REVISION='1'
HTML_DIR='${datadir}/gtk-doc/html'
INSTALL_DATA='${INSTALL} -m 644'
INSTALL_PROGRAM='${INSTALL}'
INSTALL_SCRIPT='${INSTALL}'
INSTALL_STRIP_PROGRAM='${SHELL} $(install_sh) -c -s'
INSTOBJEXT='.mo'
INTLLIBS=''
LDFLAGS='-L/opt/hildon/lib '
LIBOBJS=''
LIBS=''
LIBTOOL='$(SHELL) $(top_builddir)/libtool'
LN_S='ln -s'
LTLIBOBJS=''
MAEMO_CHANGES=''
MAINT=''
MAINTAINER_MODE_FALSE='#'
MAINTAINER_MODE_TRUE=''
MAKEINFO='${SHELL} /home/bruce/code/hildon/libhildon1/missing --run makeinfo'
MKINSTALLDIRS='./mkinstalldirs'
MSGFMT='/usr/bin/msgfmt'
MSGFMT_OPTS='-c'
NMEDIT=''
OBJEXT='o'
PACKAGE='hildon'
PACKAGE_BUGREPORT='kimmo.hamalainen@nokia.com'
PACKAGE_NAME='Hildon gtk widgets'
PACKAGE_STRING='Hildon gtk widgets 2.0.7'
PACKAGE_TARNAME='hildon'
PACKAGE_VERSION='2.0.7'
PACKAGE_VERSION_MAJOR='2'
PACKAGE_VERSION_MICRO='7'
PACKAGE_VERSION_MINOR='0'
PATH_SEPARATOR=':'
PERL='perl'
PKG_CONFIG='/usr/bin/pkg-config'
POFILES=' en_GB.po'
POSUB='po'
PO_IN_DATADIR_FALSE=''
PO_IN_DATADIR_TRUE=''
RANLIB='ranlib'
REBUILD=''
SED='/bin/sed'
SET_MAKE=''
SHELL='/bin/bash'
STRIP='strip'
USE_MAEMO_GTK_FALSE=''
USE_MAEMO_GTK_TRUE='#'
USE_NLS='yes'
VERSION='2.0.7'
XGETTEXT='/usr/bin/xgettext'
ac_ct_CC='gcc'
ac_ct_CXX='g++'
ac_ct_F77=''
am__fastdepCC_FALSE='#'
am__fastdepCC_TRUE=''
am__fastdepCXX_FALSE='#'
am__fastdepCXX_TRUE=''
am__include='include'
am__leading_dot='.'
am__quote=''
am__tar='${AMTAR} chof - "$$tardir"'
am__untar='${AMTAR} xf -'
bindir='${exec_prefix}/bin'
build='i686-pc-linux-gnu'
build_alias=''
build_cpu='i686'
build_os='linux-gnu'
build_vendor='pc'
datadir='${datarootdir}'
datarootdir='${prefix}/share'
docdir='${datarootdir}/doc/${PACKAGE_TARNAME}'
dvidir='${docdir}'
exec_prefix='${prefix}'
host='i686-pc-linux-gnu'
host_alias=''
host_cpu='i686'
host_os='linux-gnu'
host_vendor='pc'
htmldir='${docdir}'
includedir='${prefix}/include'
infodir='${datarootdir}/info'
install_sh='/home/bruce/code/hildon/libhildon1/install-sh'
libdir='${exec_prefix}/lib'
libexecdir='${exec_prefix}/libexec'
localedir='${datarootdir}/locale'
localstatedir='${prefix}/var'
mandir='${datarootdir}/man'
mkdir_p='mkdir -p --'
oldincludedir='/usr/include'
pdfdir='${docdir}'
prefix='/opt/hildon'
program_transform_name='s,x,x,'
psdir='${docdir}'
sbindir='${exec_prefix}/sbin'
sharedstatedir='${prefix}/com'
sysconfdir='${prefix}/etc'
target='i686-pc-linux-gnu'
target_alias=''
target_cpu='i686'
target_os='linux-gnu'
target_vendor='pc'

## ----------- ##
## confdefs.h. ##
## ----------- ##

#define PACKAGE_NAME "Hildon gtk widgets"
#define PACKAGE_TARNAME "hildon"
#define PACKAGE_VERSION "2.0.7"
#define PACKAGE_STRING "Hildon gtk widgets 2.0.7"
#define PACKAGE_BUGREPORT "kimmo.hamalainen@nokia.com"
#define PACKAGE "hildon"
#define VERSION "2.0.7"
#define STDC_HEADERS 1
#define HAVE_SYS_TYPES_H 1
#define HAVE_SYS_STAT_H 1
#define HAVE_STDLIB_H 1
#define HAVE_STRING_H 1
#define HAVE_MEMORY_H 1
#define HAVE_STRINGS_H 1
#define HAVE_INTTYPES_H 1
#define HAVE_STDINT_H 1
#define HAVE_UNISTD_H 1
#define HAVE_DLFCN_H 1
#define STDC_HEADERS 1
#define HAVE_LOCALE_H 1
#define HAVE_LC_MESSAGES 1
#define HAVE_BIND_TEXTDOMAIN_CODESET 1
#define HAVE_GETTEXT 1
#define HAVE_DCGETTEXT 1
#define ENABLE_NLS 1

configure: exit 0
