This file contains any messages produced by compilers while
running configure, to aid debugging if configure makes a mistake.

It was created by configure, which was
generated by GNU Autoconf 2.61.  Invocation command line was

  $ ./configure --enable-maintainer-mode --prefix /opt/hildon --libdir ${exec_prefix}/lib --disable-static --disable-gtk-doc

## --------- ##
## Platform. ##
## --------- ##

hostname = bruce-desktop
uname -m = i686
uname -r = 2.6.24-23-generic
uname -s = Linux
uname -v = #1 SMP Thu Nov 27 18:44:42 UTC 2008

/usr/bin/uname -p = unknown
/bin/uname -X     = unknown

/bin/arch              = unknown
/usr/bin/arch -k       = unknown
/usr/convex/getsysinfo = unknown
/usr/bin/hostinfo      = unknown
/bin/machine           = unknown
/usr/bin/oslevel       = unknown
/bin/universe          = unknown

PATH: /opt/hildon/bin
PATH: /usr/local/sbin
PATH: /usr/local/bin
PATH: /usr/sbin
PATH: /usr/bin
PATH: /sbin
PATH: /bin
PATH: /usr/games


## ----------- ##
## Core tests. ##
## ----------- ##

configure:1709: checking for a BSD-compatible install
configure:1765: result: /home/bruce/bin/install-check
configure:1776: checking whether build environment is sane
configure:1819: result: yes
configure:1884: checking for gawk
configure:1914: result: no
configure:1884: checking for mawk
configure:1900: found /usr/bin/mawk
configure:1911: result: mawk
configure:1922: checking whether make sets $(MAKE)
configure:1943: result: yes
configure:2143: checking for a BSD-compatible install
configure:2199: result: /home/bruce/bin/install-check
configure:2269: checking for pkg-config
configure:2287: found /usr/bin/pkg-config
configure:2299: result: /usr/bin/pkg-config
configure:2328: checking pkg-config is at least version 0.9.0
configure:2331: result: yes
configure:2342: checking for HILDON_LAYOUT
configure:2350: $PKG_CONFIG --exists --print-errors ""$LAYOUT_NAME" >= 0.14.0"
configure:2353: $? = 0
configure:2368: $PKG_CONFIG --exists --print-errors ""$LAYOUT_NAME" >= 0.14.0"
configure:2371: $? = 0
configure:2447: result: yes
configure:2597: checking for TOOLS
configure:2605: $PKG_CONFIG --exists --print-errors "hildon-theme-tools >= 0.5.0"
configure:2608: $? = 0
configure:2623: $PKG_CONFIG --exists --print-errors "hildon-theme-tools >= 0.5.0"
configure:2626: $? = 0
configure:2702: result: yes
configure:2809: creating ./config.status

## ---------------------- ##
## Running config.status. ##
## ---------------------- ##

This file was extended by config.status, which was
generated by GNU Autoconf 2.61.  Invocation command line was

  CONFIG_FILES    = 
  CONFIG_HEADERS  = 
  CONFIG_LINKS    = 
  CONFIG_COMMANDS = 
  $ ./config.status 

on bruce-desktop

config.status:620: creating Makefile
config.status:620: creating template/Makefile
config.status:620: creating data/Makefile
config.status:620: creating wallpaper/Makefile
config.status:620: creating wallpaper/theme_bg.desktop
config.status:620: creating config.h
configure:3878: result:
hildon-theme-plankton 4.14.5

        Theme name    : Plankton
        Theme dir     : plankton
        Theme full dir: /opt/hildon/share/themes/plankton
        Matchbox dir  : /opt/hildon/share/themes/plankton/matchbox
        Gtk full dir  : /opt/hildon/share/themes/plankton/gtk-2.0

        Layout name   : hildon-theme-layout-4
        Layout dir    : /opt/hildon/share/hildon-theme-layout-4/


## ---------------- ##
## Cache variables. ##
## ---------------- ##

ac_cv_env_HILDON_LAYOUT_CFLAGS_set=
ac_cv_env_HILDON_LAYOUT_CFLAGS_value=
ac_cv_env_HILDON_LAYOUT_LIBS_set=
ac_cv_env_HILDON_LAYOUT_LIBS_value=
ac_cv_env_PKG_CONFIG_set=
ac_cv_env_PKG_CONFIG_value=
ac_cv_env_TOOLS_CFLAGS_set=
ac_cv_env_TOOLS_CFLAGS_value=
ac_cv_env_TOOLS_LIBS_set=
ac_cv_env_TOOLS_LIBS_value=
ac_cv_env_build_alias_set=
ac_cv_env_build_alias_value=
ac_cv_env_host_alias_set=
ac_cv_env_host_alias_value=
ac_cv_env_target_alias_set=
ac_cv_env_target_alias_value=
ac_cv_path_ac_pt_PKG_CONFIG=/usr/bin/pkg-config
ac_cv_prog_AWK=mawk
ac_cv_prog_make_make_set=yes
pkg_cv_HILDON_LAYOUT_CFLAGS=' '
pkg_cv_HILDON_LAYOUT_LIBS=' '
pkg_cv_TOOLS_CFLAGS=' '
pkg_cv_TOOLS_LIBS=' '

## ----------------- ##
## Output variables. ##
## ----------------- ##

ACLOCAL='${SHELL} /home/bruce/code/hildon/hildon-theme-plankton/missing --run aclocal-1.9'
ACLOCAL_FLAGS='-I m4'
AMTAR='${SHELL} /home/bruce/code/hildon/hildon-theme-plankton/missing --run tar'
AUTOCONF='${SHELL} /home/bruce/code/hildon/hildon-theme-plankton/missing --run autoconf'
AUTOHEADER='${SHELL} /home/bruce/code/hildon/hildon-theme-plankton/missing --run autoheader'
AUTOMAKE='${SHELL} /home/bruce/code/hildon/hildon-theme-plankton/missing --run automake-1.9'
AWK='mawk'
CYGPATH_W='echo'
DEFS='-DHAVE_CONFIG_H'
ECHO_C=''
ECHO_N='-n'
ECHO_T=''
GTK_FULL_DIR='/opt/hildon/share/themes/plankton/gtk-2.0'
HILDON_LAYOUT_CFLAGS=' '
HILDON_LAYOUT_LIBS=' '
IMAGES_FULL_DIR='/opt/hildon/share/themes/plankton/images'
INSTALL_DATA='${INSTALL} -m 644'
INSTALL_PROGRAM='${INSTALL}'
INSTALL_SCRIPT='${INSTALL}'
INSTALL_STRIP_PROGRAM='${SHELL} $(install_sh) -c -s'
LAYOUT_DIR='/opt/hildon/share/hildon-theme-layout-4/'
LIBOBJS=''
LIBS=''
LTLIBOBJS=''
MAKEINFO='${SHELL} /home/bruce/code/hildon/hildon-theme-plankton/missing --run makeinfo'
MATCHBOX_FULL_DIR='/opt/hildon/share/themes/plankton/matchbox'
PACKAGE='hildon-theme-plankton'
PACKAGE_BUGREPORT=''
PACKAGE_NAME=''
PACKAGE_STRING=''
PACKAGE_TARNAME=''
PACKAGE_VERSION=''
PATH_SEPARATOR=':'
PKG_CONFIG='/usr/bin/pkg-config'
SET_MAKE=''
SHELL='/bin/bash'
STRIP=''
THEME_DIR='plankton'
THEME_FULL_DIR='/opt/hildon/share/themes/plankton'
THEME_NAME='Plankton'
TOOLS_CFLAGS=' '
TOOLS_LIBS=' '
VERSION='4.14.5'
am__leading_dot='.'
am__tar='${AMTAR} chof - "$$tardir"'
am__untar='${AMTAR} xf -'
bindir='${exec_prefix}/bin'
build_alias=''
datadir='${datarootdir}'
datarootdir='${prefix}/share'
docdir='${datarootdir}/doc/${PACKAGE}'
dvidir='${docdir}'
exec_prefix='${prefix}'
host_alias=''
htmldir='${docdir}'
includedir='${prefix}/include'
infodir='${datarootdir}/info'
install_sh='/home/bruce/code/hildon/hildon-theme-plankton/install-sh'
libdir='${exec_prefix}/lib'
libexecdir='${exec_prefix}/libexec'
localedir='${datarootdir}/locale'
localstatedir='${prefix}/var'
mandir='${datarootdir}/man'
mkdir_p='mkdir -p --'
oldincludedir='/usr/include'
pdfdir='${docdir}'
prefix='/opt/hildon'
program_transform_name='s,x,x,'
psdir='${docdir}'
sbindir='${exec_prefix}/sbin'
sharedstatedir='${prefix}/com'
sysconfdir='${prefix}/etc'
target_alias=''

## ----------- ##
## confdefs.h. ##
## ----------- ##

#define PACKAGE_NAME ""
#define PACKAGE_TARNAME ""
#define PACKAGE_VERSION ""
#define PACKAGE_STRING ""
#define PACKAGE_BUGREPORT ""
#define PACKAGE "hildon-theme-plankton"
#define VERSION "4.14.5"

configure: exit 0
