This file contains any messages produced by compilers while
running configure, to aid debugging if configure makes a mistake.

It was created by configure, which was
generated by GNU Autoconf 2.61.  Invocation command line was

  $ ./configure --enable-maintainer-mode --prefix /opt/hildon --libdir ${exec_prefix}/lib --disable-static --disable-gtk-doc

## --------- ##
## Platform. ##
## --------- ##

hostname = bruce-desktop
uname -m = i686
uname -r = 2.6.24-23-generic
uname -s = Linux
uname -v = #1 SMP Thu Nov 27 18:44:42 UTC 2008

/usr/bin/uname -p = unknown
/bin/uname -X     = unknown

/bin/arch              = unknown
/usr/bin/arch -k       = unknown
/usr/convex/getsysinfo = unknown
/usr/bin/hostinfo      = unknown
/bin/machine           = unknown
/usr/bin/oslevel       = unknown
/bin/universe          = unknown

PATH: /opt/hildon/bin
PATH: /usr/local/sbin
PATH: /usr/local/bin
PATH: /usr/sbin
PATH: /usr/bin
PATH: /sbin
PATH: /bin
PATH: /usr/games


## ----------- ##
## Core tests. ##
## ----------- ##

configure:1693: checking for a BSD-compatible install
configure:1749: result: /home/bruce/bin/install-check
configure:1760: checking whether build environment is sane
configure:1803: result: yes
configure:1868: checking for gawk
configure:1898: result: no
configure:1868: checking for mawk
configure:1884: found /usr/bin/mawk
configure:1895: result: mawk
configure:1906: checking whether make sets $(MAKE)
configure:1927: result: yes
configure:2127: checking for a BSD-compatible install
configure:2183: result: /home/bruce/bin/install-check
configure:2245: checking for pkg-config
configure:2263: found /usr/bin/pkg-config
configure:2275: result: /usr/bin/pkg-config
configure:2304: checking pkg-config is at least version 0.9.0
configure:2307: result: yes
configure:2318: checking for TOOLS
configure:2326: $PKG_CONFIG --exists --print-errors "hildon-theme-tools >= 0.2.0"
configure:2329: $? = 0
configure:2344: $PKG_CONFIG --exists --print-errors "hildon-theme-tools >= 0.2.0"
configure:2347: $? = 0
configure:2423: result: yes
configure:2530: creating ./config.status

## ---------------------- ##
## Running config.status. ##
## ---------------------- ##

This file was extended by config.status, which was
generated by GNU Autoconf 2.61.  Invocation command line was

  CONFIG_FILES    = 
  CONFIG_HEADERS  = 
  CONFIG_LINKS    = 
  CONFIG_COMMANDS = 
  $ ./config.status 

on bruce-desktop

config.status:611: creating Makefile
config.status:611: creating rc/Makefile
config.status:611: creating pkgconfig/hildon-theme-layout-4.pc
config.status:746: WARNING:  pkgconfig/hildon-theme-layout-4.pc.in seems to ignore the --datarootdir setting
config.status:611: creating pkgconfig/Makefile
config.status:611: creating data/Makefile
config.status:611: creating data/bundle.ini
config.status:611: creating config.h

## ---------------- ##
## Cache variables. ##
## ---------------- ##

ac_cv_env_PKG_CONFIG_set=
ac_cv_env_PKG_CONFIG_value=
ac_cv_env_TOOLS_CFLAGS_set=
ac_cv_env_TOOLS_CFLAGS_value=
ac_cv_env_TOOLS_LIBS_set=
ac_cv_env_TOOLS_LIBS_value=
ac_cv_env_build_alias_set=
ac_cv_env_build_alias_value=
ac_cv_env_host_alias_set=
ac_cv_env_host_alias_value=
ac_cv_env_target_alias_set=
ac_cv_env_target_alias_value=
ac_cv_path_ac_pt_PKG_CONFIG=/usr/bin/pkg-config
ac_cv_prog_AWK=mawk
ac_cv_prog_make_make_set=yes
pkg_cv_TOOLS_CFLAGS=' '
pkg_cv_TOOLS_LIBS=' '

## ----------------- ##
## Output variables. ##
## ----------------- ##

ACLOCAL='${SHELL} /home/bruce/code/hildon/hildon-theme-layout-4/missing --run aclocal-1.9'
AMTAR='${SHELL} /home/bruce/code/hildon/hildon-theme-layout-4/missing --run tar'
AUTOCONF='${SHELL} /home/bruce/code/hildon/hildon-theme-layout-4/missing --run autoconf'
AUTOHEADER='${SHELL} /home/bruce/code/hildon/hildon-theme-layout-4/missing --run autoheader'
AUTOMAKE='${SHELL} /home/bruce/code/hildon/hildon-theme-layout-4/missing --run automake-1.9'
AWK='mawk'
CYGPATH_W='echo'
DEFS='-DHAVE_CONFIG_H'
ECHO_C=''
ECHO_N='-n'
ECHO_T=''
INSTALL_DATA='${INSTALL} -m 644'
INSTALL_PROGRAM='${INSTALL}'
INSTALL_SCRIPT='${INSTALL}'
INSTALL_STRIP_PROGRAM='${SHELL} $(install_sh) -c -s'
LIBOBJS=''
LIBS=''
LTLIBOBJS=''
MAKEINFO='${SHELL} /home/bruce/code/hildon/hildon-theme-layout-4/missing --run makeinfo'
PACKAGE='hildon-theme-layout-4'
PACKAGE_BUGREPORT=''
PACKAGE_NAME=''
PACKAGE_STRING=''
PACKAGE_TARNAME=''
PACKAGE_VERSION=''
PATH_SEPARATOR=':'
PKG_CONFIG='/usr/bin/pkg-config'
SET_MAKE=''
SHELL='/bin/bash'
STRIP=''
TOOLS_CFLAGS=' '
TOOLS_LIBS=' '
VERSION='0.14.9'
am__leading_dot='.'
am__tar='${AMTAR} chof - "$$tardir"'
am__untar='${AMTAR} xf -'
bindir='${exec_prefix}/bin'
build_alias=''
datadir='${datarootdir}'
datarootdir='${prefix}/share'
docdir='${datarootdir}/doc/${PACKAGE}'
dvidir='${docdir}'
exec_prefix='${prefix}'
host_alias=''
htmldir='${docdir}'
includedir='${prefix}/include'
infodir='${datarootdir}/info'
install_sh='/home/bruce/code/hildon/hildon-theme-layout-4/install-sh'
libdir='${exec_prefix}/lib'
libexecdir='${exec_prefix}/libexec'
localedir='${datarootdir}/locale'
localstatedir='${prefix}/var'
mandir='${datarootdir}/man'
mkdir_p='mkdir -p --'
oldincludedir='/usr/include'
pdfdir='${docdir}'
prefix='/opt/hildon'
program_transform_name='s,x,x,'
psdir='${docdir}'
sbindir='${exec_prefix}/sbin'
sharedstatedir='${prefix}/com'
sysconfdir='${prefix}/etc'
target_alias=''

## ----------- ##
## confdefs.h. ##
## ----------- ##

#define PACKAGE_NAME ""
#define PACKAGE_TARNAME ""
#define PACKAGE_VERSION ""
#define PACKAGE_STRING ""
#define PACKAGE_BUGREPORT ""
#define PACKAGE "hildon-theme-layout-4"
#define VERSION "0.14.9"

configure: exit 0
