This file contains any messages produced by compilers while
running configure, to aid debugging if configure makes a mistake.

It was created by matchbox-window-manager configure 1.2, which was
generated by GNU Autoconf 2.61.  Invocation command line was

  $ ./configure --enable-maintainer-mode --prefix /opt/hildon --libdir ${exec_prefix}/lib --disable-static --disable-gtk-doc

## --------- ##
## Platform. ##
## --------- ##

hostname = bruce-desktop
uname -m = i686
uname -r = 2.6.24-23-generic
uname -s = Linux
uname -v = #1 SMP Thu Nov 27 18:44:42 UTC 2008

/usr/bin/uname -p = unknown
/bin/uname -X     = unknown

/bin/arch              = unknown
/usr/bin/arch -k       = unknown
/usr/convex/getsysinfo = unknown
/usr/bin/hostinfo      = unknown
/bin/machine           = unknown
/usr/bin/oslevel       = unknown
/bin/universe          = unknown

PATH: /opt/hildon/bin
PATH: /usr/local/sbin
PATH: /usr/local/bin
PATH: /usr/sbin
PATH: /usr/bin
PATH: /sbin
PATH: /bin
PATH: /usr/games


## ----------- ##
## Core tests. ##
## ----------- ##

configure:1873: checking for a BSD-compatible install
configure:1929: result: /home/bruce/bin/install-check
configure:1940: checking whether build environment is sane
configure:1983: result: yes
configure:2048: checking for gawk
configure:2078: result: no
configure:2048: checking for mawk
configure:2064: found /usr/bin/mawk
configure:2075: result: mawk
configure:2086: checking whether make sets $(MAKE)
configure:2107: result: yes
configure:2291: checking whether to enable maintainer-specific portions of Makefiles
configure:2300: result: yes
configure:2367: checking for gcc
configure:2383: found /usr/bin/gcc
configure:2394: result: gcc
configure:2632: checking for C compiler version
configure:2639: gcc --version >&5
gcc (GCC) 4.2.4 (Ubuntu 4.2.4-1ubuntu3)
Copyright (C) 2007 Free Software Foundation, Inc.
This is free software; see the source for copying conditions.  There is NO
warranty; not even for MERCHANTABILITY or FITNESS FOR A PARTICULAR PURPOSE.

configure:2642: $? = 0
configure:2649: gcc -v >&5
Using built-in specs.
Target: i486-linux-gnu
Configured with: ../src/configure -v --enable-languages=c,c++,fortran,objc,obj-c++,treelang --prefix=/usr --enable-shared --with-system-zlib --libexecdir=/usr/lib --without-included-gettext --enable-threads=posix --enable-nls --with-gxx-include-dir=/usr/include/c++/4.2 --program-suffix=-4.2 --enable-clocale=gnu --enable-libstdcxx-debug --enable-objc-gc --enable-mpfr --enable-targets=all --enable-checking=release --build=i486-linux-gnu --host=i486-linux-gnu --target=i486-linux-gnu
Thread model: posix
gcc version 4.2.4 (Ubuntu 4.2.4-1ubuntu3)
configure:2652: $? = 0
configure:2659: gcc -V >&5
gcc: '-V' option must have argument
configure:2662: $? = 1
configure:2685: checking for C compiler default output file name
configure:2712: gcc   -L/opt/hildon/lib  conftest.c  >&5
configure:2715: $? = 0
configure:2753: result: a.out
configure:2770: checking whether the C compiler works
configure:2780: ./a.out
configure:2783: $? = 0
configure:2800: result: yes
configure:2807: checking whether we are cross compiling
configure:2809: result: no
configure:2812: checking for suffix of executables
configure:2819: gcc -o conftest   -L/opt/hildon/lib  conftest.c  >&5
configure:2822: $? = 0
configure:2846: result: 
configure:2852: checking for suffix of object files
configure:2878: gcc -c   conftest.c >&5
configure:2881: $? = 0
configure:2904: result: o
configure:2908: checking whether we are using the GNU C compiler
configure:2937: gcc -c   conftest.c >&5
configure:2943: $? = 0
configure:2960: result: yes
configure:2965: checking whether gcc accepts -g
configure:2995: gcc -c -g  conftest.c >&5
configure:3001: $? = 0
configure:3100: result: yes
configure:3117: checking for gcc option to accept ISO C89
configure:3191: gcc  -c -g -O2  conftest.c >&5
configure:3197: $? = 0
configure:3220: result: none needed
configure:3249: checking for style of include used by make
configure:3277: result: GNU
configure:3305: checking dependency style of gcc
configure:3395: result: gcc3
configure:3415: checking for sys/wait.h that is POSIX.1 compatible
configure:3451: gcc -c -g -O2  conftest.c >&5
configure:3457: $? = 0
configure:3472: result: yes
configure:3487: checking how to run the C preprocessor
configure:3527: gcc -E  conftest.c
configure:3533: $? = 0
configure:3564: gcc -E  conftest.c
conftest.c:11:28: error: ac_nonexistent.h: No such file or directory
configure:3570: $? = 1
configure: failed program was:
| /* confdefs.h.  */
| #define PACKAGE_NAME "matchbox-window-manager"
| #define PACKAGE_TARNAME "matchbox-window-manager"
| #define PACKAGE_VERSION "1.2"
| #define PACKAGE_STRING "matchbox-window-manager 1.2"
| #define PACKAGE_BUGREPORT "mallum@handhelds.org"
| #define PACKAGE "matchbox-window-manager"
| #define VERSION "1.2"
| #define HAVE_SYS_WAIT_H 1
| /* end confdefs.h.  */
| #include <ac_nonexistent.h>
configure:3603: result: gcc -E
configure:3632: gcc -E  conftest.c
configure:3638: $? = 0
configure:3669: gcc -E  conftest.c
conftest.c:11:28: error: ac_nonexistent.h: No such file or directory
configure:3675: $? = 1
configure: failed program was:
| /* confdefs.h.  */
| #define PACKAGE_NAME "matchbox-window-manager"
| #define PACKAGE_TARNAME "matchbox-window-manager"
| #define PACKAGE_VERSION "1.2"
| #define PACKAGE_STRING "matchbox-window-manager 1.2"
| #define PACKAGE_BUGREPORT "mallum@handhelds.org"
| #define PACKAGE "matchbox-window-manager"
| #define VERSION "1.2"
| #define HAVE_SYS_WAIT_H 1
| /* end confdefs.h.  */
| #include <ac_nonexistent.h>
configure:3713: checking for grep that handles long lines and -e
configure:3787: result: /bin/grep
configure:3792: checking for egrep
configure:3870: result: /bin/grep -E
configure:3875: checking for ANSI C header files
configure:3905: gcc -c -g -O2  conftest.c >&5
configure:3911: $? = 0
configure:4010: gcc -o conftest -g -O2  -L/opt/hildon/lib  conftest.c  >&5
configure:4013: $? = 0
configure:4019: ./conftest
configure:4022: $? = 0
configure:4039: result: yes
configure:4063: checking for sys/types.h
configure:4084: gcc -c -g -O2  conftest.c >&5
configure:4090: $? = 0
configure:4106: result: yes
configure:4063: checking for sys/stat.h
configure:4084: gcc -c -g -O2  conftest.c >&5
configure:4090: $? = 0
configure:4106: result: yes
configure:4063: checking for stdlib.h
configure:4084: gcc -c -g -O2  conftest.c >&5
configure:4090: $? = 0
configure:4106: result: yes
configure:4063: checking for string.h
configure:4084: gcc -c -g -O2  conftest.c >&5
configure:4090: $? = 0
configure:4106: result: yes
configure:4063: checking for memory.h
configure:4084: gcc -c -g -O2  conftest.c >&5
configure:4090: $? = 0
configure:4106: result: yes
configure:4063: checking for strings.h
configure:4084: gcc -c -g -O2  conftest.c >&5
configure:4090: $? = 0
configure:4106: result: yes
configure:4063: checking for inttypes.h
configure:4084: gcc -c -g -O2  conftest.c >&5
configure:4090: $? = 0
configure:4106: result: yes
configure:4063: checking for stdint.h
configure:4084: gcc -c -g -O2  conftest.c >&5
configure:4090: $? = 0
configure:4106: result: yes
configure:4063: checking for unistd.h
configure:4084: gcc -c -g -O2  conftest.c >&5
configure:4090: $? = 0
configure:4106: result: yes
configure:4125: checking for stdlib.h
configure:4131: result: yes
configure:4125: checking for string.h
configure:4131: result: yes
configure:4125: checking for unistd.h
configure:4131: result: yes
configure:4466: checking for pkg-config
configure:4484: found /usr/bin/pkg-config
configure:4496: result: /usr/bin/pkg-config
configure:4525: checking pkg-config is at least version 0.9.0
configure:4528: result: yes
configure:4539: checking for LIBMB
configure:4547: $PKG_CONFIG --exists --print-errors "libmb >= 1.5"
configure:4550: $? = 0
configure:4565: $PKG_CONFIG --exists --print-errors "libmb >= 1.5"
configure:4568: $? = 0
configure:4604: result: yes
configure:6384: checking for XFIXES
configure:6392: $PKG_CONFIG --exists --print-errors "xfixes >= 4.0"
configure:6395: $? = 0
configure:6410: $PKG_CONFIG --exists --print-errors "xfixes >= 4.0"
configure:6413: $? = 0
configure:6449: result: yes
configure:6464: checking for XCURSOR
configure:6472: $PKG_CONFIG --exists --print-errors "xcursor"
configure:6475: $? = 0
configure:6490: $PKG_CONFIG --exists --print-errors "xcursor"
configure:6493: $? = 0
configure:6529: result: yes
configure:7238: result: Using config source xml:merged:/etc/gconf/gconf.xml.defaults for schema installation
configure:7253: result: Using $(sysconfdir)/gconf/schemas as install directory for schema files
configure:7518: checking for libmb xsettings support
configure:7532: result: no
configure:7591: checking for an ANSI C-conforming const
configure:7666: gcc -c -g -O2  conftest.c >&5
configure:7672: $? = 0
configure:7687: result: yes
configure:7697: checking for pid_t
configure:7727: gcc -c -g -O2  conftest.c >&5
configure:7733: $? = 0
configure:7748: result: yes
configure:7777: checking vfork.h usability
configure:7794: gcc -c -g -O2  conftest.c >&5
conftest.c:59:19: error: vfork.h: No such file or directory
configure:7800: $? = 1
configure: failed program was:
| /* confdefs.h.  */
| #define PACKAGE_NAME "matchbox-window-manager"
| #define PACKAGE_TARNAME "matchbox-window-manager"
| #define PACKAGE_VERSION "1.2"
| #define PACKAGE_STRING "matchbox-window-manager 1.2"
| #define PACKAGE_BUGREPORT "mallum@handhelds.org"
| #define PACKAGE "matchbox-window-manager"
| #define VERSION "1.2"
| #define HAVE_SYS_WAIT_H 1
| #define STDC_HEADERS 1
| #define HAVE_SYS_TYPES_H 1
| #define HAVE_SYS_STAT_H 1
| #define HAVE_STDLIB_H 1
| #define HAVE_STRING_H 1
| #define HAVE_MEMORY_H 1
| #define HAVE_STRINGS_H 1
| #define HAVE_INTTYPES_H 1
| #define HAVE_STDINT_H 1
| #define HAVE_UNISTD_H 1
| #define HAVE_STDLIB_H 1
| #define HAVE_STRING_H 1
| #define HAVE_UNISTD_H 1
| #define HAVE_XFIXES 1
| #define HAVE_XCURSOR 1
| /* end confdefs.h.  */
| #include <stdio.h>
| #ifdef HAVE_SYS_TYPES_H
| # include <sys/types.h>
| #endif
| #ifdef HAVE_SYS_STAT_H
| # include <sys/stat.h>
| #endif
| #ifdef STDC_HEADERS
| # include <stdlib.h>
| # include <stddef.h>
| #else
| # ifdef HAVE_STDLIB_H
| #  include <stdlib.h>
| # endif
| #endif
| #ifdef HAVE_STRING_H
| # if !defined STDC_HEADERS && defined HAVE_MEMORY_H
| #  include <memory.h>
| # endif
| # include <string.h>
| #endif
| #ifdef HAVE_STRINGS_H
| # include <strings.h>
| #endif
| #ifdef HAVE_INTTYPES_H
| # include <inttypes.h>
| #endif
| #ifdef HAVE_STDINT_H
| # include <stdint.h>
| #endif
| #ifdef HAVE_UNISTD_H
| # include <unistd.h>
| #endif
| #include <vfork.h>
configure:7814: result: no
configure:7818: checking vfork.h presence
configure:7833: gcc -E  conftest.c
conftest.c:26:19: error: vfork.h: No such file or directory
configure:7839: $? = 1
configure: failed program was:
| /* confdefs.h.  */
| #define PACKAGE_NAME "matchbox-window-manager"
| #define PACKAGE_TARNAME "matchbox-window-manager"
| #define PACKAGE_VERSION "1.2"
| #define PACKAGE_STRING "matchbox-window-manager 1.2"
| #define PACKAGE_BUGREPORT "mallum@handhelds.org"
| #define PACKAGE "matchbox-window-manager"
| #define VERSION "1.2"
| #define HAVE_SYS_WAIT_H 1
| #define STDC_HEADERS 1
| #define HAVE_SYS_TYPES_H 1
| #define HAVE_SYS_STAT_H 1
| #define HAVE_STDLIB_H 1
| #define HAVE_STRING_H 1
| #define HAVE_MEMORY_H 1
| #define HAVE_STRINGS_H 1
| #define HAVE_INTTYPES_H 1
| #define HAVE_STDINT_H 1
| #define HAVE_UNISTD_H 1
| #define HAVE_STDLIB_H 1
| #define HAVE_STRING_H 1
| #define HAVE_UNISTD_H 1
| #define HAVE_XFIXES 1
| #define HAVE_XCURSOR 1
| /* end confdefs.h.  */
| #include <vfork.h>
configure:7853: result: no
configure:7886: checking for vfork.h
configure:7894: result: no
configure:7912: checking for fork
configure:7968: gcc -o conftest -g -O2  -L/opt/hildon/lib  conftest.c  >&5
conftest.c:49: warning: conflicting types for built-in function 'fork'
configure:7974: $? = 0
configure:7992: result: yes
configure:7912: checking for vfork
configure:7968: gcc -o conftest -g -O2  -L/opt/hildon/lib  conftest.c  >&5
configure:7974: $? = 0
configure:7992: result: yes
configure:8003: checking for working fork
configure:8035: gcc -o conftest -g -O2  -L/opt/hildon/lib  conftest.c  >&5
configure:8038: $? = 0
configure:8044: ./conftest
configure:8047: $? = 0
configure:8063: result: yes
configure:8084: checking for working vfork
configure:8222: result: yes
configure:8257: checking for vprintf
configure:8313: gcc -o conftest -g -O2  -L/opt/hildon/lib  conftest.c  >&5
conftest.c:53: warning: conflicting types for built-in function 'vprintf'
configure:8319: $? = 0
configure:8337: result: yes
configure:8344: checking for _doprnt
configure:8400: gcc -o conftest -g -O2  -L/opt/hildon/lib  conftest.c  >&5
/tmp/ccGyAkni.o: In function `main':
/home/bruce/code/hildon/matchbox-window-manager/conftest.c:65: undefined reference to `_doprnt'
collect2: ld returned 1 exit status
configure:8406: $? = 1
configure: failed program was:
| /* confdefs.h.  */
| #define PACKAGE_NAME "matchbox-window-manager"
| #define PACKAGE_TARNAME "matchbox-window-manager"
| #define PACKAGE_VERSION "1.2"
| #define PACKAGE_STRING "matchbox-window-manager 1.2"
| #define PACKAGE_BUGREPORT "mallum@handhelds.org"
| #define PACKAGE "matchbox-window-manager"
| #define VERSION "1.2"
| #define HAVE_SYS_WAIT_H 1
| #define STDC_HEADERS 1
| #define HAVE_SYS_TYPES_H 1
| #define HAVE_SYS_STAT_H 1
| #define HAVE_STDLIB_H 1
| #define HAVE_STRING_H 1
| #define HAVE_MEMORY_H 1
| #define HAVE_STRINGS_H 1
| #define HAVE_INTTYPES_H 1
| #define HAVE_STDINT_H 1
| #define HAVE_UNISTD_H 1
| #define HAVE_STDLIB_H 1
| #define HAVE_STRING_H 1
| #define HAVE_UNISTD_H 1
| #define HAVE_XFIXES 1
| #define HAVE_XCURSOR 1
| #define HAVE_FORK 1
| #define HAVE_VFORK 1
| #define HAVE_WORKING_VFORK 1
| #define HAVE_WORKING_FORK 1
| #define HAVE_VPRINTF 1
| /* end confdefs.h.  */
| /* Define _doprnt to an innocuous variant, in case <limits.h> declares _doprnt.
|    For example, HP-UX 11i <limits.h> declares gettimeofday.  */
| #define _doprnt innocuous__doprnt
| 
| /* System header to define __stub macros and hopefully few prototypes,
|     which can conflict with char _doprnt (); below.
|     Prefer <limits.h> to <assert.h> if __STDC__ is defined, since
|     <limits.h> exists even on freestanding compilers.  */
| 
| #ifdef __STDC__
| # include <limits.h>
| #else
| # include <assert.h>
| #endif
| 
| #undef _doprnt
| 
| /* Override any GCC internal prototype to avoid an error.
|    Use char because int might match the return type of a GCC
|    builtin and then its argument prototype would still apply.  */
| #ifdef __cplusplus
| extern "C"
| #endif
| char _doprnt ();
| /* The GNU C library defines this for functions which it implements
|     to always fail with ENOSYS.  Some functions are actually named
|     something starting with __ and the normal name is an alias.  */
| #if defined __stub__doprnt || defined __stub____doprnt
| choke me
| #endif
| 
| int
| main ()
| {
| return _doprnt ();
|   ;
|   return 0;
| }
configure:8423: result: no
configure:8443: checking for strchr
configure:8499: gcc -o conftest -g -O2  -L/opt/hildon/lib  conftest.c  >&5
conftest.c:54: warning: conflicting types for built-in function 'strchr'
configure:8505: $? = 0
configure:8523: result: yes
configure:8443: checking for strdup
configure:8499: gcc -o conftest -g -O2  -L/opt/hildon/lib  conftest.c  >&5
conftest.c:55: warning: conflicting types for built-in function 'strdup'
configure:8505: $? = 0
configure:8523: result: yes
configure:8443: checking for strsep
configure:8499: gcc -o conftest -g -O2  -L/opt/hildon/lib  conftest.c  >&5
configure:8505: $? = 0
configure:8523: result: yes
configure:8680: creating ./config.status

## ---------------------- ##
## Running config.status. ##
## ---------------------- ##

This file was extended by matchbox-window-manager config.status 1.2, which was
generated by GNU Autoconf 2.61.  Invocation command line was

  CONFIG_FILES    = 
  CONFIG_HEADERS  = 
  CONFIG_LINKS    = 
  CONFIG_COMMANDS = 
  $ ./config.status 

on bruce-desktop

config.status:679: creating Makefile
config.status:679: creating src/Makefile
config.status:679: creating data/Makefile
config.status:679: creating data/themes/Makefile
config.status:679: creating data/themes/Default/Makefile
config.status:679: creating data/themes/blondie/Makefile
config.status:679: creating data/themes/MBOpus/Makefile
config.status:679: creating data/schemas/Makefile
config.status:679: creating config.h
config.status:959: executing depfiles commands

## ---------------- ##
## Cache variables. ##
## ---------------- ##

ac_cv_c_compiler_gnu=yes
ac_cv_c_const=yes
ac_cv_env_CC_set=
ac_cv_env_CC_value=
ac_cv_env_CFLAGS_set=
ac_cv_env_CFLAGS_value=
ac_cv_env_COMPO_CFLAGS_set=
ac_cv_env_COMPO_CFLAGS_value=
ac_cv_env_COMPO_LIBS_set=
ac_cv_env_COMPO_LIBS_value=
ac_cv_env_CPPFLAGS_set=
ac_cv_env_CPPFLAGS_value=
ac_cv_env_CPP_set=
ac_cv_env_CPP_value=
ac_cv_env_GCONF_CFLAGS_set=
ac_cv_env_GCONF_CFLAGS_value=
ac_cv_env_GCONF_LIBS_set=
ac_cv_env_GCONF_LIBS_value=
ac_cv_env_LDFLAGS_set=set
ac_cv_env_LDFLAGS_value='-L/opt/hildon/lib '
ac_cv_env_LIBMB_CFLAGS_set=
ac_cv_env_LIBMB_CFLAGS_value=
ac_cv_env_LIBMB_LIBS_set=
ac_cv_env_LIBMB_LIBS_value=
ac_cv_env_LIBS_set=
ac_cv_env_LIBS_value=
ac_cv_env_PKG_CONFIG_set=
ac_cv_env_PKG_CONFIG_value=
ac_cv_env_SN_CFLAGS_set=
ac_cv_env_SN_CFLAGS_value=
ac_cv_env_SN_LIBS_set=
ac_cv_env_SN_LIBS_value=
ac_cv_env_XCURSOR_CFLAGS_set=
ac_cv_env_XCURSOR_CFLAGS_value=
ac_cv_env_XCURSOR_LIBS_set=
ac_cv_env_XCURSOR_LIBS_value=
ac_cv_env_XFIXES_CFLAGS_set=
ac_cv_env_XFIXES_CFLAGS_value=
ac_cv_env_XFIXES_LIBS_set=
ac_cv_env_XFIXES_LIBS_value=
ac_cv_env_XMKMF_set=
ac_cv_env_XMKMF_value=
ac_cv_env_build_alias_set=
ac_cv_env_build_alias_value=
ac_cv_env_host_alias_set=
ac_cv_env_host_alias_value=
ac_cv_env_target_alias_set=
ac_cv_env_target_alias_value=
ac_cv_func__doprnt=no
ac_cv_func_fork=yes
ac_cv_func_fork_works=yes
ac_cv_func_strchr=yes
ac_cv_func_strdup=yes
ac_cv_func_strsep=yes
ac_cv_func_vfork=yes
ac_cv_func_vfork_works=yes
ac_cv_func_vprintf=yes
ac_cv_header_inttypes_h=yes
ac_cv_header_memory_h=yes
ac_cv_header_stdc=yes
ac_cv_header_stdint_h=yes
ac_cv_header_stdlib_h=yes
ac_cv_header_string_h=yes
ac_cv_header_strings_h=yes
ac_cv_header_sys_stat_h=yes
ac_cv_header_sys_types_h=yes
ac_cv_header_sys_wait_h=yes
ac_cv_header_unistd_h=yes
ac_cv_header_vfork_h=no
ac_cv_objext=o
ac_cv_path_EGREP='/bin/grep -E'
ac_cv_path_GREP=/bin/grep
ac_cv_path_ac_pt_PKG_CONFIG=/usr/bin/pkg-config
ac_cv_prog_AWK=mawk
ac_cv_prog_CPP='gcc -E'
ac_cv_prog_ac_ct_CC=gcc
ac_cv_prog_cc_c89=
ac_cv_prog_cc_g=yes
ac_cv_prog_make_make_set=yes
ac_cv_type_pid_t=yes
am_cv_CC_dependencies_compiler_type=gcc3
pkg_cv_LIBMB_CFLAGS='-I/usr/include/freetype2 -I/usr/include/libpng12  '
pkg_cv_LIBMB_LIBS='-L/opt/hildon/lib -lmb -lX11 -lXext -lpng12  '
pkg_cv_XCURSOR_CFLAGS=' '
pkg_cv_XCURSOR_LIBS='-lXcursor  '
pkg_cv_XFIXES_CFLAGS=' '
pkg_cv_XFIXES_LIBS='-lXfixes  '

## ----------------- ##
## Output variables. ##
## ----------------- ##

ACLOCAL='${SHELL} /home/bruce/code/hildon/matchbox-window-manager/missing --run aclocal-1.9'
AMDEPBACKSLASH='\'
AMDEP_FALSE='#'
AMDEP_TRUE=''
AMTAR='${SHELL} /home/bruce/code/hildon/matchbox-window-manager/missing --run tar'
AUTOCONF='${SHELL} /home/bruce/code/hildon/matchbox-window-manager/missing --run autoconf'
AUTOHEADER='${SHELL} /home/bruce/code/hildon/matchbox-window-manager/missing --run autoheader'
AUTOMAKE='${SHELL} /home/bruce/code/hildon/matchbox-window-manager/missing --run automake-1.9'
AWK='mawk'
CC='gcc'
CCDEPMODE='depmode=gcc3'
CFLAGS='-g -O2'
COMPO_CFLAGS=''
COMPO_LIBS=''
CPP='gcc -E'
CPPFLAGS=''
CYGPATH_W='echo'
DEFS='-DHAVE_CONFIG_H'
DEPDIR='.deps'
ECHO_C=''
ECHO_N='-n'
ECHO_T=''
EGREP='/bin/grep -E'
ENABLE_SCHEMAS_FALSE=''
ENABLE_SCHEMAS_TRUE='#'
EXEEXT=''
EXPAT_CFLAGS=''
EXPAT_LIBS=''
GCONFTOOL=''
GCONF_CFLAGS=''
GCONF_LIBS=''
GCONF_SCHEMAS_INSTALL_FALSE='#'
GCONF_SCHEMAS_INSTALL_TRUE=''
GCONF_SCHEMA_CONFIG_SOURCE='xml:merged:/etc/gconf/gconf.xml.defaults'
GCONF_SCHEMA_FILE_DIR='$(sysconfdir)/gconf/schemas'
GCONF_SCHEMA_SUBDIRS=''
GREP='/bin/grep'
HAVE_EXPAT=''
HAVE_XMLPARSE_H=''
INSTALL_DATA='${INSTALL} -m 644'
INSTALL_PROGRAM='${INSTALL}'
INSTALL_SCRIPT='${INSTALL}'
INSTALL_STRIP_PROGRAM='${SHELL} $(install_sh) -c -s'
LDFLAGS='-L/opt/hildon/lib '
LIBMB_CFLAGS='-g -Wall -fno-strict-aliasing  -I/usr/include/freetype2 -I/usr/include/libpng12  '
LIBMB_LIBS='-L/opt/hildon/lib -lmb -lX11 -lXext -lpng12  '
LIBOBJS=''
LIBS=''
LTLIBOBJS=''
MAINT=''
MAINTAINER_MODE_FALSE='#'
MAINTAINER_MODE_TRUE=''
MAKEINFO='${SHELL} /home/bruce/code/hildon/matchbox-window-manager/missing --run makeinfo'
OBJEXT='o'
PACKAGE='matchbox-window-manager'
PACKAGE_BUGREPORT='mallum@handhelds.org'
PACKAGE_NAME='matchbox-window-manager'
PACKAGE_STRING='matchbox-window-manager 1.2'
PACKAGE_TARNAME='matchbox-window-manager'
PACKAGE_VERSION='1.2'
PATH_SEPARATOR=':'
PKG_CONFIG='/usr/bin/pkg-config'
SET_MAKE=''
SHELL='/bin/bash'
SN_CFLAGS=''
SN_LIBS=''
STRIP=''
VERSION='1.2'
WANT_STANDALONE_FALSE=''
WANT_STANDALONE_TRUE='#'
XCURSOR_CFLAGS=' '
XCURSOR_LIBS='-lXcursor  '
XFIXES_CFLAGS=' '
XFIXES_LIBS='-lXfixes  '
XFT_CONFIG=''
XMKMF=''
X_CFLAGS=''
X_EXTRA_LIBS=''
X_LIBS=''
X_PRE_LIBS=''
ac_ct_CC='gcc'
am__fastdepCC_FALSE='#'
am__fastdepCC_TRUE=''
am__include='include'
am__leading_dot='.'
am__quote=''
am__tar='${AMTAR} chof - "$$tardir"'
am__untar='${AMTAR} xf -'
bindir='${exec_prefix}/bin'
build_alias=''
datadir='${datarootdir}'
datarootdir='${prefix}/share'
docdir='${datarootdir}/doc/${PACKAGE_TARNAME}'
dvidir='${docdir}'
exec_prefix='${prefix}'
host_alias=''
htmldir='${docdir}'
includedir='${prefix}/include'
infodir='${datarootdir}/info'
install_sh='/home/bruce/code/hildon/matchbox-window-manager/install-sh'
libdir='${exec_prefix}/lib'
libexecdir='${exec_prefix}/libexec'
localedir='${datarootdir}/locale'
localstatedir='${prefix}/var'
mandir='${datarootdir}/man'
mkdir_p='mkdir -p --'
oldincludedir='/usr/include'
pdfdir='${docdir}'
prefix='/opt/hildon'
program_transform_name='s,x,x,'
psdir='${docdir}'
sbindir='${exec_prefix}/sbin'
sharedstatedir='${prefix}/com'
sysconfdir='${prefix}/etc'
target_alias=''

## ----------- ##
## confdefs.h. ##
## ----------- ##

#define PACKAGE_NAME "matchbox-window-manager"
#define PACKAGE_TARNAME "matchbox-window-manager"
#define PACKAGE_VERSION "1.2"
#define PACKAGE_STRING "matchbox-window-manager 1.2"
#define PACKAGE_BUGREPORT "mallum@handhelds.org"
#define PACKAGE "matchbox-window-manager"
#define VERSION "1.2"
#define HAVE_SYS_WAIT_H 1
#define STDC_HEADERS 1
#define HAVE_SYS_TYPES_H 1
#define HAVE_SYS_STAT_H 1
#define HAVE_STDLIB_H 1
#define HAVE_STRING_H 1
#define HAVE_MEMORY_H 1
#define HAVE_STRINGS_H 1
#define HAVE_INTTYPES_H 1
#define HAVE_STDINT_H 1
#define HAVE_UNISTD_H 1
#define HAVE_STDLIB_H 1
#define HAVE_STRING_H 1
#define HAVE_UNISTD_H 1
#define HAVE_XFIXES 1
#define HAVE_XCURSOR 1
#define HAVE_FORK 1
#define HAVE_VFORK 1
#define HAVE_WORKING_VFORK 1
#define HAVE_WORKING_FORK 1
#define HAVE_VPRINTF 1
#define HAVE_STRCHR 1
#define HAVE_STRDUP 1
#define HAVE_STRSEP 1

configure: exit 0
