This file contains any messages produced by compilers while
running configure, to aid debugging if configure makes a mistake.

It was created by configure, which was
generated by GNU Autoconf 2.61.  Invocation command line was

  $ ./configure --prefix /opt/hildon --libdir ${exec_prefix}/lib --disable-static --disable-gtk-doc LDFLAGS=-L/opt/hildon/lib  --no-create --no-recursion

## --------- ##
## Platform. ##
## --------- ##

hostname = bruce-desktop
uname -m = i686
uname -r = 2.6.24-23-generic
uname -s = Linux
uname -v = #1 SMP Thu Nov 27 18:44:42 UTC 2008

/usr/bin/uname -p = unknown
/bin/uname -X     = unknown

/bin/arch              = unknown
/usr/bin/arch -k       = unknown
/usr/convex/getsysinfo = unknown
/usr/bin/hostinfo      = unknown
/bin/machine           = unknown
/usr/bin/oslevel       = unknown
/bin/universe          = unknown

PATH: /opt/hildon/bin
PATH: /usr/local/sbin
PATH: /usr/local/bin
PATH: /usr/sbin
PATH: /usr/bin
PATH: /sbin
PATH: /bin
PATH: /usr/X11R6/bin


## ----------- ##
## Core tests. ##
## ----------- ##

configure:2152: checking for a BSD-compatible install
configure:2208: result: /home/bruce/bin/install-check
configure:2219: checking whether build environment is sane
configure:2262: result: yes
configure:2295: checking for gawk
configure:2325: result: no
configure:2295: checking for mawk
configure:2311: found /usr/bin/mawk
configure:2322: result: mawk
configure:2333: checking whether make sets $(MAKE)
configure:2354: result: yes
configure:2544: checking build system type
configure:2562: result: i686-pc-linux-gnu
configure:2584: checking host system type
configure:2599: result: i686-pc-linux-gnu
configure:2670: checking for gcc
configure:2686: found /usr/bin/gcc
configure:2697: result: gcc
configure:2935: checking for C compiler version
configure:2942: gcc --version >&5
gcc (GCC) 4.2.4 (Ubuntu 4.2.4-1ubuntu3)
Copyright (C) 2007 Free Software Foundation, Inc.
This is free software; see the source for copying conditions.  There is NO
warranty; not even for MERCHANTABILITY or FITNESS FOR A PARTICULAR PURPOSE.

configure:2945: $? = 0
configure:2952: gcc -v >&5
Using built-in specs.
Target: i486-linux-gnu
Configured with: ../src/configure -v --enable-languages=c,c++,fortran,objc,obj-c++,treelang --prefix=/usr --enable-shared --with-system-zlib --libexecdir=/usr/lib --without-included-gettext --enable-threads=posix --enable-nls --with-gxx-include-dir=/usr/include/c++/4.2 --program-suffix=-4.2 --enable-clocale=gnu --enable-libstdcxx-debug --enable-objc-gc --enable-mpfr --enable-targets=all --enable-checking=release --build=i486-linux-gnu --host=i486-linux-gnu --target=i486-linux-gnu
Thread model: posix
gcc version 4.2.4 (Ubuntu 4.2.4-1ubuntu3)
configure:2955: $? = 0
configure:2962: gcc -V >&5
gcc: '-V' option must have argument
configure:2965: $? = 1
configure:2988: checking for C compiler default output file name
configure:3015: gcc   -L/opt/hildon/lib  conftest.c  >&5
configure:3018: $? = 0
configure:3056: result: a.out
configure:3073: checking whether the C compiler works
configure:3083: ./a.out
configure:3086: $? = 0
configure:3103: result: yes
configure:3110: checking whether we are cross compiling
configure:3112: result: no
configure:3115: checking for suffix of executables
configure:3122: gcc -o conftest   -L/opt/hildon/lib  conftest.c  >&5
configure:3125: $? = 0
configure:3149: result: 
configure:3155: checking for suffix of object files
configure:3181: gcc -c   conftest.c >&5
configure:3184: $? = 0
configure:3207: result: o
configure:3211: checking whether we are using the GNU C compiler
configure:3240: gcc -c   conftest.c >&5
configure:3246: $? = 0
configure:3263: result: yes
configure:3268: checking whether gcc accepts -g
configure:3298: gcc -c -g  conftest.c >&5
configure:3304: $? = 0
configure:3403: result: yes
configure:3420: checking for gcc option to accept ISO C89
configure:3494: gcc  -c -g -O2  conftest.c >&5
configure:3500: $? = 0
configure:3523: result: none needed
configure:3552: checking for style of include used by make
configure:3580: result: GNU
configure:3608: checking dependency style of gcc
configure:3691: result: gcc3
configure:3713: checking how to run the C preprocessor
configure:3753: gcc -E  conftest.c
configure:3759: $? = 0
configure:3790: gcc -E  conftest.c
conftest.c:10:28: error: ac_nonexistent.h: No such file or directory
configure:3796: $? = 1
configure: failed program was:
| /* confdefs.h.  */
| #define PACKAGE_NAME ""
| #define PACKAGE_TARNAME ""
| #define PACKAGE_VERSION ""
| #define PACKAGE_STRING ""
| #define PACKAGE_BUGREPORT ""
| #define PACKAGE "hildon-desktop"
| #define VERSION "2.0.19"
| /* end confdefs.h.  */
| #include <ac_nonexistent.h>
configure:3829: result: gcc -E
configure:3858: gcc -E  conftest.c
configure:3864: $? = 0
configure:3895: gcc -E  conftest.c
conftest.c:10:28: error: ac_nonexistent.h: No such file or directory
configure:3901: $? = 1
configure: failed program was:
| /* confdefs.h.  */
| #define PACKAGE_NAME ""
| #define PACKAGE_TARNAME ""
| #define PACKAGE_VERSION ""
| #define PACKAGE_STRING ""
| #define PACKAGE_BUGREPORT ""
| #define PACKAGE "hildon-desktop"
| #define VERSION "2.0.19"
| /* end confdefs.h.  */
| #include <ac_nonexistent.h>
configure:3951: checking for a BSD-compatible install
configure:4007: result: /home/bruce/bin/install-check
configure:4090: checking for a sed that does not truncate output
configure:4146: result: /bin/sed
configure:4149: checking for grep that handles long lines and -e
configure:4223: result: /bin/grep
configure:4228: checking for egrep
configure:4306: result: /bin/grep -E
configure:4322: checking for ld used by gcc
configure:4389: result: /usr/bin/ld
configure:4398: checking if the linker (/usr/bin/ld) is GNU ld
configure:4413: result: yes
configure:4418: checking for /usr/bin/ld option to reload object files
configure:4425: result: -r
configure:4443: checking for BSD-compatible nm
configure:4492: result: /usr/bin/nm -B
configure:4496: checking whether ln -s works
configure:4500: result: yes
configure:4507: checking how to recognize dependent libraries
configure:4693: result: pass_all
configure:4934: checking for ANSI C header files
configure:4964: gcc -c -g -O2  conftest.c >&5
configure:4970: $? = 0
configure:5069: gcc -o conftest -g -O2  -L/opt/hildon/lib  conftest.c  >&5
configure:5072: $? = 0
configure:5078: ./conftest
configure:5081: $? = 0
configure:5098: result: yes
configure:5122: checking for sys/types.h
configure:5143: gcc -c -g -O2  conftest.c >&5
configure:5149: $? = 0
configure:5165: result: yes
configure:5122: checking for sys/stat.h
configure:5143: gcc -c -g -O2  conftest.c >&5
configure:5149: $? = 0
configure:5165: result: yes
configure:5122: checking for stdlib.h
configure:5143: gcc -c -g -O2  conftest.c >&5
configure:5149: $? = 0
configure:5165: result: yes
configure:5122: checking for string.h
configure:5143: gcc -c -g -O2  conftest.c >&5
configure:5149: $? = 0
configure:5165: result: yes
configure:5122: checking for memory.h
configure:5143: gcc -c -g -O2  conftest.c >&5
configure:5149: $? = 0
configure:5165: result: yes
configure:5122: checking for strings.h
configure:5143: gcc -c -g -O2  conftest.c >&5
configure:5149: $? = 0
configure:5165: result: yes
configure:5122: checking for inttypes.h
configure:5143: gcc -c -g -O2  conftest.c >&5
configure:5149: $? = 0
configure:5165: result: yes
configure:5122: checking for stdint.h
configure:5143: gcc -c -g -O2  conftest.c >&5
configure:5149: $? = 0
configure:5165: result: yes
configure:5122: checking for unistd.h
configure:5143: gcc -c -g -O2  conftest.c >&5
configure:5149: $? = 0
configure:5165: result: yes
configure:5192: checking dlfcn.h usability
configure:5209: gcc -c -g -O2  conftest.c >&5
configure:5215: $? = 0
configure:5229: result: yes
configure:5233: checking dlfcn.h presence
configure:5248: gcc -E  conftest.c
configure:5254: $? = 0
configure:5268: result: yes
configure:5296: checking for dlfcn.h
configure:5304: result: yes
configure:5375: checking for g++
configure:5391: found /usr/bin/g++
configure:5402: result: g++
configure:5433: checking for C++ compiler version
configure:5440: g++ --version >&5
g++ (GCC) 4.2.4 (Ubuntu 4.2.4-1ubuntu3)
Copyright (C) 2007 Free Software Foundation, Inc.
This is free software; see the source for copying conditions.  There is NO
warranty; not even for MERCHANTABILITY or FITNESS FOR A PARTICULAR PURPOSE.

configure:5443: $? = 0
configure:5450: g++ -v >&5
Using built-in specs.
Target: i486-linux-gnu
Configured with: ../src/configure -v --enable-languages=c,c++,fortran,objc,obj-c++,treelang --prefix=/usr --enable-shared --with-system-zlib --libexecdir=/usr/lib --without-included-gettext --enable-threads=posix --enable-nls --with-gxx-include-dir=/usr/include/c++/4.2 --program-suffix=-4.2 --enable-clocale=gnu --enable-libstdcxx-debug --enable-objc-gc --enable-mpfr --enable-targets=all --enable-checking=release --build=i486-linux-gnu --host=i486-linux-gnu --target=i486-linux-gnu
Thread model: posix
gcc version 4.2.4 (Ubuntu 4.2.4-1ubuntu3)
configure:5453: $? = 0
configure:5460: g++ -V >&5
g++: '-V' option must have argument
configure:5463: $? = 1
configure:5466: checking whether we are using the GNU C++ compiler
configure:5495: g++ -c   conftest.cpp >&5
configure:5501: $? = 0
configure:5518: result: yes
configure:5523: checking whether g++ accepts -g
configure:5553: g++ -c -g  conftest.cpp >&5
configure:5559: $? = 0
configure:5658: result: yes
configure:5683: checking dependency style of g++
configure:5766: result: gcc3
configure:5793: checking how to run the C++ preprocessor
configure:5829: g++ -E  conftest.cpp
configure:5835: $? = 0
configure:5866: g++ -E  conftest.cpp
conftest.cpp:21:28: error: ac_nonexistent.h: No such file or directory
configure:5872: $? = 1
configure: failed program was:
| /* confdefs.h.  */
| #define PACKAGE_NAME ""
| #define PACKAGE_TARNAME ""
| #define PACKAGE_VERSION ""
| #define PACKAGE_STRING ""
| #define PACKAGE_BUGREPORT ""
| #define PACKAGE "hildon-desktop"
| #define VERSION "2.0.19"
| #define STDC_HEADERS 1
| #define HAVE_SYS_TYPES_H 1
| #define HAVE_SYS_STAT_H 1
| #define HAVE_STDLIB_H 1
| #define HAVE_STRING_H 1
| #define HAVE_MEMORY_H 1
| #define HAVE_STRINGS_H 1
| #define HAVE_INTTYPES_H 1
| #define HAVE_STDINT_H 1
| #define HAVE_UNISTD_H 1
| #define HAVE_DLFCN_H 1
| /* end confdefs.h.  */
| #include <ac_nonexistent.h>
configure:5905: result: g++ -E
configure:5934: g++ -E  conftest.cpp
configure:5940: $? = 0
configure:5971: g++ -E  conftest.cpp
conftest.cpp:21:28: error: ac_nonexistent.h: No such file or directory
configure:5977: $? = 1
configure: failed program was:
| /* confdefs.h.  */
| #define PACKAGE_NAME ""
| #define PACKAGE_TARNAME ""
| #define PACKAGE_VERSION ""
| #define PACKAGE_STRING ""
| #define PACKAGE_BUGREPORT ""
| #define PACKAGE "hildon-desktop"
| #define VERSION "2.0.19"
| #define STDC_HEADERS 1
| #define HAVE_SYS_TYPES_H 1
| #define HAVE_SYS_STAT_H 1
| #define HAVE_STDLIB_H 1
| #define HAVE_STRING_H 1
| #define HAVE_MEMORY_H 1
| #define HAVE_STRINGS_H 1
| #define HAVE_INTTYPES_H 1
| #define HAVE_STDINT_H 1
| #define HAVE_UNISTD_H 1
| #define HAVE_DLFCN_H 1
| /* end confdefs.h.  */
| #include <ac_nonexistent.h>
configure:6070: checking for g77
configure:6100: result: no
configure:6070: checking for xlf
configure:6100: result: no
configure:6070: checking for f77
configure:6100: result: no
configure:6070: checking for frt
configure:6100: result: no
configure:6070: checking for pgf77
configure:6100: result: no
configure:6070: checking for cf77
configure:6100: result: no
configure:6070: checking for fort77
configure:6100: result: no
configure:6070: checking for fl32
configure:6100: result: no
configure:6070: checking for af77
configure:6100: result: no
configure:6070: checking for xlf90
configure:6100: result: no
configure:6070: checking for f90
configure:6100: result: no
configure:6070: checking for pgf90
configure:6100: result: no
configure:6070: checking for pghpf
configure:6100: result: no
configure:6070: checking for epcf90
configure:6100: result: no
configure:6070: checking for gfortran
configure:6100: result: no
configure:6070: checking for g95
configure:6100: result: no
configure:6070: checking for xlf95
configure:6100: result: no
configure:6070: checking for f95
configure:6100: result: no
configure:6070: checking for fort
configure:6100: result: no
configure:6070: checking for ifort
configure:6100: result: no
configure:6070: checking for ifc
configure:6100: result: no
configure:6070: checking for efc
configure:6100: result: no
configure:6070: checking for pgf95
configure:6100: result: no
configure:6070: checking for lf95
configure:6100: result: no
configure:6070: checking for ftn
configure:6100: result: no
configure:6127: checking for Fortran 77 compiler version
configure:6134:  --version >&5
./configure: line 6135: --version: command not found
configure:6137: $? = 127
configure:6144:  -v >&5
./configure: line 6145: -v: command not found
configure:6147: $? = 127
configure:6154:  -V >&5
./configure: line 6155: -V: command not found
configure:6157: $? = 127
configure:6165: checking whether we are using the GNU Fortran 77 compiler
configure:6184:  -c  conftest.F >&5
./configure: line 6185: -c: command not found
configure:6190: $? = 127
configure: failed program was:
|       program main
| #ifndef __GNUC__
|        choke me
| #endif
| 
|       end
configure:6207: result: no
configure:6213: checking whether  accepts -g
configure:6230:  -c -g conftest.f >&5
./configure: line 6231: -c: command not found
configure:6236: $? = 127
configure: failed program was:
|       program main
| 
|       end
configure:6252: result: no
configure:6281: checking the maximum length of command line arguments
configure:6393: result: 98304
configure:6405: checking command to parse /usr/bin/nm -B output from gcc object
configure:6510: gcc -c -g -O2  conftest.c >&5
configure:6513: $? = 0
configure:6517: /usr/bin/nm -B conftest.o \| sed -n -e 's/^.*[ 	]\([ABCDGIRSTW][ABCDGIRSTW]*\)[ 	][ 	]*\([_A-Za-z][_A-Za-z0-9]*\)$/\1 \2 \2/p' \> conftest.nm
configure:6520: $? = 0
configure:6572: gcc -o conftest -g -O2  -L/opt/hildon/lib  conftest.c conftstm.o >&5
configure:6575: $? = 0
configure:6613: result: ok
configure:6617: checking for objdir
configure:6632: result: .libs
configure:6724: checking for ar
configure:6740: found /usr/bin/ar
configure:6751: result: ar
configure:6820: checking for ranlib
configure:6836: found /usr/bin/ranlib
configure:6847: result: ranlib
configure:6916: checking for strip
configure:6932: found /usr/bin/strip
configure:6943: result: strip
configure:7541: checking if gcc supports -fno-rtti -fno-exceptions
configure:7559: gcc -c -g -O2  -fno-rtti -fno-exceptions conftest.c >&5
cc1: warning: command line option "-fno-rtti" is valid for C++/ObjC++ but not for C
configure:7563: $? = 0
configure:7576: result: no
configure:7591: checking for gcc option to produce PIC
configure:7823: result: -fPIC
configure:7831: checking if gcc PIC flag -fPIC works
configure:7849: gcc -c -g -O2  -fPIC -DPIC conftest.c >&5
configure:7853: $? = 0
configure:7866: result: yes
configure:7894: checking if gcc static flag -static works
configure:7922: result: yes
configure:7932: checking if gcc supports -c -o file.o
configure:7953: gcc -c -g -O2  -o out/conftest2.o conftest.c >&5
configure:7957: $? = 0
configure:7979: result: yes
configure:8005: checking whether the gcc linker (/usr/bin/ld) supports shared libraries
configure:8986: result: yes
configure:9007: checking whether -lc should be explicitly linked in
configure:9012: gcc -c -g -O2  conftest.c >&5
configure:9015: $? = 0
configure:9030: gcc -shared conftest.o  -v -Wl,-soname -Wl,conftest -o conftest 2\>\&1 \| grep  -lc  \>/dev/null 2\>\&1
configure:9033: $? = 0
configure:9045: result: no
configure:9053: checking dynamic linker characteristics
configure:9667: result: GNU/Linux ld.so
configure:9691: checking how to hardcode library paths into programs
configure:9716: result: immediate
configure:9730: checking whether stripping libraries is possible
configure:9735: result: yes
configure:10537: checking if libtool supports shared libraries
configure:10539: result: yes
configure:10542: checking whether to build shared libraries
configure:10563: result: yes
configure:10566: checking whether to build static libraries
configure:10570: result: no
configure:10664: creating libtool
configure:11257: checking for ld used by g++
configure:11324: result: /usr/bin/ld
configure:11333: checking if the linker (/usr/bin/ld) is GNU ld
configure:11348: result: yes
configure:11399: checking whether the g++ linker (/usr/bin/ld) supports shared libraries
configure:12345: result: yes
configure:12362: g++ -c -g -O2  conftest.cpp >&5
configure:12365: $? = 0
configure:12521: checking for g++ option to produce PIC
configure:12805: result: -fPIC
configure:12813: checking if g++ PIC flag -fPIC works
configure:12831: g++ -c -g -O2  -fPIC -DPIC conftest.cpp >&5
configure:12835: $? = 0
configure:12848: result: yes
configure:12876: checking if g++ static flag -static works
configure:12904: result: yes
configure:12914: checking if g++ supports -c -o file.o
configure:12935: g++ -c -g -O2  -o out/conftest2.o conftest.cpp >&5
configure:12939: $? = 0
configure:12961: result: yes
configure:12987: checking whether the g++ linker (/usr/bin/ld) supports shared libraries
configure:13016: result: yes
configure:13083: checking dynamic linker characteristics
configure:13645: result: GNU/Linux ld.so
configure:13669: checking how to hardcode library paths into programs
configure:13694: result: immediate
configure:19942: checking for ANSI C header files
configure:20106: result: yes
configure:20117: checking for X
configure:20287: gcc -o conftest -g -O2  -L/opt/hildon/lib  conftest.c -lX11  >&5
configure:20293: $? = 0
configure:20352: result: libraries , headers 
configure:20513: gcc -o conftest -g -O2  -L/opt/hildon/lib  conftest.c   -lX11 >&5
configure:20519: $? = 0
configure:20676: checking for gethostbyname
configure:20732: gcc -o conftest -g -O2  -L/opt/hildon/lib  conftest.c  >&5
configure:20738: $? = 0
configure:20755: result: yes
configure:20900: checking for connect
configure:20956: gcc -o conftest -g -O2  -L/opt/hildon/lib  conftest.c  >&5
configure:20962: $? = 0
configure:20979: result: yes
configure:21051: checking for remove
configure:21107: gcc -o conftest -g -O2  -L/opt/hildon/lib  conftest.c  >&5
configure:21113: $? = 0
configure:21130: result: yes
configure:21202: checking for shmat
configure:21258: gcc -o conftest -g -O2  -L/opt/hildon/lib  conftest.c  >&5
configure:21264: $? = 0
configure:21281: result: yes
configure:21362: checking for IceConnectionNumber in -lICE
configure:21397: gcc -o conftest -g -O2  -L/opt/hildon/lib  conftest.c -lICE   >&5
configure:21403: $? = 0
configure:21421: result: yes
configure:21439: checking for glib-genmarshal
configure:21457: found /usr/bin/glib-genmarshal
configure:21469: result: /usr/bin/glib-genmarshal
configure:21479: checking for dbus-binding-tool
configure:21497: found /usr/bin/dbus-binding-tool
configure:21509: result: /usr/bin/dbus-binding-tool
configure:21567: checking for pkg-config
configure:21585: found /usr/bin/pkg-config
configure:21597: result: /usr/bin/pkg-config
configure:21626: checking pkg-config is at least version 0.9.0
configure:21629: result: yes
configure:21673: checking whether to build gtk-doc documentation
configure:21675: result: no
configure:21682: checking for gtkdoc-check
configure:21700: found /usr/bin/gtkdoc-check
configure:21712: result: /usr/bin/gtkdoc-check
configure:21832: checking locale.h usability
configure:21849: gcc -c -g -O2 -Wall -Wmissing-prototypes -Wmissing-declarations -Wno-format-extra-args  conftest.c >&5
configure:21855: $? = 0
configure:21869: result: yes
configure:21873: checking locale.h presence
configure:21888: gcc -E  conftest.c
configure:21894: $? = 0
configure:21908: result: yes
configure:21936: checking for locale.h
configure:21944: result: yes
configure:21958: checking for LC_MESSAGES
configure:21984: gcc -o conftest -g -O2 -Wall -Wmissing-prototypes -Wmissing-declarations -Wno-format-extra-args  -L/opt/hildon/lib  conftest.c  >&5
configure:21990: $? = 0
configure:22007: result: yes
configure:22036: checking libintl.h usability
configure:22053: gcc -c -g -O2 -Wall -Wmissing-prototypes -Wmissing-declarations -Wno-format-extra-args  conftest.c >&5
configure:22059: $? = 0
configure:22073: result: yes
configure:22077: checking libintl.h presence
configure:22092: gcc -E  conftest.c
configure:22098: $? = 0
configure:22112: result: yes
configure:22140: checking for libintl.h
configure:22147: result: yes
configure:22158: checking for ngettext in libc
configure:22186: gcc -o conftest -g -O2 -Wall -Wmissing-prototypes -Wmissing-declarations -Wno-format-extra-args  -L/opt/hildon/lib  conftest.c  >&5
configure:22192: $? = 0
configure:22210: result: yes
configure:22214: checking for dgettext in libc
configure:22242: gcc -o conftest -g -O2 -Wall -Wmissing-prototypes -Wmissing-declarations -Wno-format-extra-args  -L/opt/hildon/lib  conftest.c  >&5
configure:22248: $? = 0
configure:22266: result: yes
configure:22275: checking for bind_textdomain_codeset
configure:22331: gcc -o conftest -g -O2 -Wall -Wmissing-prototypes -Wmissing-declarations -Wno-format-extra-args  -L/opt/hildon/lib  conftest.c  >&5
configure:22337: $? = 0
configure:22355: result: yes
configure:22842: checking for msgfmt
configure:22869: result: /usr/bin/msgfmt
configure:22882: checking for dcgettext
configure:22938: gcc -o conftest -g -O2 -Wall -Wmissing-prototypes -Wmissing-declarations -Wno-format-extra-args  -L/opt/hildon/lib  conftest.c   >&5
conftest.c:49: warning: conflicting types for built-in function 'dcgettext'
configure:22944: $? = 0
configure:22962: result: yes
configure:22973: checking if msgfmt accepts -c
configure:22988: $MSGFMT -c -o /dev/null conftest.foo
configure:22991: $? = 0
configure:22993: result: yes
configure:23003: checking for gmsgfmt
configure:23034: result: /usr/bin/msgfmt
configure:23044: checking for xgettext
configure:23071: result: /usr/bin/xgettext
configure:23100: gcc -o conftest -g -O2 -Wall -Wmissing-prototypes -Wmissing-declarations -Wno-format-extra-args  -L/opt/hildon/lib  conftest.c   >&5
configure:23106: $? = 0
configure:23275: checking for catalogs to be installed
configure:23300: result:  en_GB
configure:23340: checking for OSSOSETTINGS
configure:23348: $PKG_CONFIG --exists --print-errors "osso-af-settings >= 0.9.0"
Package osso-af-settings was not found in the pkg-config search path.
Perhaps you should add the directory containing `osso-af-settings.pc'
to the PKG_CONFIG_PATH environment variable
No package 'osso-af-settings' found
configure:23351: $? = 1
configure:23366: $PKG_CONFIG --exists --print-errors "osso-af-settings >= 0.9.0"
Package osso-af-settings was not found in the pkg-config search path.
Perhaps you should add the directory containing `osso-af-settings.pc'
to the PKG_CONFIG_PATH environment variable
No package 'osso-af-settings' found
configure:23369: $? = 1
No package 'osso-af-settings' found
configure:23397: result: no
configure:23461: checking for HILDON_FM
configure:23469: $PKG_CONFIG --exists --print-errors "hildon-fm-2"
Package hildon-fm-2 was not found in the pkg-config search path.
Perhaps you should add the directory containing `hildon-fm-2.pc'
to the PKG_CONFIG_PATH environment variable
No package 'hildon-fm-2' found
configure:23472: $? = 1
configure:23487: $PKG_CONFIG --exists --print-errors "hildon-fm-2"
Package hildon-fm-2 was not found in the pkg-config search path.
Perhaps you should add the directory containing `hildon-fm-2.pc'
to the PKG_CONFIG_PATH environment variable
No package 'hildon-fm-2' found
configure:23490: $? = 1
No package 'hildon-fm-2' found
configure:23518: result: no
configure:23522: checking for HILDON_FM
configure:23530: $PKG_CONFIG --exists --print-errors "hildon-fm >= 0.15"
Package hildon-fm was not found in the pkg-config search path.
Perhaps you should add the directory containing `hildon-fm.pc'
to the PKG_CONFIG_PATH environment variable
No package 'hildon-fm' found
configure:23533: $? = 1
configure:23548: $PKG_CONFIG --exists --print-errors "hildon-fm >= 0.15"
Package hildon-fm was not found in the pkg-config search path.
Perhaps you should add the directory containing `hildon-fm.pc'
to the PKG_CONFIG_PATH environment variable
No package 'hildon-fm' found
configure:23551: $? = 1
No package 'hildon-fm' found
configure:23579: result: no
configure:23581: hildon-fm not present.
configure:23693: checking for OSSO
configure:23701: $PKG_CONFIG --exists --print-errors "libosso >= 0.9.19"
Package libosso was not found in the pkg-config search path.
Perhaps you should add the directory containing `libosso.pc'
to the PKG_CONFIG_PATH environment variable
No package 'libosso' found
configure:23704: $? = 1
configure:23719: $PKG_CONFIG --exists --print-errors "libosso >= 0.9.19"
Package libosso was not found in the pkg-config search path.
Perhaps you should add the directory containing `libosso.pc'
to the PKG_CONFIG_PATH environment variable
No package 'libosso' found
configure:23722: $? = 1
No package 'libosso' found
configure:23750: result: no
configure:23752: libosso not present.
configure:23773: checking for HILDON_HELP
configure:23781: $PKG_CONFIG --exists --print-errors "hildon-help"
Package hildon-help was not found in the pkg-config search path.
Perhaps you should add the directory containing `hildon-help.pc'
to the PKG_CONFIG_PATH environment variable
No package 'hildon-help' found
configure:23784: $? = 1
configure:23799: $PKG_CONFIG --exists --print-errors "hildon-help"
Package hildon-help was not found in the pkg-config search path.
Perhaps you should add the directory containing `hildon-help.pc'
to the PKG_CONFIG_PATH environment variable
No package 'hildon-help' found
configure:23802: $? = 1
No package 'hildon-help' found
configure:23830: result: no
configure:23832: hildon-help not present.
configure:23853: checking for SQLITE
configure:23861: $PKG_CONFIG --exists --print-errors "sqlite3"
Package sqlite3 was not found in the pkg-config search path.
Perhaps you should add the directory containing `sqlite3.pc'
to the PKG_CONFIG_PATH environment variable
No package 'sqlite3' found
configure:23864: $? = 1
configure:23879: $PKG_CONFIG --exists --print-errors "sqlite3"
Package sqlite3 was not found in the pkg-config search path.
Perhaps you should add the directory containing `sqlite3.pc'
to the PKG_CONFIG_PATH environment variable
No package 'sqlite3' found
configure:23882: $? = 1
No package 'sqlite3' found
configure:23910: result: no
configure:23912: sqlite not present.
configure:23933: checking for HILDON
configure:23941: $PKG_CONFIG --exists --print-errors "hildon-1"
configure:23944: $? = 0
configure:23959: $PKG_CONFIG --exists --print-errors "hildon-1"
configure:23962: $? = 0
configure:24218: result: yes
configure:24232: checking for MCE
configure:24240: $PKG_CONFIG --exists --print-errors "mce"
Package mce was not found in the pkg-config search path.
Perhaps you should add the directory containing `mce.pc'
to the PKG_CONFIG_PATH environment variable
No package 'mce' found
configure:24243: $? = 1
configure:24258: $PKG_CONFIG --exists --print-errors "mce"
Package mce was not found in the pkg-config search path.
Perhaps you should add the directory containing `mce.pc'
to the PKG_CONFIG_PATH environment variable
No package 'mce' found
configure:24261: $? = 1
No package 'mce' found
configure:24289: result: no
configure:24291: mce not present.
configure:24311: checking for GTK
configure:24319: $PKG_CONFIG --exists --print-errors "gtk+-2.0 >= 2.6"
configure:24322: $? = 0
configure:24337: $PKG_CONFIG --exists --print-errors "gtk+-2.0 >= 2.6"
configure:24340: $? = 0
configure:24416: result: yes
configure:24425: checking for GDK
configure:24433: $PKG_CONFIG --exists --print-errors "gdk-x11-2.0 >= 1.3.12"
configure:24436: $? = 0
configure:24451: $PKG_CONFIG --exists --print-errors "gdk-x11-2.0 >= 1.3.12"
configure:24454: $? = 0
configure:24530: result: yes
configure:24538: checking for DBUS_GLIB
configure:24546: $PKG_CONFIG --exists --print-errors "dbus-glib-1"
configure:24549: $? = 0
configure:24564: $PKG_CONFIG --exists --print-errors "dbus-glib-1"
configure:24567: $? = 0
configure:24643: result: yes
configure:24652: checking for GCONF
configure:24660: $PKG_CONFIG --exists --print-errors "gconf-2.0 >= 2.6.2"
configure:24663: $? = 0
configure:24678: $PKG_CONFIG --exists --print-errors "gconf-2.0 >= 2.6.2"
configure:24681: $? = 0
configure:24757: result: yes
configure:24766: checking for GNOME_VFS
configure:24774: $PKG_CONFIG --exists --print-errors "gnome-vfs-2.0 >= 2.8.3"
configure:24777: $? = 0
configure:24792: $PKG_CONFIG --exists --print-errors "gnome-vfs-2.0 >= 2.8.3"
configure:24795: $? = 0
configure:24871: result: yes
configure:24880: checking for LIBXML
configure:24888: $PKG_CONFIG --exists --print-errors "libxml-2.0"
configure:24891: $? = 0
configure:24906: $PKG_CONFIG --exists --print-errors "libxml-2.0"
configure:24909: $? = 0
configure:24985: result: yes
configure:24999: checking for XDAMAGE
configure:25007: $PKG_CONFIG --exists --print-errors "xdamage"
configure:25010: $? = 0
configure:25025: $PKG_CONFIG --exists --print-errors "xdamage"
configure:25028: $? = 0
configure:25066: result: yes
configure:25075: checking for XCOMPOSITE
configure:25083: $PKG_CONFIG --exists --print-errors "xcomposite"
configure:25086: $? = 0
configure:25101: $PKG_CONFIG --exists --print-errors "xcomposite"
configure:25104: $? = 0
configure:25142: result: yes
configure:25160: checking for XLIBS
configure:25168: $PKG_CONFIG --exists --print-errors "x11"
configure:25171: $? = 0
configure:25186: $PKG_CONFIG --exists --print-errors "x11"
configure:25189: $? = 0
configure:25265: result: yes
configure:25274: checking for XTEST
configure:25282: $PKG_CONFIG --exists --print-errors "xtst"
configure:25285: $? = 0
configure:25300: $PKG_CONFIG --exists --print-errors "xtst"
configure:25303: $? = 0
configure:25379: result: yes
configure:25395: checking whether gdk_close_all_temporary_windows is declared
configure:25425: gcc -c -I/opt/hildon/include/hildon-1 -I/usr/include/gtk-2.0 -I/usr/lib/gtk-2.0/include -I/usr/include/atk-1.0 -I/usr/include/cairo -I/usr/include/pango-1.0 -I/usr/include/glib-2.0 -I/usr/lib/glib-2.0/include -I/usr/include/freetype2 -I/usr/include/libpng12 -I/usr/include/pixman-1    conftest.c >&5
conftest.c: In function 'main':
conftest.c:38: error: 'gdk_close_all_temporary_windows' undeclared (first use in this function)
conftest.c:38: error: (Each undeclared identifier is reported only once
conftest.c:38: error: for each function it appears in.)
configure:25431: $? = 1
configure: failed program was:
| /* confdefs.h.  */
| #define PACKAGE_NAME ""
| #define PACKAGE_TARNAME ""
| #define PACKAGE_VERSION ""
| #define PACKAGE_STRING ""
| #define PACKAGE_BUGREPORT ""
| #define PACKAGE "hildon-desktop"
| #define VERSION "2.0.19"
| #define STDC_HEADERS 1
| #define HAVE_SYS_TYPES_H 1
| #define HAVE_SYS_STAT_H 1
| #define HAVE_STDLIB_H 1
| #define HAVE_STRING_H 1
| #define HAVE_MEMORY_H 1
| #define HAVE_STRINGS_H 1
| #define HAVE_INTTYPES_H 1
| #define HAVE_STDINT_H 1
| #define HAVE_UNISTD_H 1
| #define HAVE_DLFCN_H 1
| #define STDC_HEADERS 1
| #define HAVE_LOCALE_H 1
| #define HAVE_LC_MESSAGES 1
| #define HAVE_BIND_TEXTDOMAIN_CODESET 1
| #define HAVE_GETTEXT 1
| #define HAVE_DCGETTEXT 1
| #define ENABLE_NLS 1
| #define GETTEXT_PACKAGE "maemo-af-desktop"
| #define HAVE_LIBHILDON
| #define HAVE_X_COMPOSITE
| #define HAVE_XTEST
| /* end confdefs.h.  */
| #include <gdk/gdk.h>
| 
| int
| main ()
| {
| #ifndef gdk_close_all_temporary_windows
|   (void) gdk_close_all_temporary_windows;
| #endif
| 
|   ;
|   return 0;
| }
configure:25446: result: no
configure:25464: checking whether gtk_window_set_is_temporary is declared
configure:25494: gcc -c -I/opt/hildon/include/hildon-1 -I/usr/include/gtk-2.0 -I/usr/lib/gtk-2.0/include -I/usr/include/atk-1.0 -I/usr/include/cairo -I/usr/include/pango-1.0 -I/usr/include/glib-2.0 -I/usr/lib/glib-2.0/include -I/usr/include/freetype2 -I/usr/include/libpng12 -I/usr/include/pixman-1    conftest.c >&5
conftest.c: In function 'main':
conftest.c:39: error: 'gtk_window_set_is_temporary' undeclared (first use in this function)
conftest.c:39: error: (Each undeclared identifier is reported only once
conftest.c:39: error: for each function it appears in.)
configure:25500: $? = 1
configure: failed program was:
| /* confdefs.h.  */
| #define PACKAGE_NAME ""
| #define PACKAGE_TARNAME ""
| #define PACKAGE_VERSION ""
| #define PACKAGE_STRING ""
| #define PACKAGE_BUGREPORT ""
| #define PACKAGE "hildon-desktop"
| #define VERSION "2.0.19"
| #define STDC_HEADERS 1
| #define HAVE_SYS_TYPES_H 1
| #define HAVE_SYS_STAT_H 1
| #define HAVE_STDLIB_H 1
| #define HAVE_STRING_H 1
| #define HAVE_MEMORY_H 1
| #define HAVE_STRINGS_H 1
| #define HAVE_INTTYPES_H 1
| #define HAVE_STDINT_H 1
| #define HAVE_UNISTD_H 1
| #define HAVE_DLFCN_H 1
| #define STDC_HEADERS 1
| #define HAVE_LOCALE_H 1
| #define HAVE_LC_MESSAGES 1
| #define HAVE_BIND_TEXTDOMAIN_CODESET 1
| #define HAVE_GETTEXT 1
| #define HAVE_DCGETTEXT 1
| #define ENABLE_NLS 1
| #define GETTEXT_PACKAGE "maemo-af-desktop"
| #define HAVE_LIBHILDON
| #define HAVE_X_COMPOSITE
| #define HAVE_XTEST
| #define HAVE_DECL_GDK_CLOSE_ALL_TEMPORARY_WINDOWS 0
| /* end confdefs.h.  */
| #include <gtk/gtk.h>
| 
| int
| main ()
| {
| #ifndef gtk_window_set_is_temporary
|   (void) gtk_window_set_is_temporary;
| #endif
| 
|   ;
|   return 0;
| }
configure:25515: result: no
configure:25533: checking whether gtk_window_close_other_temporaries is declared
configure:25563: gcc -c -I/opt/hildon/include/hildon-1 -I/usr/include/gtk-2.0 -I/usr/lib/gtk-2.0/include -I/usr/include/atk-1.0 -I/usr/include/cairo -I/usr/include/pango-1.0 -I/usr/include/glib-2.0 -I/usr/lib/glib-2.0/include -I/usr/include/freetype2 -I/usr/include/libpng12 -I/usr/include/pixman-1    conftest.c >&5
conftest.c: In function 'main':
conftest.c:40: error: 'gtk_window_close_other_temporaries' undeclared (first use in this function)
conftest.c:40: error: (Each undeclared identifier is reported only once
conftest.c:40: error: for each function it appears in.)
configure:25569: $? = 1
configure: failed program was:
| /* confdefs.h.  */
| #define PACKAGE_NAME ""
| #define PACKAGE_TARNAME ""
| #define PACKAGE_VERSION ""
| #define PACKAGE_STRING ""
| #define PACKAGE_BUGREPORT ""
| #define PACKAGE "hildon-desktop"
| #define VERSION "2.0.19"
| #define STDC_HEADERS 1
| #define HAVE_SYS_TYPES_H 1
| #define HAVE_SYS_STAT_H 1
| #define HAVE_STDLIB_H 1
| #define HAVE_STRING_H 1
| #define HAVE_MEMORY_H 1
| #define HAVE_STRINGS_H 1
| #define HAVE_INTTYPES_H 1
| #define HAVE_STDINT_H 1
| #define HAVE_UNISTD_H 1
| #define HAVE_DLFCN_H 1
| #define STDC_HEADERS 1
| #define HAVE_LOCALE_H 1
| #define HAVE_LC_MESSAGES 1
| #define HAVE_BIND_TEXTDOMAIN_CODESET 1
| #define HAVE_GETTEXT 1
| #define HAVE_DCGETTEXT 1
| #define ENABLE_NLS 1
| #define GETTEXT_PACKAGE "maemo-af-desktop"
| #define HAVE_LIBHILDON
| #define HAVE_X_COMPOSITE
| #define HAVE_XTEST
| #define HAVE_DECL_GDK_CLOSE_ALL_TEMPORARY_WINDOWS 0
| #define HAVE_DECL_GTK_WINDOW_SET_IS_TEMPORARY 0
| /* end confdefs.h.  */
| #include <gtk/gtk.h>
| 
| int
| main ()
| {
| #ifndef gtk_window_close_other_temporaries
|   (void) gtk_window_close_other_temporaries;
| #endif
| 
|   ;
|   return 0;
| }
configure:25584: result: no
configure:25798: creating ./config.status

## ---------------- ##
## Cache variables. ##
## ---------------- ##

ac_cv_build=i686-pc-linux-gnu
ac_cv_c_compiler_gnu=yes
ac_cv_cxx_compiler_gnu=yes
ac_cv_env_CCC_set=
ac_cv_env_CCC_value=
ac_cv_env_CC_set=
ac_cv_env_CC_value=
ac_cv_env_CFLAGS_set=
ac_cv_env_CFLAGS_value=
ac_cv_env_CPPFLAGS_set=
ac_cv_env_CPPFLAGS_value=
ac_cv_env_CPP_set=
ac_cv_env_CPP_value=
ac_cv_env_CXXCPP_set=
ac_cv_env_CXXCPP_value=
ac_cv_env_CXXFLAGS_set=
ac_cv_env_CXXFLAGS_value=
ac_cv_env_CXX_set=
ac_cv_env_CXX_value=
ac_cv_env_DBUS_GLIB_CFLAGS_set=
ac_cv_env_DBUS_GLIB_CFLAGS_value=
ac_cv_env_DBUS_GLIB_LIBS_set=
ac_cv_env_DBUS_GLIB_LIBS_value=
ac_cv_env_F77_set=
ac_cv_env_F77_value=
ac_cv_env_FFLAGS_set=
ac_cv_env_FFLAGS_value=
ac_cv_env_GCONF_CFLAGS_set=
ac_cv_env_GCONF_CFLAGS_value=
ac_cv_env_GCONF_LIBS_set=
ac_cv_env_GCONF_LIBS_value=
ac_cv_env_GDK_CFLAGS_set=
ac_cv_env_GDK_CFLAGS_value=
ac_cv_env_GDK_LIBS_set=
ac_cv_env_GDK_LIBS_value=
ac_cv_env_GNOME_VFS_CFLAGS_set=
ac_cv_env_GNOME_VFS_CFLAGS_value=
ac_cv_env_GNOME_VFS_LIBS_set=
ac_cv_env_GNOME_VFS_LIBS_value=
ac_cv_env_GTK_CFLAGS_set=
ac_cv_env_GTK_CFLAGS_value=
ac_cv_env_GTK_LIBS_set=
ac_cv_env_GTK_LIBS_value=
ac_cv_env_HILDON_CFLAGS_set=
ac_cv_env_HILDON_CFLAGS_value=
ac_cv_env_HILDON_FM_CFLAGS_set=
ac_cv_env_HILDON_FM_CFLAGS_value=
ac_cv_env_HILDON_FM_LIBS_set=
ac_cv_env_HILDON_FM_LIBS_value=
ac_cv_env_HILDON_HELP_CFLAGS_set=
ac_cv_env_HILDON_HELP_CFLAGS_value=
ac_cv_env_HILDON_HELP_LIBS_set=
ac_cv_env_HILDON_HELP_LIBS_value=
ac_cv_env_HILDON_LIBS_set=
ac_cv_env_HILDON_LIBS_value=
ac_cv_env_LDFLAGS_set=set
ac_cv_env_LDFLAGS_value='-L/opt/hildon/lib '
ac_cv_env_LIBS_set=
ac_cv_env_LIBS_value=
ac_cv_env_LIBXML_CFLAGS_set=
ac_cv_env_LIBXML_CFLAGS_value=
ac_cv_env_LIBXML_LIBS_set=
ac_cv_env_LIBXML_LIBS_value=
ac_cv_env_MCE_CFLAGS_set=
ac_cv_env_MCE_CFLAGS_value=
ac_cv_env_MCE_LIBS_set=
ac_cv_env_MCE_LIBS_value=
ac_cv_env_OSSOSETTINGS_CFLAGS_set=
ac_cv_env_OSSOSETTINGS_CFLAGS_value=
ac_cv_env_OSSOSETTINGS_LIBS_set=
ac_cv_env_OSSOSETTINGS_LIBS_value=
ac_cv_env_OSSO_CFLAGS_set=
ac_cv_env_OSSO_CFLAGS_value=
ac_cv_env_OSSO_LIBS_set=
ac_cv_env_OSSO_LIBS_value=
ac_cv_env_PKG_CONFIG_set=
ac_cv_env_PKG_CONFIG_value=
ac_cv_env_SQLITE_CFLAGS_set=
ac_cv_env_SQLITE_CFLAGS_value=
ac_cv_env_SQLITE_LIBS_set=
ac_cv_env_SQLITE_LIBS_value=
ac_cv_env_XCOMPOSITE_CFLAGS_set=
ac_cv_env_XCOMPOSITE_CFLAGS_value=
ac_cv_env_XCOMPOSITE_LIBS_set=
ac_cv_env_XCOMPOSITE_LIBS_value=
ac_cv_env_XDAMAGE_CFLAGS_set=
ac_cv_env_XDAMAGE_CFLAGS_value=
ac_cv_env_XDAMAGE_LIBS_set=
ac_cv_env_XDAMAGE_LIBS_value=
ac_cv_env_XLIBS_CFLAGS_set=
ac_cv_env_XLIBS_CFLAGS_value=
ac_cv_env_XLIBS_LIBS_set=
ac_cv_env_XLIBS_LIBS_value=
ac_cv_env_XMKMF_set=
ac_cv_env_XMKMF_value=
ac_cv_env_XTEST_CFLAGS_set=
ac_cv_env_XTEST_CFLAGS_value=
ac_cv_env_XTEST_LIBS_set=
ac_cv_env_XTEST_LIBS_value=
ac_cv_env_build_alias_set=
ac_cv_env_build_alias_value=
ac_cv_env_host_alias_set=
ac_cv_env_host_alias_value=
ac_cv_env_target_alias_set=
ac_cv_env_target_alias_value=
ac_cv_f77_compiler_gnu=no
ac_cv_func_bind_textdomain_codeset=yes
ac_cv_func_connect=yes
ac_cv_func_dcgettext=yes
ac_cv_func_gethostbyname=yes
ac_cv_func_remove=yes
ac_cv_func_shmat=yes
ac_cv_have_decl_gdk_close_all_temporary_windows=no
ac_cv_have_decl_gtk_window_close_other_temporaries=no
ac_cv_have_decl_gtk_window_set_is_temporary=no
ac_cv_have_x='have_x=yes	ac_x_includes='\'''\''	ac_x_libraries='\'''\'''
ac_cv_header_dlfcn_h=yes
ac_cv_header_inttypes_h=yes
ac_cv_header_libintl_h=yes
ac_cv_header_locale_h=yes
ac_cv_header_memory_h=yes
ac_cv_header_stdc=yes
ac_cv_header_stdint_h=yes
ac_cv_header_stdlib_h=yes
ac_cv_header_string_h=yes
ac_cv_header_strings_h=yes
ac_cv_header_sys_stat_h=yes
ac_cv_header_sys_types_h=yes
ac_cv_header_unistd_h=yes
ac_cv_host=i686-pc-linux-gnu
ac_cv_lib_ICE_IceConnectionNumber=yes
ac_cv_objext=o
ac_cv_path_DBUS_BINDING_TOOL=/usr/bin/dbus-binding-tool
ac_cv_path_EGREP='/bin/grep -E'
ac_cv_path_GLIB_GENMARSHAL=/usr/bin/glib-genmarshal
ac_cv_path_GMSGFMT=/usr/bin/msgfmt
ac_cv_path_GREP=/bin/grep
ac_cv_path_GTKDOC_CHECK=/usr/bin/gtkdoc-check
ac_cv_path_MSGFMT=/usr/bin/msgfmt
ac_cv_path_XGETTEXT=/usr/bin/xgettext
ac_cv_path_ac_pt_PKG_CONFIG=/usr/bin/pkg-config
ac_cv_prog_AWK=mawk
ac_cv_prog_CPP='gcc -E'
ac_cv_prog_CXXCPP='g++ -E'
ac_cv_prog_ac_ct_AR=ar
ac_cv_prog_ac_ct_CC=gcc
ac_cv_prog_ac_ct_CXX=g++
ac_cv_prog_ac_ct_RANLIB=ranlib
ac_cv_prog_ac_ct_STRIP=strip
ac_cv_prog_cc_c89=
ac_cv_prog_cc_g=yes
ac_cv_prog_cxx_g=yes
ac_cv_prog_f77_g=no
ac_cv_prog_make_make_set=yes
am_cv_CC_dependencies_compiler_type=gcc3
am_cv_CXX_dependencies_compiler_type=gcc3
am_cv_val_LC_MESSAGES=yes
gt_cv_func_dgettext_libc=yes
gt_cv_func_dgettext_libintl=no
gt_cv_func_ngettext_libc=yes
gt_cv_have_gettext=yes
lt_cv_deplibs_check_method=pass_all
lt_cv_file_magic_cmd='$MAGIC_CMD'
lt_cv_file_magic_test_file=
lt_cv_ld_reload_flag=-r
lt_cv_objdir=.libs
lt_cv_path_LD=/usr/bin/ld
lt_cv_path_LDCXX=/usr/bin/ld
lt_cv_path_NM='/usr/bin/nm -B'
lt_cv_path_SED=/bin/sed
lt_cv_prog_compiler_c_o=yes
lt_cv_prog_compiler_c_o_CXX=yes
lt_cv_prog_compiler_pic_works=yes
lt_cv_prog_compiler_pic_works_CXX=yes
lt_cv_prog_compiler_rtti_exceptions=no
lt_cv_prog_compiler_static_works=yes
lt_cv_prog_compiler_static_works_CXX=yes
lt_cv_prog_gnu_ld=yes
lt_cv_prog_gnu_ldcxx=yes
lt_cv_sys_global_symbol_pipe='sed -n -e '\''s/^.*[ 	]\([ABCDGIRSTW][ABCDGIRSTW]*\)[ 	][ 	]*\([_A-Za-z][_A-Za-z0-9]*\)$/\1 \2 \2/p'\'''
lt_cv_sys_global_symbol_to_c_name_address='sed -n -e '\''s/^: \([^ ]*\) $/  {\"\1\", (lt_ptr) 0},/p'\'' -e '\''s/^[BCDEGRST] \([^ ]*\) \([^ ]*\)$/  {"\2", (lt_ptr) \&\2},/p'\'''
lt_cv_sys_global_symbol_to_cdecl='sed -n -e '\''s/^. .* \(.*\)$/extern int \1;/p'\'''
lt_cv_sys_lib_dlsearch_path_spec='/lib /usr/lib /lib/i486-linux-gnu /usr/lib/i486-linux-gnu /usr/local/lib '
lt_cv_sys_lib_search_path_spec='/usr/lib/gcc/i486-linux-gnu/4.2.4 /usr/lib /lib'
lt_cv_sys_max_cmd_len=98304
lt_lt_cv_prog_compiler_c_o='"yes"'
lt_lt_cv_prog_compiler_c_o_CXX='"yes"'
lt_lt_cv_sys_global_symbol_pipe='"sed -n -e '\''s/^.*[ 	]\\([ABCDGIRSTW][ABCDGIRSTW]*\\)[ 	][ 	]*\\([_A-Za-z][_A-Za-z0-9]*\\)\$/\\1 \\2 \\2/p'\''"'
lt_lt_cv_sys_global_symbol_to_c_name_address='"sed -n -e '\''s/^: \\([^ ]*\\) \$/  {\\\"\\1\\\", (lt_ptr) 0},/p'\'' -e '\''s/^[BCDEGRST] \\([^ ]*\\) \\([^ ]*\\)\$/  {\"\\2\", (lt_ptr) \\&\\2},/p'\''"'
lt_lt_cv_sys_global_symbol_to_cdecl='"sed -n -e '\''s/^. .* \\(.*\\)\$/extern int \\1;/p'\''"'
pkg_cv_DBUS_GLIB_CFLAGS='-I/usr/include/dbus-1.0 -I/usr/lib/dbus-1.0/include -I/usr/include/glib-2.0 -I/usr/lib/glib-2.0/include  '
pkg_cv_DBUS_GLIB_LIBS='-ldbus-glib-1 -ldbus-1 -lgobject-2.0 -lglib-2.0  '
pkg_cv_GCONF_CFLAGS='-DORBIT2=1 -pthread -I/usr/include/gconf/2 -I/usr/include/orbit-2.0 -I/usr/include/glib-2.0 -I/usr/lib/glib-2.0/include  '
pkg_cv_GCONF_LIBS='-lgconf-2 -lglib-2.0  '
pkg_cv_GDK_CFLAGS='-I/usr/include/gtk-2.0 -I/usr/lib/gtk-2.0/include -I/usr/include/pango-1.0 -I/usr/include/glib-2.0 -I/usr/lib/glib-2.0/include -I/usr/include/cairo -I/usr/include/freetype2 -I/usr/include/libpng12 -I/usr/include/pixman-1  '
pkg_cv_GDK_LIBS='-lgdk-x11-2.0 -lgdk_pixbuf-2.0 -lm -lpangocairo-1.0 -lpango-1.0 -lcairo -lgobject-2.0 -lgmodule-2.0 -ldl -lglib-2.0  '
pkg_cv_GNOME_VFS_CFLAGS='-pthread -DORBIT2=1 -I/usr/include/gnome-vfs-2.0 -I/usr/lib/gnome-vfs-2.0/include -I/usr/include/gconf/2 -I/usr/include/orbit-2.0 -I/usr/include/glib-2.0 -I/usr/lib/glib-2.0/include  '
pkg_cv_GNOME_VFS_LIBS='-pthread -lgnomevfs-2 -lgconf-2 -lgthread-2.0 -lrt -lgmodule-2.0 -ldl -lgobject-2.0 -lglib-2.0  '
pkg_cv_GTK_CFLAGS='-I/usr/include/gtk-2.0 -I/usr/lib/gtk-2.0/include -I/usr/include/atk-1.0 -I/usr/include/cairo -I/usr/include/pango-1.0 -I/usr/include/glib-2.0 -I/usr/lib/glib-2.0/include -I/usr/include/freetype2 -I/usr/include/libpng12 -I/usr/include/pixman-1  '
pkg_cv_GTK_LIBS='-lgtk-x11-2.0 -lgdk-x11-2.0 -latk-1.0 -lgdk_pixbuf-2.0 -lm -lpangocairo-1.0 -lpango-1.0 -lcairo -lgobject-2.0 -lgmodule-2.0 -ldl -lglib-2.0  '
pkg_cv_HILDON_CFLAGS='-I/opt/hildon/include/hildon-1 -I/usr/include/gtk-2.0 -I/usr/lib/gtk-2.0/include -I/usr/include/atk-1.0 -I/usr/include/cairo -I/usr/include/pango-1.0 -I/usr/include/glib-2.0 -I/usr/lib/glib-2.0/include -I/usr/include/freetype2 -I/usr/include/libpng12 -I/usr/include/pixman-1  '
pkg_cv_HILDON_LIBS='-L/opt/hildon/lib -lhildon-1 -lgtk-x11-2.0 -lgdk-x11-2.0 -latk-1.0 -lgdk_pixbuf-2.0 -lm -lpangocairo-1.0 -lpango-1.0 -lcairo -lgobject-2.0 -lgmodule-2.0 -ldl -lglib-2.0  '
pkg_cv_LIBXML_CFLAGS='-I/usr/include/libxml2  '
pkg_cv_LIBXML_LIBS='-lxml2  '
pkg_cv_XCOMPOSITE_CFLAGS=' '
pkg_cv_XCOMPOSITE_LIBS='-lXcomposite -lXfixes  '
pkg_cv_XDAMAGE_CFLAGS=' '
pkg_cv_XDAMAGE_LIBS='-lXdamage -lXfixes  '
pkg_cv_XLIBS_CFLAGS=' '
pkg_cv_XLIBS_LIBS='-lX11  '
pkg_cv_XTEST_CFLAGS=' '
pkg_cv_XTEST_LIBS='-lXtst  '

## ----------------- ##
## Output variables. ##
## ----------------- ##

ACLOCAL='${SHELL} /home/bruce/code/hildon/hildon-desktop/missing --run aclocal-1.7'
ALL_LINGUAS='en_GB'
AMDEPBACKSLASH='\'
AMDEP_FALSE='#'
AMDEP_TRUE=''
AMTAR='${SHELL} /home/bruce/code/hildon/hildon-desktop/missing --run tar'
AR='ar'
AUTOCONF='${SHELL} /home/bruce/code/hildon/hildon-desktop/missing --run autoconf'
AUTOHEADER='${SHELL} /home/bruce/code/hildon/hildon-desktop/missing --run autoheader'
AUTOMAKE='${SHELL} /home/bruce/code/hildon/hildon-desktop/missing --run automake-1.7'
AWK='mawk'
CATALOGS=' en_GB.gmo'
CATOBJEXT='.gmo'
CC='gcc'
CCDEPMODE='depmode=gcc3'
CFLAGS='-g -O2 -Wall -Wmissing-prototypes -Wmissing-declarations -Wno-format-extra-args'
CPP='gcc -E'
CPPFLAGS=''
CXX='g++'
CXXCPP='g++ -E'
CXXDEPMODE='depmode=gcc3'
CXXFLAGS='-g -O2'
CYGPATH_W='echo'
DATADIRNAME='share'
DBUS_BINDING_TOOL='/usr/bin/dbus-binding-tool'
DBUS_GLIB_CFLAGS='-I/usr/include/dbus-1.0 -I/usr/lib/dbus-1.0/include -I/usr/include/glib-2.0 -I/usr/lib/glib-2.0/include  '
DBUS_GLIB_LIBS='-ldbus-glib-1 -ldbus-1 -lgobject-2.0 -lglib-2.0  '
DEFS='-DHAVE_CONFIG_H'
DEPDIR='.deps'
DSYMUTIL=''
ECHO='echo'
ECHO_C=''
ECHO_N='-n'
ECHO_T=''
EGREP='/bin/grep -E'
ENABLE_GTK_DOC_FALSE=''
ENABLE_GTK_DOC_TRUE='#'
EXEEXT=''
F77=''
FFLAGS=''
GCONF_CFLAGS='-DORBIT2=1 -pthread -I/usr/include/gconf/2 -I/usr/include/orbit-2.0 -I/usr/include/glib-2.0 -I/usr/lib/glib-2.0/include  '
GCONF_LIBS='-lgconf-2 -lglib-2.0  '
GDK_CFLAGS='-I/usr/include/gtk-2.0 -I/usr/lib/gtk-2.0/include -I/usr/include/pango-1.0 -I/usr/include/glib-2.0 -I/usr/lib/glib-2.0/include -I/usr/include/cairo -I/usr/include/freetype2 -I/usr/include/libpng12 -I/usr/include/pixman-1  '
GDK_LIBS='-lgdk-x11-2.0 -lgdk_pixbuf-2.0 -lm -lpangocairo-1.0 -lpango-1.0 -lcairo -lgobject-2.0 -lgmodule-2.0 -ldl -lglib-2.0  '
GLIB_GENMARSHAL='/usr/bin/glib-genmarshal'
GMOFILES=' en_GB.gmo'
GMSGFMT='/usr/bin/msgfmt'
GNOME_VFS_CFLAGS='-pthread -DORBIT2=1 -I/usr/include/gnome-vfs-2.0 -I/usr/lib/gnome-vfs-2.0/include -I/usr/include/gconf/2 -I/usr/include/orbit-2.0 -I/usr/include/glib-2.0 -I/usr/lib/glib-2.0/include  '
GNOME_VFS_LIBS='-pthread -lgnomevfs-2 -lgconf-2 -lgthread-2.0 -lrt -lgmodule-2.0 -ldl -lgobject-2.0 -lglib-2.0  '
GREP='/bin/grep'
GTKDOC_CHECK='/usr/bin/gtkdoc-check'
GTK_CFLAGS='-I/usr/include/gtk-2.0 -I/usr/lib/gtk-2.0/include -I/usr/include/atk-1.0 -I/usr/include/cairo -I/usr/include/pango-1.0 -I/usr/include/glib-2.0 -I/usr/lib/glib-2.0/include -I/usr/include/freetype2 -I/usr/include/libpng12 -I/usr/include/pixman-1  '
GTK_DOC_USE_LIBTOOL_FALSE='#'
GTK_DOC_USE_LIBTOOL_TRUE=''
GTK_LIBS='-lgtk-x11-2.0 -lgdk-x11-2.0 -latk-1.0 -lgdk_pixbuf-2.0 -lm -lpangocairo-1.0 -lpango-1.0 -lcairo -lgobject-2.0 -lgmodule-2.0 -ldl -lglib-2.0  '
HILDON_BACKGROUND_MANAGER_INTERFACE='org.maemo.hildon.background_manager'
HILDON_BACKGROUND_MANAGER_OBJECT_PATH='/org/maemo/hildon/background_manager'
HILDON_BACKGROUND_MANAGER_SERVICE='org.maemo.hildon.background_manager'
HILDON_CFLAGS='-I/opt/hildon/include/hildon-1 -I/usr/include/gtk-2.0 -I/usr/lib/gtk-2.0/include -I/usr/include/atk-1.0 -I/usr/include/cairo -I/usr/include/pango-1.0 -I/usr/include/glib-2.0 -I/usr/lib/glib-2.0/include -I/usr/include/freetype2 -I/usr/include/libpng12 -I/usr/include/pixman-1  '
HILDON_FM_CFLAGS=''
HILDON_FM_LIBS=''
HILDON_HELP_CFLAGS=''
HILDON_HELP_LIBS=''
HILDON_LIBS='-L/opt/hildon/lib -lhildon-1 -lgtk-x11-2.0 -lgdk-x11-2.0 -latk-1.0 -lgdk_pixbuf-2.0 -lm -lpangocairo-1.0 -lpango-1.0 -lcairo -lgobject-2.0 -lgmodule-2.0 -ldl -lglib-2.0  '
HTML_DIR='${datadir}/gtk-doc/html'
INSTALL_DATA='${INSTALL} -m 644'
INSTALL_PROGRAM='${INSTALL}'
INSTALL_SCRIPT='${INSTALL}'
INSTALL_STRIP_PROGRAM='${SHELL} $(install_sh) -c -s'
INSTOBJEXT='.mo'
INTLLIBS=''
LDFLAGS='-L/opt/hildon/lib '
LIBOBJS=''
LIBS=''
LIBTOOL='$(SHELL) $(top_builddir)/libtool'
LIBXML_CFLAGS='-I/usr/include/libxml2  '
LIBXML_LIBS='-lxml2  '
LN_S='ln -s'
LTLIBOBJS=''
MAKEINFO='${SHELL} /home/bruce/code/hildon/hildon-desktop/missing --run makeinfo'
MCE_CFLAGS=''
MCE_LIBS=''
MKINSTALLDIRS='./mkinstalldirs'
MSGFMT='/usr/bin/msgfmt'
MSGFMT_OPTS='-c'
NMEDIT=''
OBJEXT='o'
OSSOSETTINGS_CFLAGS=''
OSSOSETTINGS_LIBS=''
OSSO_CFLAGS=''
OSSO_LIBS=''
PACKAGE='hildon-desktop'
PACKAGE_BUGREPORT=''
PACKAGE_NAME=''
PACKAGE_STRING=''
PACKAGE_TARNAME=''
PACKAGE_VERSION=''
PATH_SEPARATOR=':'
PKG_CONFIG='/usr/bin/pkg-config'
POFILES=' en_GB.po'
POSUB='po'
PO_IN_DATADIR_FALSE=''
PO_IN_DATADIR_TRUE=''
RANLIB='ranlib'
SED='/bin/sed'
SET_MAKE=''
SHELL='/bin/bash'
SQLITE_CFLAGS=''
SQLITE_LIBS=''
STRIP='strip'
USE_NLS='yes'
VERSION='2.0.19'
XCOMPOSITE_CFLAGS=' '
XCOMPOSITE_LIBS='-lXcomposite -lXfixes  '
XDAMAGE_CFLAGS=' '
XDAMAGE_LIBS='-lXdamage -lXfixes  '
XGETTEXT='/usr/bin/xgettext'
XLIBS_CFLAGS=' '
XLIBS_ERROR_LIBS=''
XLIBS_LIBS='-lX11  '
XMKMF=''
XTEST_CFLAGS=' '
XTEST_LIBS='-lXtst  '
X_CFLAGS=''
X_EXTRA_LIBS=''
X_LIBS=''
X_PRE_LIBS=' -lSM -lICE'
ac_ct_CC='gcc'
ac_ct_CXX='g++'
ac_ct_F77=''
am__fastdepCC_FALSE='#'
am__fastdepCC_TRUE=''
am__fastdepCXX_FALSE='#'
am__fastdepCXX_TRUE=''
am__include='include'
am__leading_dot='.'
am__quote=''
bindir='${exec_prefix}/bin'
build='i686-pc-linux-gnu'
build_alias=''
build_cpu='i686'
build_os='linux-gnu'
build_vendor='pc'
datadir='${datarootdir}'
datarootdir='${prefix}/share'
docdir='${datarootdir}/doc/${PACKAGE}'
dvidir='${docdir}'
exec_prefix='${prefix}'
hildoncpdesktopentrydir='${datarootdir}/applications/hildon-control-panel'
hildondesktopbackgroundsdir='${datarootdir}/backgrounds'
hildondesktopconfdir='${prefix}/etc/hildon-desktop'
hildondesktopentrydir='${datarootdir}/applications'
hildondesktoplibdir='${exec_prefix}/lib/hildon-desktop'
hildondesktopmenudir='${prefix}/etc/xdg/menus'
hildondesktopstartupdir='${prefix}/etc/osso-af-init'
hildonhomedesktopentrydir='/opt/hildon/share/applications/hildon-home'
hildonhomelibdir='${exec_prefix}/lib/hildon-home'
hildonnavigatordesktopentrydir='/opt/hildon/share/applications/hildon-navigator'
hildonnavigatorlibdir='${exec_prefix}/lib/hildon-navigator'
hildonpluginloaderlibdir='${exec_prefix}/lib/hildon-desktop/loaders'
hildonstatusbardesktopentrydir='/opt/hildon/share/applications/hildon-status-bar'
hildonstatusbarlibdir='${exec_prefix}/lib/hildon-status-bar'
hildonuipolicylibdir='${exec_prefix}/lib/hildon-desktop/policies'
host='i686-pc-linux-gnu'
host_alias=''
host_cpu='i686'
host_os='linux-gnu'
host_vendor='pc'
htmldir='${docdir}'
includedir='${prefix}/include'
infodir='${datarootdir}/info'
install_sh='/home/bruce/code/hildon/hildon-desktop/install-sh'
libdir='${exec_prefix}/lib'
libexecdir='${exec_prefix}/libexec'
localedir='${datarootdir}/locale'
localstatedir='${prefix}/var'
mandir='${datarootdir}/man'
oldincludedir='/usr/include'
pdfdir='${docdir}'
pluginlibdir='${exec_prefix}/lib/hildon-desktop'
prefix='/opt/hildon'
program_transform_name='s,x,x,'
psdir='${docdir}'
sbindir='${exec_prefix}/sbin'
sharedstatedir='${prefix}/com'
sysconfdir='${prefix}/etc'
target_alias=''

## ----------- ##
## confdefs.h. ##
## ----------- ##

#define PACKAGE_NAME ""
#define PACKAGE_TARNAME ""
#define PACKAGE_VERSION ""
#define PACKAGE_STRING ""
#define PACKAGE_BUGREPORT ""
#define PACKAGE "hildon-desktop"
#define VERSION "2.0.19"
#define STDC_HEADERS 1
#define HAVE_SYS_TYPES_H 1
#define HAVE_SYS_STAT_H 1
#define HAVE_STDLIB_H 1
#define HAVE_STRING_H 1
#define HAVE_MEMORY_H 1
#define HAVE_STRINGS_H 1
#define HAVE_INTTYPES_H 1
#define HAVE_STDINT_H 1
#define HAVE_UNISTD_H 1
#define HAVE_DLFCN_H 1
#define STDC_HEADERS 1
#define HAVE_LOCALE_H 1
#define HAVE_LC_MESSAGES 1
#define HAVE_BIND_TEXTDOMAIN_CODESET 1
#define HAVE_GETTEXT 1
#define HAVE_DCGETTEXT 1
#define ENABLE_NLS 1
#define GETTEXT_PACKAGE "maemo-af-desktop"
#define HAVE_LIBHILDON
#define HAVE_X_COMPOSITE
#define HAVE_XTEST
#define HAVE_DECL_GDK_CLOSE_ALL_TEMPORARY_WINDOWS 0
#define HAVE_DECL_GTK_WINDOW_SET_IS_TEMPORARY 0
#define HAVE_DECL_GTK_WINDOW_CLOSE_OTHER_TEMPORARIES 0

configure: exit 0

## ---------------------- ##
## Running config.status. ##
## ---------------------- ##

This file was extended by config.status, which was
generated by GNU Autoconf 2.61.  Invocation command line was

  CONFIG_FILES    = 
  CONFIG_HEADERS  = 
  CONFIG_LINKS    = 
  CONFIG_COMMANDS = 
  $ ./config.status Makefile

on bruce-desktop

config.status:768: creating Makefile

## ---------------------- ##
## Running config.status. ##
## ---------------------- ##

This file was extended by config.status, which was
generated by GNU Autoconf 2.61.  Invocation command line was

  CONFIG_FILES    = 
  CONFIG_HEADERS  = 
  CONFIG_LINKS    = 
  CONFIG_COMMANDS = 
  $ ./config.status config.h

on bruce-desktop

config.status:768: creating config.h

## ---------------------- ##
## Running config.status. ##
## ---------------------- ##

This file was extended by config.status, which was
generated by GNU Autoconf 2.61.  Invocation command line was

  CONFIG_FILES    = 
  CONFIG_HEADERS  = 
  CONFIG_LINKS    = 
  CONFIG_COMMANDS = 
  $ ./config.status data/Makefile

on bruce-desktop

config.status:768: creating data/Makefile

## ---------------------- ##
## Running config.status. ##
## ---------------------- ##

This file was extended by config.status, which was
generated by GNU Autoconf 2.61.  Invocation command line was

  CONFIG_FILES    = 
  CONFIG_HEADERS  = 
  CONFIG_LINKS    = 
  CONFIG_COMMANDS = 
  $ ./config.status data/desktop.conf

on bruce-desktop

config.status:768: creating data/desktop.conf

## ---------------------- ##
## Running config.status. ##
## ---------------------- ##

This file was extended by config.status, which was
generated by GNU Autoconf 2.61.  Invocation command line was

  CONFIG_FILES    = 
  CONFIG_HEADERS  = 
  CONFIG_LINKS    = 
  CONFIG_COMMANDS = 
  $ ./config.status data/top-panel.conf

on bruce-desktop

config.status:768: creating data/top-panel.conf

## ---------------------- ##
## Running config.status. ##
## ---------------------- ##

This file was extended by config.status, which was
generated by GNU Autoconf 2.61.  Invocation command line was

  CONFIG_FILES    = 
  CONFIG_HEADERS  = 
  CONFIG_LINKS    = 
  CONFIG_COMMANDS = 
  $ ./config.status data/bottom-panel.conf

on bruce-desktop

config.status:768: creating data/bottom-panel.conf

## ---------------------- ##
## Running config.status. ##
## ---------------------- ##

This file was extended by config.status, which was
generated by GNU Autoconf 2.61.  Invocation command line was

  CONFIG_FILES    = 
  CONFIG_HEADERS  = 
  CONFIG_LINKS    = 
  CONFIG_COMMANDS = 
  $ ./config.status data/app-switcher.desktop

on bruce-desktop

config.status:768: creating data/app-switcher.desktop

## ---------------------- ##
## Running config.status. ##
## ---------------------- ##

This file was extended by config.status, which was
generated by GNU Autoconf 2.61.  Invocation command line was

  CONFIG_FILES    = 
  CONFIG_HEADERS  = 
  CONFIG_LINKS    = 
  CONFIG_COMMANDS = 
  $ ./config.status data/applications-menu.desktop

on bruce-desktop

config.status:768: creating data/applications-menu.desktop

## ---------------------- ##
## Running config.status. ##
## ---------------------- ##

This file was extended by config.status, which was
generated by GNU Autoconf 2.61.  Invocation command line was

  CONFIG_FILES    = 
  CONFIG_HEADERS  = 
  CONFIG_LINKS    = 
  CONFIG_COMMANDS = 
  $ ./config.status data/switcher-menu.desktop

on bruce-desktop

config.status:768: creating data/switcher-menu.desktop

## ---------------------- ##
## Running config.status. ##
## ---------------------- ##

This file was extended by config.status, which was
generated by GNU Autoconf 2.61.  Invocation command line was

  CONFIG_FILES    = 
  CONFIG_HEADERS  = 
  CONFIG_LINKS    = 
  CONFIG_COMMANDS = 
  $ ./config.status libhildonwm/Makefile depfiles

on bruce-desktop

config.status:768: creating libhildonwm/Makefile
config.status:1049: executing depfiles commands

## ---------------------- ##
## Running config.status. ##
## ---------------------- ##

This file was extended by config.status, which was
generated by GNU Autoconf 2.61.  Invocation command line was

  CONFIG_FILES    = 
  CONFIG_HEADERS  = 
  CONFIG_LINKS    = 
  CONFIG_COMMANDS = 
  $ ./config.status libhildonwm/libhildonwm.pc

on bruce-desktop

config.status:768: creating libhildonwm/libhildonwm.pc
config.status:903: WARNING:  libhildonwm/libhildonwm.pc.in seems to ignore the --datarootdir setting

## ---------------------- ##
## Running config.status. ##
## ---------------------- ##

This file was extended by config.status, which was
generated by GNU Autoconf 2.61.  Invocation command line was

  CONFIG_FILES    = 
  CONFIG_HEADERS  = 
  CONFIG_LINKS    = 
  CONFIG_COMMANDS = 
  $ ./config.status libhildondesktop/Makefile depfiles

on bruce-desktop

config.status:768: creating libhildondesktop/Makefile
config.status:1049: executing depfiles commands

## ---------------------- ##
## Running config.status. ##
## ---------------------- ##

This file was extended by config.status, which was
generated by GNU Autoconf 2.61.  Invocation command line was

  CONFIG_FILES    = 
  CONFIG_HEADERS  = 
  CONFIG_LINKS    = 
  CONFIG_COMMANDS = 
  $ ./config.status libhildondesktop/libhildondesktop.pc

on bruce-desktop

config.status:768: creating libhildondesktop/libhildondesktop.pc
config.status:903: WARNING:  libhildondesktop/libhildondesktop.pc.in seems to ignore the --datarootdir setting

## ---------------------- ##
## Running config.status. ##
## ---------------------- ##

This file was extended by config.status, which was
generated by GNU Autoconf 2.61.  Invocation command line was

  CONFIG_FILES    = 
  CONFIG_HEADERS  = 
  CONFIG_LINKS    = 
  CONFIG_COMMANDS = 
  $ ./config.status background-manager/Makefile depfiles

on bruce-desktop

config.status:768: creating background-manager/Makefile
config.status:1049: executing depfiles commands

## ---------------------- ##
## Running config.status. ##
## ---------------------- ##

This file was extended by config.status, which was
generated by GNU Autoconf 2.61.  Invocation command line was

  CONFIG_FILES    = 
  CONFIG_HEADERS  = 
  CONFIG_LINKS    = 
  CONFIG_COMMANDS = 
  $ ./config.status background-manager/background-manager.xml

on bruce-desktop

config.status:768: creating background-manager/background-manager.xml

## ---------------------- ##
## Running config.status. ##
## ---------------------- ##

This file was extended by config.status, which was
generated by GNU Autoconf 2.61.  Invocation command line was

  CONFIG_FILES    = 
  CONFIG_HEADERS  = 
  CONFIG_LINKS    = 
  CONFIG_COMMANDS = 
  $ ./config.status background-manager/background-manager-dbus.h

on bruce-desktop

config.status:768: creating background-manager/background-manager-dbus.h

## ---------------------- ##
## Running config.status. ##
## ---------------------- ##

This file was extended by config.status, which was
generated by GNU Autoconf 2.61.  Invocation command line was

  CONFIG_FILES    = 
  CONFIG_HEADERS  = 
  CONFIG_LINKS    = 
  CONFIG_COMMANDS = 
  $ ./config.status background-manager/hildon-background-manager.service

on bruce-desktop

config.status:768: creating background-manager/hildon-background-manager.service

## ---------------------- ##
## Running config.status. ##
## ---------------------- ##

This file was extended by config.status, which was
generated by GNU Autoconf 2.61.  Invocation command line was

  CONFIG_FILES    = 
  CONFIG_HEADERS  = 
  CONFIG_LINKS    = 
  CONFIG_COMMANDS = 
  $ ./config.status src/Makefile depfiles

on bruce-desktop

config.status:768: creating src/Makefile
config.status:1049: executing depfiles commands

## ---------------------- ##
## Running config.status. ##
## ---------------------- ##

This file was extended by config.status, which was
generated by GNU Autoconf 2.61.  Invocation command line was

  CONFIG_FILES    = 
  CONFIG_HEADERS  = 
  CONFIG_LINKS    = 
  CONFIG_COMMANDS = 
  $ ./config.status src/hildon-desktop.pc

on bruce-desktop

config.status:768: creating src/hildon-desktop.pc
config.status:903: WARNING:  src/hildon-desktop.pc.in seems to ignore the --datarootdir setting

## ---------------------- ##
## Running config.status. ##
## ---------------------- ##

This file was extended by config.status, which was
generated by GNU Autoconf 2.61.  Invocation command line was

  CONFIG_FILES    = 
  CONFIG_HEADERS  = 
  CONFIG_LINKS    = 
  CONFIG_COMMANDS = 
  $ ./config.status policies/Makefile depfiles

on bruce-desktop

config.status:768: creating policies/Makefile
config.status:1049: executing depfiles commands

## ---------------------- ##
## Running config.status. ##
## ---------------------- ##

This file was extended by config.status, which was
generated by GNU Autoconf 2.61.  Invocation command line was

  CONFIG_FILES    = 
  CONFIG_HEADERS  = 
  CONFIG_LINKS    = 
  CONFIG_COMMANDS = 
  $ ./config.status doc/Makefile

on bruce-desktop

config.status:768: creating doc/Makefile

## ---------------------- ##
## Running config.status. ##
## ---------------------- ##

This file was extended by config.status, which was
generated by GNU Autoconf 2.61.  Invocation command line was

  CONFIG_FILES    = 
  CONFIG_HEADERS  = 
  CONFIG_LINKS    = 
  CONFIG_COMMANDS = 
  $ ./config.status doc/libhildondesktop/Makefile

on bruce-desktop

config.status:768: creating doc/libhildondesktop/Makefile
