This file contains any messages produced by compilers while
running configure, to aid debugging if configure makes a mistake.

It was created by configure, which was
generated by GNU Autoconf 2.61.  Invocation command line was

  $ ./configure --enable-maintainer-mode --enable-debug --prefix /opt/hildon --libdir ${exec_prefix}/lib --disable-static --disable-gtk-doc

## --------- ##
## Platform. ##
## --------- ##

hostname = bruce-desktop
uname -m = i686
uname -r = 2.6.24-23-generic
uname -s = Linux
uname -v = #1 SMP Thu Nov 27 18:44:42 UTC 2008

/usr/bin/uname -p = unknown
/bin/uname -X     = unknown

/bin/arch              = unknown
/usr/bin/arch -k       = unknown
/usr/convex/getsysinfo = unknown
/usr/bin/hostinfo      = unknown
/bin/machine           = unknown
/usr/bin/oslevel       = unknown
/bin/universe          = unknown

PATH: /opt/hildon/bin
PATH: /usr/local/sbin
PATH: /usr/local/bin
PATH: /usr/sbin
PATH: /usr/bin
PATH: /sbin
PATH: /bin
PATH: /usr/games


## ----------- ##
## Core tests. ##
## ----------- ##

configure:1996: checking for a BSD-compatible install
configure:2052: result: /home/bruce/bin/install-check
configure:2063: checking whether build environment is sane
configure:2106: result: yes
configure:2163: checking for gawk
configure:2193: result: no
configure:2163: checking for mawk
configure:2179: found /usr/bin/mawk
configure:2190: result: mawk
configure:2201: checking whether make sets $(MAKE)
configure:2222: result: yes
configure:2403: checking whether to enable maintainer-specific portions of Makefiles
configure:2412: result: yes
configure:2479: checking for gcc
configure:2495: found /usr/bin/gcc
configure:2506: result: gcc
configure:2744: checking for C compiler version
configure:2751: gcc --version >&5
gcc (GCC) 4.2.4 (Ubuntu 4.2.4-1ubuntu3)
Copyright (C) 2007 Free Software Foundation, Inc.
This is free software; see the source for copying conditions.  There is NO
warranty; not even for MERCHANTABILITY or FITNESS FOR A PARTICULAR PURPOSE.

configure:2754: $? = 0
configure:2761: gcc -v >&5
Using built-in specs.
Target: i486-linux-gnu
Configured with: ../src/configure -v --enable-languages=c,c++,fortran,objc,obj-c++,treelang --prefix=/usr --enable-shared --with-system-zlib --libexecdir=/usr/lib --without-included-gettext --enable-threads=posix --enable-nls --with-gxx-include-dir=/usr/include/c++/4.2 --program-suffix=-4.2 --enable-clocale=gnu --enable-libstdcxx-debug --enable-objc-gc --enable-mpfr --enable-targets=all --enable-checking=release --build=i486-linux-gnu --host=i486-linux-gnu --target=i486-linux-gnu
Thread model: posix
gcc version 4.2.4 (Ubuntu 4.2.4-1ubuntu3)
configure:2764: $? = 0
configure:2771: gcc -V >&5
gcc: '-V' option must have argument
configure:2774: $? = 1
configure:2797: checking for C compiler default output file name
configure:2824: gcc   -L/opt/hildon/lib  conftest.c  >&5
configure:2827: $? = 0
configure:2865: result: a.out
configure:2882: checking whether the C compiler works
configure:2892: ./a.out
configure:2895: $? = 0
configure:2912: result: yes
configure:2919: checking whether we are cross compiling
configure:2921: result: no
configure:2924: checking for suffix of executables
configure:2931: gcc -o conftest   -L/opt/hildon/lib  conftest.c  >&5
configure:2934: $? = 0
configure:2958: result: 
configure:2964: checking for suffix of object files
configure:2990: gcc -c   conftest.c >&5
configure:2993: $? = 0
configure:3016: result: o
configure:3020: checking whether we are using the GNU C compiler
configure:3049: gcc -c   conftest.c >&5
configure:3055: $? = 0
configure:3072: result: yes
configure:3077: checking whether gcc accepts -g
configure:3107: gcc -c -g  conftest.c >&5
configure:3113: $? = 0
configure:3212: result: yes
configure:3229: checking for gcc option to accept ISO C89
configure:3303: gcc  -c -g -O2  conftest.c >&5
configure:3309: $? = 0
configure:3332: result: none needed
configure:3361: checking for style of include used by make
configure:3389: result: GNU
configure:3417: checking dependency style of gcc
configure:3507: result: gcc3
configure:3572: checking for gcc
configure:3599: result: gcc
configure:3837: checking for C compiler version
configure:3844: gcc --version >&5
gcc (GCC) 4.2.4 (Ubuntu 4.2.4-1ubuntu3)
Copyright (C) 2007 Free Software Foundation, Inc.
This is free software; see the source for copying conditions.  There is NO
warranty; not even for MERCHANTABILITY or FITNESS FOR A PARTICULAR PURPOSE.

configure:3847: $? = 0
configure:3854: gcc -v >&5
Using built-in specs.
Target: i486-linux-gnu
Configured with: ../src/configure -v --enable-languages=c,c++,fortran,objc,obj-c++,treelang --prefix=/usr --enable-shared --with-system-zlib --libexecdir=/usr/lib --without-included-gettext --enable-threads=posix --enable-nls --with-gxx-include-dir=/usr/include/c++/4.2 --program-suffix=-4.2 --enable-clocale=gnu --enable-libstdcxx-debug --enable-objc-gc --enable-mpfr --enable-targets=all --enable-checking=release --build=i486-linux-gnu --host=i486-linux-gnu --target=i486-linux-gnu
Thread model: posix
gcc version 4.2.4 (Ubuntu 4.2.4-1ubuntu3)
configure:3857: $? = 0
configure:3864: gcc -V >&5
gcc: '-V' option must have argument
configure:3867: $? = 1
configure:3870: checking whether we are using the GNU C compiler
configure:3922: result: yes
configure:3927: checking whether gcc accepts -g
configure:4062: result: yes
configure:4079: checking for gcc option to accept ISO C89
configure:4182: result: none needed
configure:4202: checking dependency style of gcc
configure:4292: result: gcc3
configure:4325: checking for a BSD-compatible install
configure:4381: result: /home/bruce/bin/install-check
configure:4392: checking whether make sets $(MAKE)
configure:4413: result: yes
configure:4431: checking abstract socket namespace
configure:4494: gcc -o conftest -g -O2  -L/opt/hildon/lib  conftest.c  >&5
configure:4497: $? = 0
configure:4503: ./conftest
configure:4506: $? = 0
configure:4521: result: yes
configure:4631: checking build system type
configure:4649: result: i686-pc-linux-gnu
configure:4671: checking host system type
configure:4686: result: i686-pc-linux-gnu
configure:4708: checking for a sed that does not truncate output
configure:4764: result: /bin/sed
configure:4767: checking for grep that handles long lines and -e
configure:4841: result: /bin/grep
configure:4846: checking for egrep
configure:4924: result: /bin/grep -E
configure:4940: checking for ld used by gcc
configure:5007: result: /usr/bin/ld
configure:5016: checking if the linker (/usr/bin/ld) is GNU ld
configure:5031: result: yes
configure:5036: checking for /usr/bin/ld option to reload object files
configure:5043: result: -r
configure:5061: checking for BSD-compatible nm
configure:5110: result: /usr/bin/nm -B
configure:5114: checking whether ln -s works
configure:5118: result: yes
configure:5125: checking how to recognize dependent libraries
configure:5311: result: pass_all
configure:5555: checking how to run the C preprocessor
configure:5595: gcc -E  conftest.c
configure:5601: $? = 0
configure:5632: gcc -E  conftest.c
conftest.c:11:28: error: ac_nonexistent.h: No such file or directory
configure:5638: $? = 1
configure: failed program was:
| /* confdefs.h.  */
| #define PACKAGE_NAME ""
| #define PACKAGE_TARNAME ""
| #define PACKAGE_VERSION ""
| #define PACKAGE_STRING ""
| #define PACKAGE_BUGREPORT ""
| #define PACKAGE "sapwood"
| #define VERSION "3.1.1"
| #define HAVE_ABSTRACT_SOCKETS 1
| /* end confdefs.h.  */
| #include <ac_nonexistent.h>
configure:5671: result: gcc -E
configure:5700: gcc -E  conftest.c
configure:5706: $? = 0
configure:5737: gcc -E  conftest.c
conftest.c:11:28: error: ac_nonexistent.h: No such file or directory
configure:5743: $? = 1
configure: failed program was:
| /* confdefs.h.  */
| #define PACKAGE_NAME ""
| #define PACKAGE_TARNAME ""
| #define PACKAGE_VERSION ""
| #define PACKAGE_STRING ""
| #define PACKAGE_BUGREPORT ""
| #define PACKAGE "sapwood"
| #define VERSION "3.1.1"
| #define HAVE_ABSTRACT_SOCKETS 1
| /* end confdefs.h.  */
| #include <ac_nonexistent.h>
configure:5781: checking for ANSI C header files
configure:5811: gcc -c -g -O2 -Wall  conftest.c >&5
configure:5817: $? = 0
configure:5916: gcc -o conftest -g -O2 -Wall  -L/opt/hildon/lib  conftest.c  >&5
configure:5919: $? = 0
configure:5925: ./conftest
configure:5928: $? = 0
configure:5945: result: yes
configure:5969: checking for sys/types.h
configure:5990: gcc -c -g -O2 -Wall  conftest.c >&5
configure:5996: $? = 0
configure:6012: result: yes
configure:5969: checking for sys/stat.h
configure:5990: gcc -c -g -O2 -Wall  conftest.c >&5
configure:5996: $? = 0
configure:6012: result: yes
configure:5969: checking for stdlib.h
configure:5990: gcc -c -g -O2 -Wall  conftest.c >&5
configure:5996: $? = 0
configure:6012: result: yes
configure:5969: checking for string.h
configure:5990: gcc -c -g -O2 -Wall  conftest.c >&5
configure:5996: $? = 0
configure:6012: result: yes
configure:5969: checking for memory.h
configure:5990: gcc -c -g -O2 -Wall  conftest.c >&5
configure:5996: $? = 0
configure:6012: result: yes
configure:5969: checking for strings.h
configure:5990: gcc -c -g -O2 -Wall  conftest.c >&5
configure:5996: $? = 0
configure:6012: result: yes
configure:5969: checking for inttypes.h
configure:5990: gcc -c -g -O2 -Wall  conftest.c >&5
configure:5996: $? = 0
configure:6012: result: yes
configure:5969: checking for stdint.h
configure:5990: gcc -c -g -O2 -Wall  conftest.c >&5
configure:5996: $? = 0
configure:6012: result: yes
configure:5969: checking for unistd.h
configure:5990: gcc -c -g -O2 -Wall  conftest.c >&5
configure:5996: $? = 0
configure:6012: result: yes
configure:6039: checking dlfcn.h usability
configure:6056: gcc -c -g -O2 -Wall  conftest.c >&5
configure:6062: $? = 0
configure:6076: result: yes
configure:6080: checking dlfcn.h presence
configure:6095: gcc -E  conftest.c
configure:6101: $? = 0
configure:6115: result: yes
configure:6143: checking for dlfcn.h
configure:6151: result: yes
configure:6222: checking for g++
configure:6238: found /usr/bin/g++
configure:6249: result: g++
configure:6280: checking for C++ compiler version
configure:6287: g++ --version >&5
g++ (GCC) 4.2.4 (Ubuntu 4.2.4-1ubuntu3)
Copyright (C) 2007 Free Software Foundation, Inc.
This is free software; see the source for copying conditions.  There is NO
warranty; not even for MERCHANTABILITY or FITNESS FOR A PARTICULAR PURPOSE.

configure:6290: $? = 0
configure:6297: g++ -v >&5
Using built-in specs.
Target: i486-linux-gnu
Configured with: ../src/configure -v --enable-languages=c,c++,fortran,objc,obj-c++,treelang --prefix=/usr --enable-shared --with-system-zlib --libexecdir=/usr/lib --without-included-gettext --enable-threads=posix --enable-nls --with-gxx-include-dir=/usr/include/c++/4.2 --program-suffix=-4.2 --enable-clocale=gnu --enable-libstdcxx-debug --enable-objc-gc --enable-mpfr --enable-targets=all --enable-checking=release --build=i486-linux-gnu --host=i486-linux-gnu --target=i486-linux-gnu
Thread model: posix
gcc version 4.2.4 (Ubuntu 4.2.4-1ubuntu3)
configure:6300: $? = 0
configure:6307: g++ -V >&5
g++: '-V' option must have argument
configure:6310: $? = 1
configure:6313: checking whether we are using the GNU C++ compiler
configure:6342: g++ -c   conftest.cpp >&5
configure:6348: $? = 0
configure:6365: result: yes
configure:6370: checking whether g++ accepts -g
configure:6400: g++ -c -g  conftest.cpp >&5
configure:6406: $? = 0
configure:6505: result: yes
configure:6530: checking dependency style of g++
configure:6620: result: gcc3
configure:6647: checking how to run the C++ preprocessor
configure:6683: g++ -E  conftest.cpp
configure:6689: $? = 0
configure:6720: g++ -E  conftest.cpp
conftest.cpp:22:28: error: ac_nonexistent.h: No such file or directory
configure:6726: $? = 1
configure: failed program was:
| /* confdefs.h.  */
| #define PACKAGE_NAME ""
| #define PACKAGE_TARNAME ""
| #define PACKAGE_VERSION ""
| #define PACKAGE_STRING ""
| #define PACKAGE_BUGREPORT ""
| #define PACKAGE "sapwood"
| #define VERSION "3.1.1"
| #define HAVE_ABSTRACT_SOCKETS 1
| #define STDC_HEADERS 1
| #define HAVE_SYS_TYPES_H 1
| #define HAVE_SYS_STAT_H 1
| #define HAVE_STDLIB_H 1
| #define HAVE_STRING_H 1
| #define HAVE_MEMORY_H 1
| #define HAVE_STRINGS_H 1
| #define HAVE_INTTYPES_H 1
| #define HAVE_STDINT_H 1
| #define HAVE_UNISTD_H 1
| #define HAVE_DLFCN_H 1
| /* end confdefs.h.  */
| #include <ac_nonexistent.h>
configure:6759: result: g++ -E
configure:6788: g++ -E  conftest.cpp
configure:6794: $? = 0
configure:6825: g++ -E  conftest.cpp
conftest.cpp:22:28: error: ac_nonexistent.h: No such file or directory
configure:6831: $? = 1
configure: failed program was:
| /* confdefs.h.  */
| #define PACKAGE_NAME ""
| #define PACKAGE_TARNAME ""
| #define PACKAGE_VERSION ""
| #define PACKAGE_STRING ""
| #define PACKAGE_BUGREPORT ""
| #define PACKAGE "sapwood"
| #define VERSION "3.1.1"
| #define HAVE_ABSTRACT_SOCKETS 1
| #define STDC_HEADERS 1
| #define HAVE_SYS_TYPES_H 1
| #define HAVE_SYS_STAT_H 1
| #define HAVE_STDLIB_H 1
| #define HAVE_STRING_H 1
| #define HAVE_MEMORY_H 1
| #define HAVE_STRINGS_H 1
| #define HAVE_INTTYPES_H 1
| #define HAVE_STDINT_H 1
| #define HAVE_UNISTD_H 1
| #define HAVE_DLFCN_H 1
| /* end confdefs.h.  */
| #include <ac_nonexistent.h>
configure:6924: checking for g77
configure:6954: result: no
configure:6924: checking for xlf
configure:6954: result: no
configure:6924: checking for f77
configure:6954: result: no
configure:6924: checking for frt
configure:6954: result: no
configure:6924: checking for pgf77
configure:6954: result: no
configure:6924: checking for cf77
configure:6954: result: no
configure:6924: checking for fort77
configure:6954: result: no
configure:6924: checking for fl32
configure:6954: result: no
configure:6924: checking for af77
configure:6954: result: no
configure:6924: checking for xlf90
configure:6954: result: no
configure:6924: checking for f90
configure:6954: result: no
configure:6924: checking for pgf90
configure:6954: result: no
configure:6924: checking for pghpf
configure:6954: result: no
configure:6924: checking for epcf90
configure:6954: result: no
configure:6924: checking for gfortran
configure:6954: result: no
configure:6924: checking for g95
configure:6954: result: no
configure:6924: checking for xlf95
configure:6954: result: no
configure:6924: checking for f95
configure:6954: result: no
configure:6924: checking for fort
configure:6954: result: no
configure:6924: checking for ifort
configure:6954: result: no
configure:6924: checking for ifc
configure:6954: result: no
configure:6924: checking for efc
configure:6954: result: no
configure:6924: checking for pgf95
configure:6954: result: no
configure:6924: checking for lf95
configure:6954: result: no
configure:6924: checking for ftn
configure:6954: result: no
configure:6981: checking for Fortran 77 compiler version
configure:6988:  --version >&5
./configure: line 6989: --version: command not found
configure:6991: $? = 127
configure:6998:  -v >&5
./configure: line 6999: -v: command not found
configure:7001: $? = 127
configure:7008:  -V >&5
./configure: line 7009: -V: command not found
configure:7011: $? = 127
configure:7019: checking whether we are using the GNU Fortran 77 compiler
configure:7038:  -c  conftest.F >&5
./configure: line 7039: -c: command not found
configure:7044: $? = 127
configure: failed program was:
|       program main
| #ifndef __GNUC__
|        choke me
| #endif
| 
|       end
configure:7061: result: no
configure:7067: checking whether  accepts -g
configure:7084:  -c -g conftest.f >&5
./configure: line 7085: -c: command not found
configure:7090: $? = 127
configure: failed program was:
|       program main
| 
|       end
configure:7106: result: no
configure:7135: checking the maximum length of command line arguments
configure:7247: result: 98304
configure:7259: checking command to parse /usr/bin/nm -B output from gcc object
configure:7364: gcc -c -g -O2 -Wall  conftest.c >&5
configure:7367: $? = 0
configure:7371: /usr/bin/nm -B conftest.o \| sed -n -e 's/^.*[ 	]\([ABCDGIRSTW][ABCDGIRSTW]*\)[ 	][ 	]*\([_A-Za-z][_A-Za-z0-9]*\)$/\1 \2 \2/p' \> conftest.nm
configure:7374: $? = 0
configure:7426: gcc -o conftest -g -O2 -Wall  -L/opt/hildon/lib  conftest.c conftstm.o >&5
configure:7429: $? = 0
configure:7467: result: ok
configure:7471: checking for objdir
configure:7486: result: .libs
configure:7578: checking for ar
configure:7594: found /usr/bin/ar
configure:7605: result: ar
configure:7674: checking for ranlib
configure:7690: found /usr/bin/ranlib
configure:7701: result: ranlib
configure:7770: checking for strip
configure:7786: found /usr/bin/strip
configure:7797: result: strip
configure:8395: checking if gcc supports -fno-rtti -fno-exceptions
configure:8413: gcc -c -g -O2 -Wall  -fno-rtti -fno-exceptions conftest.c >&5
cc1: warning: command line option "-fno-rtti" is valid for C++/ObjC++ but not for C
configure:8417: $? = 0
configure:8430: result: no
configure:8445: checking for gcc option to produce PIC
configure:8677: result: -fPIC
configure:8685: checking if gcc PIC flag -fPIC works
configure:8703: gcc -c -g -O2 -Wall  -fPIC -DPIC conftest.c >&5
configure:8707: $? = 0
configure:8720: result: yes
configure:8748: checking if gcc static flag -static works
configure:8776: result: yes
configure:8786: checking if gcc supports -c -o file.o
configure:8807: gcc -c -g -O2 -Wall  -o out/conftest2.o conftest.c >&5
configure:8811: $? = 0
configure:8833: result: yes
configure:8859: checking whether the gcc linker (/usr/bin/ld) supports shared libraries
configure:9840: result: yes
configure:9861: checking whether -lc should be explicitly linked in
configure:9866: gcc -c -g -O2 -Wall  conftest.c >&5
configure:9869: $? = 0
configure:9884: gcc -shared conftest.o  -v -Wl,-soname -Wl,conftest -o conftest 2\>\&1 \| grep  -lc  \>/dev/null 2\>\&1
configure:9887: $? = 0
configure:9899: result: no
configure:9907: checking dynamic linker characteristics
configure:10521: result: GNU/Linux ld.so
configure:10545: checking how to hardcode library paths into programs
configure:10570: result: immediate
configure:10584: checking whether stripping libraries is possible
configure:10589: result: yes
configure:11391: checking if libtool supports shared libraries
configure:11393: result: yes
configure:11396: checking whether to build shared libraries
configure:11417: result: yes
configure:11420: checking whether to build static libraries
configure:11424: result: no
configure:11518: creating libtool
configure:12111: checking for ld used by g++
configure:12178: result: /usr/bin/ld
configure:12187: checking if the linker (/usr/bin/ld) is GNU ld
configure:12202: result: yes
configure:12253: checking whether the g++ linker (/usr/bin/ld) supports shared libraries
configure:13199: result: yes
configure:13216: g++ -c -g -O2  conftest.cpp >&5
configure:13219: $? = 0
configure:13375: checking for g++ option to produce PIC
configure:13659: result: -fPIC
configure:13667: checking if g++ PIC flag -fPIC works
configure:13685: g++ -c -g -O2  -fPIC -DPIC conftest.cpp >&5
configure:13689: $? = 0
configure:13702: result: yes
configure:13730: checking if g++ static flag -static works
configure:13758: result: yes
configure:13768: checking if g++ supports -c -o file.o
configure:13789: g++ -c -g -O2  -o out/conftest2.o conftest.cpp >&5
configure:13793: $? = 0
configure:13815: result: yes
configure:13841: checking whether the g++ linker (/usr/bin/ld) supports shared libraries
configure:13870: result: yes
configure:13937: checking dynamic linker characteristics
configure:14499: result: GNU/Linux ld.so
configure:14523: checking how to hardcode library paths into programs
configure:14548: result: immediate
configure:20845: checking for pkg-config
configure:20863: found /usr/bin/pkg-config
configure:20875: result: /usr/bin/pkg-config
configure:20904: checking pkg-config is at least version 0.9.0
configure:20907: result: yes
configure:20918: checking for GTK
configure:20926: $PKG_CONFIG --exists --print-errors "gtk+-2.0 >= 2.8"
configure:20929: $? = 0
configure:20944: $PKG_CONFIG --exists --print-errors "gtk+-2.0 >= 2.8"
configure:20947: $? = 0
configure:21023: result: yes
configure:21035: checking for GDK
configure:21043: $PKG_CONFIG --exists --print-errors "gdk-2.0 >= 1.3.12"
configure:21046: $? = 0
configure:21061: $PKG_CONFIG --exists --print-errors "gdk-2.0 >= 1.3.12"
configure:21064: $? = 0
configure:21140: result: yes
configure:21149: checking for GIO
configure:21157: $PKG_CONFIG --exists --print-errors "gio-2.0"
configure:21160: $? = 0
configure:21175: $PKG_CONFIG --exists --print-errors "gio-2.0"
configure:21178: $? = 0
configure:21254: result: yes
configure:21260: checking for debugging support
configure:21269: result: yes
configure:21417: creating ./config.status

## ---------------------- ##
## Running config.status. ##
## ---------------------- ##

This file was extended by config.status, which was
generated by GNU Autoconf 2.61.  Invocation command line was

  CONFIG_FILES    = 
  CONFIG_HEADERS  = 
  CONFIG_LINKS    = 
  CONFIG_COMMANDS = 
  $ ./config.status 

on bruce-desktop

config.status:676: creating Makefile
config.status:676: creating protocol/Makefile
config.status:676: creating engine/Makefile
config.status:676: creating server/Makefile
config.status:676: creating tests/Makefile
config.status:676: creating demos/Makefile
config.status:676: creating config.h
config.status:945: executing depfiles commands

## ---------------- ##
## Cache variables. ##
## ---------------- ##

ac_cv_build=i686-pc-linux-gnu
ac_cv_c_compiler_gnu=yes
ac_cv_cxx_compiler_gnu=yes
ac_cv_env_CCC_set=
ac_cv_env_CCC_value=
ac_cv_env_CC_set=
ac_cv_env_CC_value=
ac_cv_env_CFLAGS_set=
ac_cv_env_CFLAGS_value=
ac_cv_env_CPPFLAGS_set=
ac_cv_env_CPPFLAGS_value=
ac_cv_env_CPP_set=
ac_cv_env_CPP_value=
ac_cv_env_CXXCPP_set=
ac_cv_env_CXXCPP_value=
ac_cv_env_CXXFLAGS_set=
ac_cv_env_CXXFLAGS_value=
ac_cv_env_CXX_set=
ac_cv_env_CXX_value=
ac_cv_env_F77_set=
ac_cv_env_F77_value=
ac_cv_env_FFLAGS_set=
ac_cv_env_FFLAGS_value=
ac_cv_env_GDK_CFLAGS_set=
ac_cv_env_GDK_CFLAGS_value=
ac_cv_env_GDK_LIBS_set=
ac_cv_env_GDK_LIBS_value=
ac_cv_env_GIO_CFLAGS_set=
ac_cv_env_GIO_CFLAGS_value=
ac_cv_env_GIO_LIBS_set=
ac_cv_env_GIO_LIBS_value=
ac_cv_env_GTK_CFLAGS_set=
ac_cv_env_GTK_CFLAGS_value=
ac_cv_env_GTK_LIBS_set=
ac_cv_env_GTK_LIBS_value=
ac_cv_env_LDFLAGS_set=set
ac_cv_env_LDFLAGS_value='-L/opt/hildon/lib '
ac_cv_env_LIBS_set=
ac_cv_env_LIBS_value=
ac_cv_env_PKG_CONFIG_set=
ac_cv_env_PKG_CONFIG_value=
ac_cv_env_build_alias_set=
ac_cv_env_build_alias_value=
ac_cv_env_host_alias_set=
ac_cv_env_host_alias_value=
ac_cv_env_target_alias_set=
ac_cv_env_target_alias_value=
ac_cv_f77_compiler_gnu=no
ac_cv_header_dlfcn_h=yes
ac_cv_header_inttypes_h=yes
ac_cv_header_memory_h=yes
ac_cv_header_stdc=yes
ac_cv_header_stdint_h=yes
ac_cv_header_stdlib_h=yes
ac_cv_header_string_h=yes
ac_cv_header_strings_h=yes
ac_cv_header_sys_stat_h=yes
ac_cv_header_sys_types_h=yes
ac_cv_header_unistd_h=yes
ac_cv_host=i686-pc-linux-gnu
ac_cv_objext=o
ac_cv_path_EGREP='/bin/grep -E'
ac_cv_path_GREP=/bin/grep
ac_cv_path_ac_pt_PKG_CONFIG=/usr/bin/pkg-config
ac_cv_prog_AWK=mawk
ac_cv_prog_CPP='gcc -E'
ac_cv_prog_CXXCPP='g++ -E'
ac_cv_prog_ac_ct_AR=ar
ac_cv_prog_ac_ct_CC=gcc
ac_cv_prog_ac_ct_CXX=g++
ac_cv_prog_ac_ct_RANLIB=ranlib
ac_cv_prog_ac_ct_STRIP=strip
ac_cv_prog_cc_c89=
ac_cv_prog_cc_g=yes
ac_cv_prog_cxx_g=yes
ac_cv_prog_f77_g=no
ac_cv_prog_make_make_set=yes
am_cv_CC_dependencies_compiler_type=gcc3
am_cv_CXX_dependencies_compiler_type=gcc3
am_cv_prog_cc_stdc=
lt_cv_deplibs_check_method=pass_all
lt_cv_file_magic_cmd='$MAGIC_CMD'
lt_cv_file_magic_test_file=
lt_cv_ld_reload_flag=-r
lt_cv_objdir=.libs
lt_cv_path_LD=/usr/bin/ld
lt_cv_path_LDCXX=/usr/bin/ld
lt_cv_path_NM='/usr/bin/nm -B'
lt_cv_path_SED=/bin/sed
lt_cv_prog_compiler_c_o=yes
lt_cv_prog_compiler_c_o_CXX=yes
lt_cv_prog_compiler_pic_works=yes
lt_cv_prog_compiler_pic_works_CXX=yes
lt_cv_prog_compiler_rtti_exceptions=no
lt_cv_prog_compiler_static_works=yes
lt_cv_prog_compiler_static_works_CXX=yes
lt_cv_prog_gnu_ld=yes
lt_cv_prog_gnu_ldcxx=yes
lt_cv_sys_global_symbol_pipe='sed -n -e '\''s/^.*[ 	]\([ABCDGIRSTW][ABCDGIRSTW]*\)[ 	][ 	]*\([_A-Za-z][_A-Za-z0-9]*\)$/\1 \2 \2/p'\'''
lt_cv_sys_global_symbol_to_c_name_address='sed -n -e '\''s/^: \([^ ]*\) $/  {\"\1\", (lt_ptr) 0},/p'\'' -e '\''s/^[BCDEGRST] \([^ ]*\) \([^ ]*\)$/  {"\2", (lt_ptr) \&\2},/p'\'''
lt_cv_sys_global_symbol_to_cdecl='sed -n -e '\''s/^. .* \(.*\)$/extern int \1;/p'\'''
lt_cv_sys_lib_dlsearch_path_spec='/lib /usr/lib /lib/i486-linux-gnu /usr/lib/i486-linux-gnu /usr/local/lib '
lt_cv_sys_lib_search_path_spec='/usr/lib/gcc/i486-linux-gnu/4.2.4 /usr/lib /lib'
lt_cv_sys_max_cmd_len=98304
lt_lt_cv_prog_compiler_c_o='"yes"'
lt_lt_cv_prog_compiler_c_o_CXX='"yes"'
lt_lt_cv_sys_global_symbol_pipe='"sed -n -e '\''s/^.*[ 	]\\([ABCDGIRSTW][ABCDGIRSTW]*\\)[ 	][ 	]*\\([_A-Za-z][_A-Za-z0-9]*\\)\$/\\1 \\2 \\2/p'\''"'
lt_lt_cv_sys_global_symbol_to_c_name_address='"sed -n -e '\''s/^: \\([^ ]*\\) \$/  {\\\"\\1\\\", (lt_ptr) 0},/p'\'' -e '\''s/^[BCDEGRST] \\([^ ]*\\) \\([^ ]*\\)\$/  {\"\\2\", (lt_ptr) \\&\\2},/p'\''"'
lt_lt_cv_sys_global_symbol_to_cdecl='"sed -n -e '\''s/^. .* \\(.*\\)\$/extern int \\1;/p'\''"'
pkg_cv_GDK_CFLAGS='-I/usr/include/gtk-2.0 -I/usr/lib/gtk-2.0/include -I/usr/include/pango-1.0 -I/usr/include/glib-2.0 -I/usr/lib/glib-2.0/include -I/usr/include/cairo -I/usr/include/freetype2 -I/usr/include/libpng12 -I/usr/include/pixman-1  '
pkg_cv_GDK_LIBS='-lgdk-x11-2.0 -lgdk_pixbuf-2.0 -lm -lpangocairo-1.0 -lpango-1.0 -lcairo -lgobject-2.0 -lgmodule-2.0 -ldl -lglib-2.0  '
pkg_cv_GIO_CFLAGS='-I/usr/include/glib-2.0 -I/usr/lib/glib-2.0/include  '
pkg_cv_GIO_LIBS='-lgio-2.0 -lgobject-2.0 -lgmodule-2.0 -ldl -lglib-2.0  '
pkg_cv_GTK_CFLAGS='-I/usr/include/gtk-2.0 -I/usr/lib/gtk-2.0/include -I/usr/include/atk-1.0 -I/usr/include/cairo -I/usr/include/pango-1.0 -I/usr/include/glib-2.0 -I/usr/lib/glib-2.0/include -I/usr/include/freetype2 -I/usr/include/libpng12 -I/usr/include/pixman-1  '
pkg_cv_GTK_LIBS='-lgtk-x11-2.0 -lgdk-x11-2.0 -latk-1.0 -lgdk_pixbuf-2.0 -lm -lpangocairo-1.0 -lpango-1.0 -lcairo -lgobject-2.0 -lgmodule-2.0 -ldl -lglib-2.0  '

## ----------------- ##
## Output variables. ##
## ----------------- ##

ACLOCAL='${SHELL} /home/bruce/code/hildon/sapwood/missing --run aclocal-1.8 -I /opt/hildon/share/aclocal'
AMDEPBACKSLASH='\'
AMDEP_FALSE='#'
AMDEP_TRUE=''
AMTAR='${SHELL} /home/bruce/code/hildon/sapwood/missing --run tar'
AR='ar'
AUTOCONF='${SHELL} /home/bruce/code/hildon/sapwood/missing --run autoconf'
AUTOHEADER='${SHELL} /home/bruce/code/hildon/sapwood/missing --run autoheader'
AUTOMAKE='${SHELL} /home/bruce/code/hildon/sapwood/missing --run automake-1.8'
AWK='mawk'
CC='gcc'
CCDEPMODE='depmode=gcc3'
CFLAGS='-g -O2 -Wall'
CPP='gcc -E'
CPPFLAGS=''
CXX='g++'
CXXCPP='g++ -E'
CXXDEPMODE='depmode=gcc3'
CXXFLAGS='-g -O2'
CYGPATH_W='echo'
DEFS='-DHAVE_CONFIG_H'
DEPDIR='.deps'
DSYMUTIL=''
ECHO='echo'
ECHO_C=''
ECHO_N='-n'
ECHO_T=''
EGREP='/bin/grep -E'
EXEEXT=''
F77=''
FFLAGS=''
GDK_CFLAGS='-I/usr/include/gtk-2.0 -I/usr/lib/gtk-2.0/include -I/usr/include/pango-1.0 -I/usr/include/glib-2.0 -I/usr/lib/glib-2.0/include -I/usr/include/cairo -I/usr/include/freetype2 -I/usr/include/libpng12 -I/usr/include/pixman-1  '
GDK_LIBS='-lgdk-x11-2.0 -lgdk_pixbuf-2.0 -lm -lpangocairo-1.0 -lpango-1.0 -lcairo -lgobject-2.0 -lgmodule-2.0 -ldl -lglib-2.0  '
GIO_CFLAGS='-I/usr/include/glib-2.0 -I/usr/lib/glib-2.0/include  '
GIO_LIBS='-lgio-2.0 -lgobject-2.0 -lgmodule-2.0 -ldl -lglib-2.0  '
GREP='/bin/grep'
GTK_CFLAGS='-I/usr/include/gtk-2.0 -I/usr/lib/gtk-2.0/include -I/usr/include/atk-1.0 -I/usr/include/cairo -I/usr/include/pango-1.0 -I/usr/include/glib-2.0 -I/usr/lib/glib-2.0/include -I/usr/include/freetype2 -I/usr/include/libpng12 -I/usr/include/pixman-1  '
GTK_LIBS='-lgtk-x11-2.0 -lgdk-x11-2.0 -latk-1.0 -lgdk_pixbuf-2.0 -lm -lpangocairo-1.0 -lpango-1.0 -lcairo -lgobject-2.0 -lgmodule-2.0 -ldl -lglib-2.0  '
GTK_VERSION='2.10.0'
INSTALL_DATA='${INSTALL} -m 644'
INSTALL_PROGRAM='${INSTALL}'
INSTALL_SCRIPT='${INSTALL}'
INSTALL_STRIP_PROGRAM='${SHELL} $(install_sh) -c -s'
LDFLAGS='-L/opt/hildon/lib '
LIBOBJS=''
LIBS=''
LIBTOOL='$(SHELL) $(top_builddir)/libtool'
LN_S='ln -s'
LTLIBOBJS=''
MAINT=''
MAINTAINER_MODE_FALSE='#'
MAINTAINER_MODE_TRUE=''
MAKEINFO='${SHELL} /home/bruce/code/hildon/sapwood/missing --run makeinfo'
NMEDIT=''
OBJEXT='o'
PACKAGE='sapwood'
PACKAGE_BUGREPORT=''
PACKAGE_NAME=''
PACKAGE_STRING=''
PACKAGE_TARNAME=''
PACKAGE_VERSION=''
PATH_SEPARATOR=':'
PKG_CONFIG='/usr/bin/pkg-config'
RANLIB='ranlib'
SED='/bin/sed'
SET_MAKE=''
SHELL='/bin/bash'
STRIP='strip'
VERSION='3.1.1'
ac_ct_CC='gcc'
ac_ct_CXX='g++'
ac_ct_F77=''
am__fastdepCC_FALSE='#'
am__fastdepCC_TRUE=''
am__fastdepCXX_FALSE='#'
am__fastdepCXX_TRUE=''
am__include='include'
am__leading_dot='.'
am__quote=''
bindir='${exec_prefix}/bin'
build='i686-pc-linux-gnu'
build_alias=''
build_cpu='i686'
build_os='linux-gnu'
build_vendor='pc'
datadir='${datarootdir}'
datarootdir='${prefix}/share'
docdir='${datarootdir}/doc/${PACKAGE}'
dvidir='${docdir}'
exec_prefix='${prefix}'
host='i686-pc-linux-gnu'
host_alias=''
host_cpu='i686'
host_os='linux-gnu'
host_vendor='pc'
htmldir='${docdir}'
includedir='${prefix}/include'
infodir='${datarootdir}/info'
install_sh='/home/bruce/code/hildon/sapwood/install-sh'
libdir='${exec_prefix}/lib'
libexecdir='${exec_prefix}/libexec'
localedir='${datarootdir}/locale'
localstatedir='${prefix}/var'
mandir='${datarootdir}/man'
mkdir_p='mkdir -p -- .'
oldincludedir='/usr/include'
pdfdir='${docdir}'
prefix='/opt/hildon'
program_transform_name='s,x,x,'
psdir='${docdir}'
sbindir='${exec_prefix}/sbin'
sharedstatedir='${prefix}/com'
sysconfdir='${prefix}/etc'
target_alias=''

## ----------- ##
## confdefs.h. ##
## ----------- ##

#define PACKAGE_NAME ""
#define PACKAGE_TARNAME ""
#define PACKAGE_VERSION ""
#define PACKAGE_STRING ""
#define PACKAGE_BUGREPORT ""
#define PACKAGE "sapwood"
#define VERSION "3.1.1"
#define HAVE_ABSTRACT_SOCKETS 1
#define STDC_HEADERS 1
#define HAVE_SYS_TYPES_H 1
#define HAVE_SYS_STAT_H 1
#define HAVE_STDLIB_H 1
#define HAVE_STRING_H 1
#define HAVE_MEMORY_H 1
#define HAVE_STRINGS_H 1
#define HAVE_INTTYPES_H 1
#define HAVE_STDINT_H 1
#define HAVE_UNISTD_H 1
#define HAVE_DLFCN_H 1
#define ENABLE_DEBUG

configure: exit 0

## ---------------------- ##
## Running config.status. ##
## ---------------------- ##

This file was extended by config.status, which was
generated by GNU Autoconf 2.61.  Invocation command line was

  CONFIG_FILES    = 
  CONFIG_HEADERS  = 
  CONFIG_LINKS    = 
  CONFIG_COMMANDS = 
  $ ./config.status engine/Makefile depfiles

on bruce-desktop

config.status:676: creating engine/Makefile
config.status:945: executing depfiles commands

## ---------------------- ##
## Running config.status. ##
## ---------------------- ##

This file was extended by config.status, which was
generated by GNU Autoconf 2.61.  Invocation command line was

  CONFIG_FILES    = 
  CONFIG_HEADERS  = 
  CONFIG_LINKS    = 
  CONFIG_COMMANDS = 
  $ ./config.status server/Makefile depfiles

on bruce-desktop

config.status:676: creating server/Makefile
config.status:945: executing depfiles commands

## ---------------------- ##
## Running config.status. ##
## ---------------------- ##

This file was extended by config.status, which was
generated by GNU Autoconf 2.61.  Invocation command line was

  CONFIG_FILES    = 
  CONFIG_HEADERS  = 
  CONFIG_LINKS    = 
  CONFIG_COMMANDS = 
  $ ./config.status tests/Makefile depfiles

on bruce-desktop

config.status:676: creating tests/Makefile
config.status:945: executing depfiles commands

## ---------------------- ##
## Running config.status. ##
## ---------------------- ##

This file was extended by config.status, which was
generated by GNU Autoconf 2.61.  Invocation command line was

  CONFIG_FILES    = 
  CONFIG_HEADERS  = 
  CONFIG_LINKS    = 
  CONFIG_COMMANDS = 
  $ ./config.status demos/Makefile depfiles

on bruce-desktop

config.status:676: creating demos/Makefile
config.status:945: executing depfiles commands
